MPRINT(EM_DIAGRAM):    data _null_;
MPRINT(EM_DIAGRAM):   call symput('NLDATE', strip(put(date(), NLDATE.)));
MPRINT(EM_DIAGRAM):   call symput('NLTIME', strip(put(datetime(), NLTIME.)));
MPRINT(EM_DIAGRAM):   run;
MPRINT(EM_DIAGRAM):   data _null_;
MPRINT(EM_DIAGRAM):   nldate= sasmsg("sashelp.dmine", "log_date_note", 'N', "December 30, 2015" );
MPRINT(EM_DIAGRAM):   nltime= sasmsg("sashelp.dmine", "log_time_note", 'N', "11:40:29" );
MPRINT(EM_DIAGRAM):   put "*------------------------------------------------------------*";
MPRINT(EM_DIAGRAM):   put "* Training Log";
MPRINT(EM_DIAGRAM):   put nldate;
MPRINT(EM_DIAGRAM):   put nltime;
MPRINT(EM_DIAGRAM):   put "*------------------------------------------------------------*";
MPRINT(EM_DIAGRAM):   run;
*------------------------------------------------------------*
* Training Log
Date:                December 30, 2015
Time:                11:40:29
*------------------------------------------------------------*
MPRINT(EM_DIAGRAM):    filename O3LXS58Y "\\Mac\Home\Documents\DataMining\DM-CustomerSegmentation-master\insurance_segmentation\Workspaces\EMWS1\Clus\EMTRAIN.out" encoding="UTF-8" NOBOM;
MPRINT(EM_DIAGRAM):   proc printto print=O3LXS58Y new;
MPRINT(EM_DIAGRAM):   run;
MPRINT(EM_DIAGRAM):    filename _LOG "\\Mac\Home\Documents\DataMining\DM-CustomerSegmentation-master\insurance_segmentation\Workspaces\EMWS1\Clus\EMLOG.log" encoding="UTF-8" NOBOM;
MPRINT(EM_DIAGRAM):    data _null_;
MPRINT(EM_DIAGRAM):   call symput('NLDATE', strip(put(date(), NLDATE.)));
MPRINT(EM_DIAGRAM):   call symput('NLTIME', strip(put(datetime(), NLTIME.)));
MPRINT(EM_DIAGRAM):   run;
MPRINT(EM_DIAGRAM):   data _null_;
MPRINT(EM_DIAGRAM):   nldate= sasmsg("sashelp.dmine", "log_date_note", 'N', "December 30, 2015" );
MPRINT(EM_DIAGRAM):   nltime= sasmsg("sashelp.dmine", "log_time_note", 'N', "11:40:29" );
MPRINT(EM_DIAGRAM):   file _LOG;
MPRINT(EM_DIAGRAM):   put "*------------------------------------------------------------*";
MPRINT(EM_DIAGRAM):   put "User:                raquel";
MPRINT(EM_DIAGRAM):   put nldate;
MPRINT(EM_DIAGRAM):   put nltime;
MPRINT(EM_DIAGRAM):   put "Site:                70107571";
MPRINT(EM_DIAGRAM):   put "Platform:            X64_7PRO";
MPRINT(EM_DIAGRAM):   put "Maintenance Release: 9.03.01M2P081512";
MPRINT(EM_DIAGRAM):   put "EM Version:          12.1";
MPRINT(EM_DIAGRAM):   put "* ";
MPRINT(EM_DIAGRAM):   run;
MPRINT(EM_DIAGRAM):    filename _LOGIN "\\Mac\Home\Documents\DataMining\DM-CustomerSegmentation-master\insurance_segmentation\Workspaces\EMWS1\Clus\EMTRAIN.log" encoding="UTF-8" NOBOM;
MPRINT(EM_COPYFILE):   data _null_;
MPRINT(EM_COPYFILE):   length line $20000;
MPRINT(EM_COPYFILE):   file _LOG MOD lrecl=20000;
MPRINT(EM_COPYFILE):   fid=fopen("_LOGIN",'i',20000,'v');
MPRINT(EM_COPYFILE):   if fid > 0 then do;
MPRINT(EM_COPYFILE):   do while(^fread(fid));
MPRINT(EM_COPYFILE):   rlen = frlen(fid);
MPRINT(EM_COPYFILE):   rc= fget(fid,line,20000);
MPRINT(EM_COPYFILE):   start = length(line)-length(left(line))+1;
MPRINT(EM_COPYFILE):   line=strip(line);
MPRINT(EM_COPYFILE):   put @start line;
MPRINT(EM_COPYFILE):   end;
MPRINT(EM_COPYFILE):   if fid > 0 then rc=fclose(fid);
MPRINT(EM_COPYFILE):   end;
MPRINT(EM_COPYFILE):   run;
MPRINT(EM_DIAGRAM):  ;
MPRINT(EM_DIAGRAM):   filename _LOGIN;
MPRINT(EM_DIAGRAM):    data _null_;
MPRINT(EM_DIAGRAM):   file _LOG mod;
MPRINT(EM_DIAGRAM):   put _page_;
MPRINT(EM_DIAGRAM):   run;
MPRINT(EM_DIAGRAM):   filename _LOGIN "\\Mac\Home\Documents\DataMining\DM-CustomerSegmentation-master\insurance_segmentation\Workspaces\EMWS1\Clus\EMSCORE.log" encoding="UTF-8" NOBOM;
MPRINT(EM_DIAGRAM):  ;
MPRINT(EM_DIAGRAM):   data _null_;
MPRINT(EM_DIAGRAM):   file _LOG mod;
MPRINT(EM_DIAGRAM):   put _page_;
MPRINT(EM_DIAGRAM):   run;
MPRINT(EM_DIAGRAM):    filename _LOGIN "\\Mac\Home\Documents\DataMining\DM-CustomerSegmentation-master\insurance_segmentation\Workspaces\EMWS1\Clus\EMREPORT.log" encoding="UTF-8" NOBOM;
MPRINT(EM_DIAGRAM):  ;
MPRINT(EM_DIAGRAM):   filename _LOGIN;
MPRINT(EM_DIAGRAM):    filename _LOG;
MPRINT(EM_DIAGRAM):    filename _OUT "\\Mac\Home\Documents\DataMining\DM-CustomerSegmentation-master\insurance_segmentation\Workspaces\EMWS1\Clus\EMOUTPUT.out" encoding="UTF-8" NOBOM;
MPRINT(EM_DIAGRAM):    data _null_;
MPRINT(EM_DIAGRAM):   call symput('NLDATE', strip(put(date(), NLDATE.)));
MPRINT(EM_DIAGRAM):   call symput('NLTIME', strip(put(datetime(), NLTIME.)));
MPRINT(EM_DIAGRAM):   run;
MPRINT(EM_DIAGRAM):   data _null_;
MPRINT(EM_DIAGRAM):   nldate= sasmsg("sashelp.dmine", "log_date_note", 'N', "December 30, 2015" );
MPRINT(EM_DIAGRAM):   nltime= sasmsg("sashelp.dmine", "log_time_note", 'N', "11:40:29" );
MPRINT(EM_DIAGRAM):   file _OUT;
MPRINT(EM_DIAGRAM):   put "*------------------------------------------------------------*";
MPRINT(EM_DIAGRAM):   put "User:                raquel";
MPRINT(EM_DIAGRAM):   put nldate;
MPRINT(EM_DIAGRAM):   put nltime;
MPRINT(EM_DIAGRAM):   put "*------------------------------------------------------------*";
MPRINT(EM_DIAGRAM):   put "* Training Output";
MPRINT(EM_DIAGRAM):   put "*------------------------------------------------------------*";
MPRINT(EM_DIAGRAM):   run;
MPRINT(EM_DIAGRAM):    filename _OUTIN "\\Mac\Home\Documents\DataMining\DM-CustomerSegmentation-master\insurance_segmentation\Workspaces\EMWS1\Clus\EMTRAIN.out" encoding="UTF-8" NOBOM;
MPRINT(EM_DIAGRAM):   ;
MPRINT(EM_COPYFILE):   data _null_;
MPRINT(EM_COPYFILE):   length line $20000;
MPRINT(EM_COPYFILE):   file _OUT MOD lrecl=20000;
MPRINT(EM_COPYFILE):   fid=fopen("_OUTIN",'i',20000,'v');
MPRINT(EM_COPYFILE):   if fid > 0 then do;
MPRINT(EM_COPYFILE):   do while(^fread(fid));
MPRINT(EM_COPYFILE):   rlen = frlen(fid);
MPRINT(EM_COPYFILE):   rc= fget(fid,line,20000);
MPRINT(EM_COPYFILE):   start = length(line)-length(left(line))+1;
MPRINT(EM_COPYFILE):   line=strip(line);
MPRINT(EM_COPYFILE):   put @start line;
MPRINT(EM_COPYFILE):   end;
MPRINT(EM_COPYFILE):   if fid > 0 then rc=fclose(fid);
MPRINT(EM_COPYFILE):   end;
MPRINT(EM_COPYFILE):   run;
MPRINT(EM_DIAGRAM):  ;
MPRINT(EM_DIAGRAM):   filename _OUTIN;
MPRINT(EM_DIAGRAM):    data _null_;
MPRINT(EM_DIAGRAM):   file _OUT mod;
MPRINT(EM_DIAGRAM):   put _page_;
MPRINT(EM_DIAGRAM):   put // "*------------------------------------------------------------*";
MPRINT(EM_DIAGRAM):   put "* Score Output";
MPRINT(EM_DIAGRAM):   put "*------------------------------------------------------------*";
MPRINT(EM_DIAGRAM):   run;
MPRINT(EM_DIAGRAM):    filename _OUTIN "\\Mac\Home\Documents\DataMining\DM-CustomerSegmentation-master\insurance_segmentation\Workspaces\EMWS1\Clus\EMSCORE.out" encoding="UTF-8" NOBOM;
MPRINT(EM_DIAGRAM):  ;
MPRINT(EM_DIAGRAM):   filename _OUTIN;
MPRINT(EM_DIAGRAM):    data _null_;
MPRINT(EM_DIAGRAM):   file _OUT mod;
MPRINT(EM_DIAGRAM):   put _page_;
MPRINT(EM_DIAGRAM):   put // "*------------------------------------------------------------*";
MPRINT(EM_DIAGRAM):   put "* Report Output";
MPRINT(EM_DIAGRAM):   put "*------------------------------------------------------------*";
MPRINT(EM_DIAGRAM):   run;
MPRINT(EM_DIAGRAM):    filename _OUTIN "\\Mac\Home\Documents\DataMining\DM-CustomerSegmentation-master\insurance_segmentation\Workspaces\EMWS1\Clus\EMREPORT.out" encoding="UTF-8" NOBOM;
MPRINT(EM_DIAGRAM):  ;
MPRINT(EM_DIAGRAM):   filename _OUTIN;
MPRINT(EM_DIAGRAM):    filename _OUT;
MPRINT(EM_DIAGRAM):    filename _emtool_ '\\Mac\Home\Documents\DataMining\DM-CustomerSegmentation-master\insurance_segmentation\Workspaces\EMWS1\Clus\EMRUNSTATUS.xml' encoding="UTF-8" NOBOM;
20924      proc freq data=EMWS1.Clus_VariableSet noprint;
MPRINT(EM_DIAGRAM):    proc freq data=EMWS1.Clus_VariableSet noprint;
20925      table ROLE*LEVEL/out=WORK.ClusMETA;
MPRINT(EM_DIAGRAM):   table ROLE*LEVEL/out=WORK.ClusMETA;
20926      run;
MPRINT(EM_DIAGRAM):   run;

NOTE: There were 19 observations read from the data set EMWS1.CLUS_VARIABLESET.
NOTE: The data set WORK.CLUSMETA has 6 observations and 4 variables.
NOTE: PROCEDURE FREQ used (Total process time):
      real time           0.01 seconds
      cpu time            0.01 seconds
      

20927      proc print data=WORK.ClusMETA label noobs;
MPRINT(EM_DIAGRAM):   proc print data=WORK.ClusMETA label noobs;
20928      var ROLE LEVEL COUNT;
MPRINT(EM_DIAGRAM):   var ROLE LEVEL COUNT;
20929      label ROLE = "%sysfunc(sasmsg(sashelp.dmine, meta_role_vlabel, NOQUOTE))" LEVEL = "%sysfunc(sasmsg(sashelp.dmine, meta_level_vlabel, NOQUOTE))" COUNT = "%sysfunc(sasmsg(sashelp.dmine, rpt_count_vlabel, NOQUOTE))";
MPRINT(EM_DIAGRAM):   label ROLE = "Role" LEVEL = "Measurement Level" COUNT = "Frequency Count";
20930      title9 ' ';
MPRINT(EM_DIAGRAM):   title9 ' ';
20931      title10 "%sysfunc(sasmsg(sashelp.dmine, rpt_varSummary_title  , NOQUOTE))";
MPRINT(EM_DIAGRAM):   title10 "Variable Summary";
MPRINT(EM_DIAGRAM):   run;
20932      run;

NOTE: There were 6 observations read from the data set WORK.CLUSMETA.
NOTE: The PROCEDURE PRINT printed page 1.
NOTE: PROCEDURE PRINT used (Total process time):
      real time           0.00 seconds
      cpu time            0.00 seconds
      

20933      title10;
MPRINT(EM_DIAGRAM):   title10;
20934      data WORK.M3PM4M2Y;
MPRINT(EM_DIAGRAM):    data WORK.M3PM4M2Y;
20935      set WORK.M3PM4M2Y;
MPRINT(EM_DIAGRAM):   set WORK.M3PM4M2Y;
20936      if role eq 'REJECTED' then role = 'INPUT';
MPRINT(EM_DIAGRAM):   if role eq 'REJECTED' then role = 'INPUT';
20937      run;
MPRINT(EM_DIAGRAM):   run;

NOTE: There were 9 observations read from the data set WORK.M3PM4M2Y.
NOTE: The data set WORK.M3PM4M2Y has 9 observations and 21 variables.
NOTE: DATA statement used (Total process time):
      real time           0.01 seconds
      cpu time            0.01 seconds
      

MPRINT(EM_DIAGRAM):    *------------------------------------------------------------*;
MPRINT(EM_DIAGRAM):   * Clus: Preparing metadata for training;
MPRINT(EM_DIAGRAM):   ;
MPRINT(EM_DIAGRAM):   *------------------------------------------------------------*;
MPRINT(EM_DIAGRAM):   data WORK.M3PM4M2Y;
MPRINT(EM_DIAGRAM):   set WORK.M3PM4M2Y;
MPRINT(EM_DIAGRAM):   if role eq 'REJECTED' then role = 'INPUT';
MPRINT(EM_DIAGRAM):   run;
20946      *------------------------------------------------------------*;
MPRINT(EM_DIAGRAM):    *------------------------------------------------------------*;
20947      * Clus: Training;
MPRINT(EM_DIAGRAM):   * Clus: Training;
20948      *------------------------------------------------------------*;
MPRINT(EM_DIAGRAM):   *------------------------------------------------------------*;
20949      *------------------------------------------------------------* ;
MPRINT(EM_DIAGRAM):   *------------------------------------------------------------* ;
20950      * Clus: DMDBClass Macro ;
MPRINT(EM_DIAGRAM):   * Clus: DMDBClass Macro ;
20951      *------------------------------------------------------------* ;
MPRINT(EM_DIAGRAM):   *------------------------------------------------------------* ;
20952      %macro DMDBClass;
20953          IMP_EducationalDegree(ASC) IMP_GeographicLiving(ASC) IMP_HasChildren(ASC)
20954      %mend DMDBClass;
20955      *------------------------------------------------------------* ;
MPRINT(EM_DIAGRAM):   *------------------------------------------------------------* ;
20956      * Clus: DMDBVar Macro ;
MPRINT(EM_DIAGRAM):   * Clus: DMDBVar Macro ;
20957      *------------------------------------------------------------* ;
MPRINT(EM_DIAGRAM):   *------------------------------------------------------------* ;
20958      %macro DMDBVar;
20959          CustomerMonetaryValue IMP_GrossMonthlySalary IMP_REP_CustomerAge
20960         IMP_REP_FirstPolicyYear LOYALTY TOTAL_PREMIUM
20961      %mend DMDBVar;
20962      *------------------------------------------------------------*;
MPRINT(EM_DIAGRAM):   *------------------------------------------------------------*;
20963      * Clus: Create DMDB;
MPRINT(EM_DIAGRAM):   * Clus: Create DMDB;
20964      *------------------------------------------------------------*;
MPRINT(EM_DIAGRAM):   *------------------------------------------------------------*;
20965      proc dmdb batch data=EMWS1.Filter_TRAIN
20966      dmdbcat=WORK.Clus_DMDB
20967      maxlevel = 513
20968      out=WORK.Clus_DMDB
20969      ;
MPRINT(EM_DIAGRAM):   proc dmdb batch data=EMWS1.Filter_TRAIN dmdbcat=WORK.Clus_DMDB maxlevel = 513 out=WORK.Clus_DMDB ;
MPRINT(EM_DIAGRAM):   class
20970      class %DMDBClass;
MPRINT(DMDBCLASS):   IMP_EducationalDegree(ASC) IMP_GeographicLiving(ASC) IMP_HasChildren(ASC)
MPRINT(EM_DIAGRAM):  ;
MPRINT(EM_DIAGRAM):   var
20971      var %DMDBVar;
MPRINT(DMDBVAR):   CustomerMonetaryValue IMP_GrossMonthlySalary IMP_REP_CustomerAge IMP_REP_FirstPolicyYear LOYALTY TOTAL_PREMIUM
MPRINT(EM_DIAGRAM):  ;
20972      run;
MPRINT(EM_DIAGRAM):   run;

NOTE: Variable IMP_FirstPolicyYear is uninitialized.
NOTE: Variable _WARN_ is uninitialized.
NOTE: Records processed = 9791   Memory used = 511K.
NOTE: There were 10296 observations read from the data set INSPROJF.A2ZINSURANCE.
NOTE: There were 10296 observations read from the data set EMWS1.IDS_DATA.
NOTE: There were 10296 observations read from the data set EMWS1.REPL_TRAIN.
NOTE: Missing values were generated as a result of performing an operation on missing values.
      Each place is given by: (Number of times) at (Line):(Column).
      10296 at 116672:24   
NOTE: There were 10296 observations read from the data set EMWS1.IMPT_TRAIN.
NOTE: View EMWS1.FILTER_TRAIN.VIEW used (Total process time):
      real time           0.31 seconds
      cpu time            0.21 seconds
      
NOTE: There were 10296 observations read from the data set EMWS1.TRANS_TRAIN.
NOTE: There were 9791 observations read from the data set EMWS1.FILTER_TRAIN.
NOTE: The data set WORK.CLUS_DMDB has 9791 observations and 9 variables.
NOTE: PROCEDURE DMDB used (Total process time):
      real time           0.34 seconds
      cpu time            0.23 seconds
      

MPRINT(EM_DIAGRAM):   quit;
MPRINT(EM_DIAGRAM):   *--- end code ---*;
20973      quit;
20974      *--- end code ---*;

20975      *------------------------------------------------------------* ;
MPRINT(EM_DIAGRAM):    *------------------------------------------------------------* ;
20976      * Clus: Interval Inputs Macro ;
MPRINT(EM_DIAGRAM):   * Clus: Interval Inputs Macro ;
20977      *------------------------------------------------------------* ;
MPRINT(EM_DIAGRAM):   *------------------------------------------------------------* ;
20978      %macro DMVQINTERVAL;
20979          CustomerMonetaryValue IMP_GrossMonthlySalary IMP_REP_CustomerAge
20980         IMP_REP_FirstPolicyYear LOYALTY TOTAL_PREMIUM
20981      %mend DMVQINTERVAL;
20982      *------------------------------------------------------------* ;
MPRINT(EM_DIAGRAM):   *------------------------------------------------------------* ;
20983      * Clus: Nominal Inputs Macro ;
MPRINT(EM_DIAGRAM):   * Clus: Nominal Inputs Macro ;
20984      *------------------------------------------------------------* ;
MPRINT(EM_DIAGRAM):   *------------------------------------------------------------* ;
20985      %macro DMVQNOMINAL;
20986          IMP_GeographicLiving IMP_HasChildren
20987      %mend DMVQNOMINAL;
20988      *------------------------------------------------------------* ;
MPRINT(EM_DIAGRAM):   *------------------------------------------------------------* ;
20989      * Clus: Ordinal Inputs Macro ;
MPRINT(EM_DIAGRAM):   * Clus: Ordinal Inputs Macro ;
20990      *------------------------------------------------------------* ;
MPRINT(EM_DIAGRAM):   *------------------------------------------------------------* ;
20991      %macro DMVQORDINAL;
20992          IMP_EducationalDegree
20993      %mend DMVQORDINAL;
20994      *------------------------------------------------------------*;
MPRINT(EM_DIAGRAM):   *------------------------------------------------------------*;
20995      * Clus: Run DMVQ procedure;
MPRINT(EM_DIAGRAM):   * Clus: Run DMVQ procedure;
20996      *------------------------------------------------------------*;
MPRINT(EM_DIAGRAM):   *------------------------------------------------------------*;
20997      title;
MPRINT(EM_DIAGRAM):   title;
20998      options nodate;
MPRINT(EM_DIAGRAM):   options nodate;
20999      proc dmvq data=WORK.Clus_DMDB dmdbcat=WORK.Clus_DMDB std=STD nominal=GLM ordinal=RANK
21000      ;
MPRINT(EM_DIAGRAM):   proc dmvq data=WORK.Clus_DMDB dmdbcat=WORK.Clus_DMDB std=STD nominal=GLM ordinal=RANK ;
NOTE: The training set WORK.CLUS_DMDB.DATA has 9 variable(s).
NOTE: The DMVQ statement has finished with return code=0 and status=begin.
MPRINT(EM_DIAGRAM):   input
21001      input %DMVQINTERVAL / level=interval;
MPRINT(DMVQINTERVAL):   CustomerMonetaryValue IMP_GrossMonthlySalary IMP_REP_CustomerAge IMP_REP_FirstPolicyYear LOYALTY TOTAL_PREMIUM
MPRINT(EM_DIAGRAM):   / level=interval;
NOTE: 6 input variable(s) defined for ID=I1.
NOTE: The INPUT statement has finished with return code=0 and status=variables.
MPRINT(EM_DIAGRAM):   input
21002      input %DMVQNOMINAL / level=nominal;
MPRINT(DMVQNOMINAL):   IMP_GeographicLiving IMP_HasChildren
MPRINT(EM_DIAGRAM):   / level=nominal;
NOTE: 2 input variable(s) defined for ID=I2.
NOTE: The INPUT statement has finished with return code=0 and status=variables.
MPRINT(EM_DIAGRAM):   input
21003      input %DMVQORDINAL / level=ordinal;
MPRINT(DMVQORDINAL):   IMP_EducationalDegree
MPRINT(EM_DIAGRAM):   / level=ordinal;
NOTE: 1 input variable(s) defined for ID=I3.
NOTE: The INPUT statement has finished with return code=0 and status=variables.
21004      VQ maxc = 4 clusname=_SEGMENT_ CLUSLABEL="Segment Id" DISTLABEL="Distance";
MPRINT(EM_DIAGRAM):   VQ maxc = 4 clusname=_SEGMENT_ CLUSLABEL="Segment Id" DISTLABEL="Distance";
NOTE: A maximum of 4 clusters have been requested.
NOTE: The VQ statement has finished with return code=0 and status=architecture.
21005      MAKE outvar=EMWS1.Clus_OUTVAR;
MPRINT(EM_DIAGRAM):   MAKE outvar=EMWS1.Clus_OUTVAR;
WARNING: Variable LOYALTY is omitted from the analysis because it contains no usable data.

NOTE: 9 input variable(s).
NOTE: Number of cases=9791
NOTE: Sum of frequencies=9791
NOTE: Sum of weights=9791
NOTE: VARDEF=DF      
NOTE: Maximum number of categories=4
NOTE: The total number of variables is 9 with dimensionality 12.
NOTE: 8 variables will be used for clustering.
NOTE: Open output data set EMWS1.CLUS_OUTVAR.DATA with 14 variables.
NOTE: The data set EMWS1.CLUS_OUTVAR has 4 observations and 14 variables.
NOTE: The MAKE statement has finished with return code=0 and status=made.
21006      INITIAL radius=0
21007      initial=PRINCOMP
21008      ;
MPRINT(EM_DIAGRAM):   INITIAL radius=0 initial=PRINCOMP ;
NOTE: 4 seeds were selected from data set WORK.CLUS_DMDB.DATA using the PRINCOMP algorithm.
NOTE: The INITIAL statement has finished with return code=0 and status=initialized.
21009      TRAIN tech=FORGY
21010      ;
MPRINT(EM_DIAGRAM):   TRAIN tech=FORGY ;
NOTE: F-Convergence criterion is satisfied.
NOTE: The TRAIN statement has finished with return code=0 and status=trained.
21011      SAVE outstat=EMWS1.Clus_OUTSTAT outmean=EMWS1.Clus_OUTMEAN;
MPRINT(EM_DIAGRAM):   SAVE outstat=EMWS1.Clus_OUTSTAT outmean=EMWS1.Clus_OUTMEAN;
NOTE: The data set EMWS1.CLUS_OUTSTAT has 40 observations and 15 variables.
NOTE: The data set EMWS1.CLUS_OUTMEAN has 4 observations and 21 variables.
NOTE: The SAVE statement has finished with return code=0 and status=statistics.
21012      code file="\\Mac\Home\Documents\DataMining\DM-CustomerSegmentation-master\insurance_segmentation\Workspaces\EMWS1\Clus\DMVQSCORECODE.sas"
21013      group=Clus
21014      ;
MPRINT(EM_DIAGRAM):   code file="\\Mac\Home\Documents\DataMining\DM-CustomerSegmentation-master\insurance_segmentation\Workspaces\EMWS1\Clus\DMVQSCORECODE.sas" group=Clus ;
NOTE: External file \\Mac\Home\Documents\DataMining\DM-CustomerSegmentation-master\insurance_segmentation\Workspaces\EMWS1\Clus\DMVQSCORECODE.sas opened.
NOTE: The CODE statement has finished with return code=0 and status=statistics.
21015      run;
MPRINT(EM_DIAGRAM):   run;

21016      quit;
MPRINT(EM_DIAGRAM):   quit;

NOTE: There were 9791 observations read from the data set WORK.CLUS_DMDB.
NOTE: PROCEDURE DMVQ used (Total process time):
      real time           0.09 seconds
      cpu time            0.03 seconds
      

21017      libname _spdslib;
MPRINT(EM_DIAGRAM):    libname _spdslib;
WARNING: Libname _SPDSLIB is not assigned.
21018      *------------------------------------------------------------*;
MPRINT(EM_DIAGRAM):    *------------------------------------------------------------*;
21019      * Clus: Cluster Label;
MPRINT(EM_DIAGRAM):   * Clus: Cluster Label;
21020      *------------------------------------------------------------*;
MPRINT(EM_DIAGRAM):   *------------------------------------------------------------*;
21021      data EMWS1.Clus_LABEL;
MPRINT(EM_DIAGRAM):   data EMWS1.Clus_LABEL;
21022      length _SEGMENT_ 8 Label $80;
MPRINT(EM_DIAGRAM):   length _SEGMENT_ 8 Label $80;
21023      format _SEGMENT_ 4.;
MPRINT(EM_DIAGRAM):   format _SEGMENT_ 4.;
21024      label _SEGMENT_ = "%sysfunc(sasmsg(sashelp.dmine, rpt_segmentName_vlabel,  NOQUOTE))";
MPRINT(EM_DIAGRAM):   label _SEGMENT_ = "Segment Name";
21025      label Label = "%sysfunc(sasmsg(sashelp.dmine, rpt_segmentLabel_vlabel,  NOQUOTE))";
MPRINT(EM_DIAGRAM):   label Label = "Segment Label";
21026      _SEGMENT_= 1;
MPRINT(EM_DIAGRAM):   _SEGMENT_= 1;
21027      Label='Cluster1';
MPRINT(EM_DIAGRAM):   Label='Cluster1';
21028      output;
MPRINT(EM_DIAGRAM):   output;
21029      _SEGMENT_= 2;
MPRINT(EM_DIAGRAM):   _SEGMENT_= 2;
21030      Label='Cluster2';
MPRINT(EM_DIAGRAM):   Label='Cluster2';
21031      output;
MPRINT(EM_DIAGRAM):   output;
21032      _SEGMENT_= 3;
MPRINT(EM_DIAGRAM):   _SEGMENT_= 3;
21033      Label='Cluster3';
MPRINT(EM_DIAGRAM):   Label='Cluster3';
21034      output;
MPRINT(EM_DIAGRAM):   output;
21035      _SEGMENT_= 4;
MPRINT(EM_DIAGRAM):   _SEGMENT_= 4;
21036      Label='Cluster4';
MPRINT(EM_DIAGRAM):   Label='Cluster4';
21037      output;
MPRINT(EM_DIAGRAM):   output;
21038      run;
MPRINT(EM_DIAGRAM):   run;

NOTE: The data set EMWS1.CLUS_LABEL has 4 observations and 2 variables.
NOTE: DATA statement used (Total process time):
      real time           0.00 seconds
      cpu time            0.00 seconds
      

MPRINT(EM_DIAGRAM):    proc printto;
MPRINT(EM_DIAGRAM):   run;
