MPRINT(EM_DIAGRAM):    data _null_;
MPRINT(EM_DIAGRAM):   call symput('NLDATE', strip(put(date(), NLDATE.)));
MPRINT(EM_DIAGRAM):   call symput('NLTIME', strip(put(datetime(), NLTIME.)));
MPRINT(EM_DIAGRAM):   run;
MPRINT(EM_DIAGRAM):   data _null_;
MPRINT(EM_DIAGRAM):   nldate= sasmsg("sashelp.dmine", "log_date_note", 'N', "December 30, 2015" );
MPRINT(EM_DIAGRAM):   nltime= sasmsg("sashelp.dmine", "log_time_note", 'N', "15:29:09" );
MPRINT(EM_DIAGRAM):   put "*------------------------------------------------------------*";
MPRINT(EM_DIAGRAM):   put "* Score Log";
MPRINT(EM_DIAGRAM):   put nldate;
MPRINT(EM_DIAGRAM):   put nltime;
MPRINT(EM_DIAGRAM):   put "*------------------------------------------------------------*";
MPRINT(EM_DIAGRAM):   run;
*------------------------------------------------------------*
* Score Log
Date:                December 30, 2015
Time:                15:29:09
*------------------------------------------------------------*
MPRINT(EM_DIAGRAM):    filename O3IOP3DR "C:\Users\D059331\Desktop\DM_Insurance_segmentation\insurance_segmentation\Workspaces\EMWS1\SOM\EMSCORE.out" encoding="UTF-8" NOBOM;
MPRINT(EM_DIAGRAM):   proc printto print=O3IOP3DR new;
MPRINT(EM_DIAGRAM):   run;
22161      %let EMEXCEPTIONSTRING=;
22162      *------------------------------------------------------------*;
MPRINT(EM_DIAGRAM):    *------------------------------------------------------------*;
22163      * SCORE: SOM;
MPRINT(EM_DIAGRAM):   * SCORE: SOM;
22164      *------------------------------------------------------------*;
MPRINT(EM_DIAGRAM):   *------------------------------------------------------------*;
22165      %let EM_ACTION = SCORE;
22166      %let syscc = 0;
22167      %macro main;
22168         filename temp catalog 'sashelp.emexpl.som_macros.source';
22169         %include temp;
22170         filename temp;
22171      
22172         %SetProperties;
22173      
22174         %if %upcase(&EM_ACTION) = CREATE %then %do;
22175      
22176             filename temp catalog 'sashelp.emexpl.som_create.source';
22177             %include temp;
22178             filename temp;
22179             %create;
22180         %end;
22181         %else
22182         %if %upcase(&EM_ACTION) = TRAIN %then %do;
22183      
22184             filename temp catalog 'sashelp.emexpl.som_train.source';
22185             %include temp;
22186             filename temp;
22187             %train;
22188         %end;
22189         %else
22190         %if %upcase(&EM_ACTION) = SCORE %then %do;
22191      
22192             filename temp catalog 'sashelp.emexpl.som_score.source';
22193             %include temp;
22194             filename temp;
22195      
22196             %score;
22197         %end;
22198      
22199      %mend main;
22200      %main;
MPRINT(EM_DIAGRAM):    
MPRINT(MAIN):   filename temp catalog 'sashelp.emexpl.som_macros.source';
NOTE: %INCLUDE (level 1) file TEMP is file SASHELP.EMEXPL.SOM_MACROS.SOURCE.
22201     +%macro SetProperties;
22202     +   %em_checkmacro(name=EM_PROPERTY_METHOD,      global=Y, value=BATCHSOM);
22203     +   %em_checkmacro(name=EM_PROPERTY_SEGMENTROLE, global=Y, value=SEGMENT);
22204     +   %em_checkmacro(name=EM_PROPERTY_STDMETHOD,   global=Y, value=NONE);
22205     +   %em_checkmacro(name=EM_PROPERTY_METHOD,      global=Y, value=BATCHSOM);
22206     +   %em_checkmacro(name=EM_PROPERTY_MAXC,        global=Y, value=10);
22207     +   %em_checkmacro(name=EM_PROPERTY_NROW,        global=Y, value=4);
22208     +   %em_checkmacro(name=EM_PROPERTY_NCOLUMN,     global=Y, value=6);
22209     +   %em_checkmacro(name=EM_PROPERTY_RADIUS,      global=Y, value=0);
22210     +   %em_checkmacro(name=EM_PROPERTY_INITIALMETHOD,    global=Y, value=DEFAULT);
22211     +   %em_checkmacro(name=EM_PROPERTY_NOMINALENCODING,  global=Y, value=DEFAULT);
22212     +   %em_checkmacro(name=EM_PROPERTY_ORDINALENCODING,  global=Y, value=DEFAULT);
22213     +   %em_checkmacro(name=EM_PROPERTY_IMPUTATIONMETHOD,    global=Y, value=NONE);
22214     +   %em_checkmacro(name=EM_PROPERTY_MISSINGINTERVAL,     global=Y, value=DEFAULT);
22215     +   %em_checkmacro(name=EM_PROPERTY_MISSINGNOMINAL,      global=Y, value=DEFAULT);
22216     +   %em_checkmacro(name=EM_PROPERTY_MISSINGORDINAL,      global=Y, value=DEFAULT);
22217     +   %em_checkmacro(name=EM_PROPERTY_HIDEVARIABLE,        global=Y, value=Y);
22218     +   %em_checkmacro(name=EM_PROPERTY_SOMDEFAULTS,         global=Y, value=Y);
22219     +   %em_checkmacro(name=EM_PROPERTY_LLSOM,               global=Y, value=Y);
22220     +   %em_checkmacro(name=EM_PROPERTY_NWSOM,               global=Y, value=Y);
22221     +   %em_checkmacro(name=EM_PROPERTY_LLCONVERGE,          global=Y, value=0.0001);
22222     +   %em_checkmacro(name=EM_PROPERTY_LLMAXITER,           global=Y, value=10);
22223     +   %em_checkmacro(name=EM_PROPERTY_NWCONVERGE,          global=Y, value=0.0001);
22224     +   %em_checkmacro(name=EM_PROPERTY_NWMAXITER,           global=Y, value=10);
22225     +   %em_checkmacro(name=EM_PROPERTY_NDEFAULTS,           global=Y, value=Y);
22226     +   %em_checkmacro(name=EM_PROPERTY_NSIZE,               global=Y, value=5);
22227     +   %em_checkmacro(name=EM_PROPERTY_KERNEL,              global=Y, value=1);
22228     +   %em_checkmacro(name=EM_PROPERTY_KMETRIC,             global=Y, value=0);
22229     +   %em_checkmacro(name=EM_PROPERTY_NINITIAL,            global=Y, value=5);
22230     +   %em_checkmacro(name=EM_PROPERTY_NFINAL,              global=Y, value=0);
22231     +   %em_checkmacro(name=EM_PROPERTY_NRESET,              global=Y, value=100);
22232     +   %em_checkmacro(name=EM_PROPERTY_NSTEPS,              global=Y, value=1000);
22233     +   %em_checkmacro(name=EM_PROPERTY_NITER,               global=Y, value=3);
22234     +   %em_checkmacro(name=EM_PROPERTY_KDEFAULTS,           global=Y, value=Y);
22235     +   %em_checkmacro(name=EM_PROPERTY_KBATCH,              global=Y, value=N);
22236     +   %em_checkmacro(name=EM_PROPERTY_LEARN,               global=Y, value=0.9);
22237     +   %em_checkmacro(name=EM_PROPERTY_LEARNINITIAL,        global=Y, value=0.9);
22238     +   %em_checkmacro(name=EM_PROPERTY_LEARNFINAL,          global=Y, value=0.2);
22239     +   %em_checkmacro(name=EM_PROPERTY_LEARNSTEPS,          global=Y, value=1000);
22240     +   %em_checkmacro(name=EM_PROPERTY_KMAXSTEPS,           global=Y, value=1200);
22241     +   %em_checkmacro(name=EM_PROPERTY_KMAXITER,            global=Y, value=100);
22242     +   %em_checkmacro(name=EM_PROPERTY_KCONVERGE,           global=Y, value=0.0001);
22243     +   %em_checkmacro(name=EM_PROPERTY_EXPORTEDVARS,        global=Y, value=All);
22245     +%mend SetProperties;
NOTE: %INCLUDE (level 1) ending.
MPRINT(MAIN):   filename temp;
NOTE: Fileref TEMP has been deassigned.
MPRINT(SETPROPERTIES):  ;
MPRINT(SETPROPERTIES):  ;
MPRINT(SETPROPERTIES):  ;
MPRINT(SETPROPERTIES):  ;
MPRINT(SETPROPERTIES):  ;
MPRINT(SETPROPERTIES):  ;
MPRINT(SETPROPERTIES):  ;
MPRINT(SETPROPERTIES):  ;
MPRINT(SETPROPERTIES):  ;
MPRINT(SETPROPERTIES):  ;
MPRINT(SETPROPERTIES):  ;
MPRINT(SETPROPERTIES):  ;
MPRINT(SETPROPERTIES):  ;
MPRINT(SETPROPERTIES):  ;
MPRINT(SETPROPERTIES):  ;
MPRINT(SETPROPERTIES):  ;
MPRINT(SETPROPERTIES):  ;
MPRINT(SETPROPERTIES):  ;
MPRINT(SETPROPERTIES):  ;
MPRINT(SETPROPERTIES):  ;
MPRINT(SETPROPERTIES):  ;
MPRINT(SETPROPERTIES):  ;
MPRINT(SETPROPERTIES):  ;
MPRINT(SETPROPERTIES):  ;
MPRINT(SETPROPERTIES):  ;
MPRINT(SETPROPERTIES):  ;
MPRINT(SETPROPERTIES):  ;
MPRINT(SETPROPERTIES):  ;
MPRINT(SETPROPERTIES):  ;
MPRINT(SETPROPERTIES):  ;
MPRINT(SETPROPERTIES):  ;
MPRINT(SETPROPERTIES):  ;
MPRINT(SETPROPERTIES):  ;
MPRINT(SETPROPERTIES):  ;
MPRINT(SETPROPERTIES):  ;
MPRINT(SETPROPERTIES):  ;
MPRINT(SETPROPERTIES):  ;
MPRINT(SETPROPERTIES):  ;
MPRINT(SETPROPERTIES):  ;
MPRINT(SETPROPERTIES):  ;
MPRINT(SETPROPERTIES):  ;
MPRINT(SETPROPERTIES):  ;
MPRINT(MAIN):  ;
MPRINT(MAIN):   filename temp catalog 'sashelp.emexpl.som_score.source';
NOTE: %INCLUDE (level 1) file TEMP is file SASHELP.EMEXPL.SOM_SCORE.SOURCE.
22247     +%macro score;
22248     +     %em_GETNAME(key=OUTVAR, type=DATA);
22249     +
22250     +     %if ("&em_user_OUTVAR" eq "") or ("&EM_FILE_CDELTA_TRAIN" eq "") %then %do;
22251     +         %put Error:  OUTVAR data or file name not specified.  Cannot build delta code.;
22252     +         %goto doends;
22253     +     %end;
22254     +
22255     +     %if %upcase(&EM_PROPERTY_IMPUTATIONMETHOD) ne NONE %then %do;
22256     +         data _null_;
22257     +            dsid = open("&em_user_OUTVAR");
22258     +            if dsid then do;
22259     +               firstvar = varname(dsid, 2);
22260     +               call symput('FIRSTVAR', firstvar);
22261     +               lastvar  = varname(dsid, attrn(dsid, 'NVARS'));
22262     +               call symput('LASTVAR', lastvar);
22263     +               dsid = close(dsid);
22264     +            end;
22265     +         run;
22266     +         proc transpose data=&em_user_OUTVAR out=som_temp(rename=(COl2=NAME) where=(COL1='IMPUTED'));
22267     +            VAR &firstvar--&lastvar;
22268     +            where _TYPE_ in('TYPE' 'VARIABLE');
22269     +         run;
22270     +         proc sort data=som_temp;
22271     +            by NAME;
22272     +         run;
22273     +         proc sort data=&EM_DATA_VARIABLESET(KEEP=NAME ROLE LEVEL) out=som_temp2;
22274     +            by NAME;
22275     +         run;
22276     +         data som_temp;
22277     +            merge som_temp(in=INVAR) som_temp2;
22278     +            by NAME;
22279     +            if INVAR then output;
22280     +         run;
22281     +     %end;
22282     +
22283     +     filename X "&EM_FILE_CDELTA_TRAIN";
22284     +
22285     +     data _null_;
22286     +        FILE X;
22287     +        if _N_=1 then do;
22288     +           put "select(UPCASE(NAME));";
22289     +           put "when('SEGMENT') do;";
22290     +           put 'ROLE = "&EM_PROPERTY_SEGMENTROLE"; LEVEL = "NOMINAL";';
22291     +           put "end;";
22292     +           %if (%upcase(&EM_PROPERTY_EXPORTEDVARS) ne DIMENSIONS) %then %do;
22293     +               put "when('SOM_SEGMENT') do;";
22294     +               put 'ROLE = "&EM_PROPERTY_SEGMENTROLE"; LEVEL = "NOMINAL";';
22295     +               put "end;";
22296     +           %end;
22297     +           %else %do;
22298     +               put "when('SOM_SEGMENT') delete;";
22299     +           %end;
22300     +
22301     +           %if (%upcase(&EM_PROPERTY_EXPORTEDVARS) ne SEGMENT) %then %do;
22302     +               put "when('SOM_DIMENSION1') do;";
22303     +               put "ROLE = 'INPUT'; LEVEL = 'NOMINAL';";
22304     +               put "end;";
22305     +               put "when('SOM_DIMENSION2') do;";
22306     +               put "ROLE = 'INPUT'; LEVEL = 'NOMINAL';";
22307     +               put "end;";
22308     +           %end;
22309     +           %else %do;
22310     +               put "when('SOM_DIMENSION1') delete;";
22311     +               put "when('SOM_DIMENSION2') delete;";
22312     +           %end;
22313     +
22314     +           %if (%upcase(&EM_PROPERTY_EXPORTEDVARS) eq ALL) %then %do;
22315     +               put "when('DISTANCE') do;";
22316     +               put "ROLE = 'REJECTED'; LEVEL = 'INTERVAL';";
22317     +               put "end;";
22318     +               put "when('_IMPUTE_') do;";
22319     +               put "ROLE = 'REJECTED'; LEVEL = 'INTERVAL';";
22320     +               put "end;";
22321     +           %end;
22322     +           %else %do;
22323     +               put "when('DISTANCE') delete;";
22324     +               put "when('_IMPUTE_') delete;";
22325     +           %end;
22326     +           put "when('SOM_ID') delete;";
22327     +        end;
22328     +
22329     +        %if %upcase(&EM_PROPERTY_IMPUTATIONMETHOD) ne NONE %then %do;
22330     +            set WORK.SOM_TEMP end=eof;
22331     +            put "when('" _NAME_"') do;";
22332     +            put "    ROLE =  '" ROLE "';";
22333     +            put "    LEVEL = '" LEVEL "';";
22334     +            put "end;";
22335     +            %if &EM_PROPERTY_HIDEVARIABLE=N %then %do;
22336     +                put "when('" NAME"') ROLE = 'REJECTED';";
22337     +            %end;
22338     +            %else %do;
22339     +                put "when('" NAME"') delete;";
22340     +            %end;
22341     +
22342     +            if eof then do;
22343     +               put "otherwise;";
22344     +               put 'end;';
22345     +            end;
22346     +        %end;
22347     +        %else %do;
22348     +            put "otherwise;";
22349     +            put 'end;';
22350     +        %end;
22351     +     run;
22352     +
22353     +     proc datasets lib=work nolist mt=(DATA VIEW CATALOG);
22354     +        delete som_temp som_temp2;
22355     +     run;
22356     +     quit;
22357     +
22358     +     filename X;
22359     +
22360     +  %doends:
22361     +%mend score;
22362     +
NOTE: %INCLUDE (level 1) ending.
MPRINT(MAIN):   filename temp;
NOTE: Fileref TEMP has been deassigned.
MPRINT(SCORE):  ;
MPRINT(SCORE):   filename X "C:\Users\D059331\Desktop\DM_Insurance_segmentation\insurance_segmentation\Workspaces\EMWS1\SOM\CDELTA_TRAIN.sas";
MPRINT(SCORE):   data _null_;
MPRINT(SCORE):   FILE X;
MPRINT(SCORE):   if _N_=1 then do;
MPRINT(SCORE):   put "select(UPCASE(NAME));";
MPRINT(SCORE):   put "when('SEGMENT') do;";
MPRINT(SCORE):   put 'ROLE = "&EM_PROPERTY_SEGMENTROLE"; LEVEL = "NOMINAL";';
MPRINT(SCORE):   put "end;";
MPRINT(SCORE):   put "when('SOM_SEGMENT') do;";
MPRINT(SCORE):   put 'ROLE = "&EM_PROPERTY_SEGMENTROLE"; LEVEL = "NOMINAL";';
MPRINT(SCORE):   put "end;";
MPRINT(SCORE):   put "when('SOM_DIMENSION1') do;";
MPRINT(SCORE):   put "ROLE = 'INPUT'; LEVEL = 'NOMINAL';";
MPRINT(SCORE):   put "end;";
MPRINT(SCORE):   put "when('SOM_DIMENSION2') do;";
MPRINT(SCORE):   put "ROLE = 'INPUT'; LEVEL = 'NOMINAL';";
MPRINT(SCORE):   put "end;";
MPRINT(SCORE):   put "when('DISTANCE') do;";
MPRINT(SCORE):   put "ROLE = 'REJECTED'; LEVEL = 'INTERVAL';";
MPRINT(SCORE):   put "end;";
MPRINT(SCORE):   put "when('_IMPUTE_') do;";
MPRINT(SCORE):   put "ROLE = 'REJECTED'; LEVEL = 'INTERVAL';";
MPRINT(SCORE):   put "end;";
MPRINT(SCORE):   put "when('SOM_ID') delete;";
MPRINT(SCORE):   end;
MPRINT(SCORE):   put "otherwise;";
MPRINT(SCORE):   put 'end;';
MPRINT(SCORE):   run;

NOTE: The file X is:
      Filename=C:\Users\D059331\Desktop\DM_Insurance_segmentation\insurance_segmentation\Workspaces\EMWS1\SOM\CDELTA_TRAIN.sas,
      RECFM=V,LRECL=256,File Size (bytes)=0,
      Last Modified=30Dec2015:15:29:09,
      Create Time=30Dec2015:15:17:34

NOTE: 22 records were written to the file X.
      The minimum record length was 4.
      The maximum record length was 53.
NOTE: DATA statement used (Total process time):
      real time           0.00 seconds
      cpu time            0.00 seconds
      

MPRINT(SCORE):   proc datasets lib=work nolist mt=(DATA VIEW CATALOG);
MPRINT(SCORE):   delete som_temp som_temp2;
MPRINT(SCORE):   run;

NOTE: The file WORK.SOM_TEMP (memtype=(DATA VIEW CATALOG)) was not found, but appears on a DELETE statement.
NOTE: The file WORK.SOM_TEMP2 (memtype=(DATA VIEW CATALOG)) was not found, but appears on a DELETE statement.
MPRINT(SCORE):   quit;

NOTE: PROCEDURE DATASETS used (Total process time):
      real time           0.00 seconds
      cpu time            0.00 seconds
      

MPRINT(SCORE):   filename X;
NOTE: Fileref X has been deassigned.
MPRINT(MAIN):  ;
MPRINT(EM_DIAGRAM):  ;
MPRINT(EM_DIAGRAM):   *------------------------------------------------------------*;
MPRINT(EM_DIAGRAM):   * End SCORE: SOM;
MPRINT(EM_DIAGRAM):   *------------------------------------------------------------*;
22363      
22364      *------------------------------------------------------------*;
22365      * End SCORE: SOM;
22366      *------------------------------------------------------------*;

22367      filename emflow "C:\Users\D059331\Desktop\DM_Insurance_segmentation\insurance_segmentation\Workspaces\EMWS1\SOM\EMFLOWSCORE.sas";
MPRINT(EM_DIAGRAM):    filename emflow "C:\Users\D059331\Desktop\DM_Insurance_segmentation\insurance_segmentation\Workspaces\EMWS1\SOM\EMFLOWSCORE.sas";
MPRINT(EM_DIAGRAM):   *------------------------------------------------------------*;
MPRINT(EM_DIAGRAM):   * SOM: Scoring DATA data;
MPRINT(EM_DIAGRAM):   *------------------------------------------------------------*;
22368      *------------------------------------------------------------*;
22369      * SOM: Scoring DATA data;
22370      *------------------------------------------------------------*;
22371      data EMWS1.SOM_TRAIN
22372      / view=EMWS1.SOM_TRAIN
22373      ;
MPRINT(EM_DIAGRAM):   data EMWS1.SOM_TRAIN / view=EMWS1.SOM_TRAIN ;
22374      set EMWS1.Filter_TRAIN
22375      ;
MPRINT(EM_DIAGRAM):   set EMWS1.Filter_TRAIN ;
22376      %inc emflow;
NOTE: %INCLUDE (level 1) file EMFLOW is file C:\Users\D059331\Desktop\DM_Insurance_segmentation\insurance_segmentation\Workspaces\EMWS1\SOM\EMFLOWSCORE.sas.
22377     +*****************************************;
MPRINT(EM_DIAGRAM):   *****************************************;
22378     +*** Begin Scoring Code from PROC DMVQ ***;
MPRINT(EM_DIAGRAM):   *** Begin Scoring Code from PROC DMVQ ***;
22379     +*****************************************;
MPRINT(EM_DIAGRAM):   *****************************************;
22380     +
22381     +
22382     +*** Begin Class Look-up, Standardization, Replacement ;
MPRINT(EM_DIAGRAM):   *** Begin Class Look-up, Standardization, Replacement ;
22383     +drop _dm_bad; _dm_bad = 0;
MPRINT(EM_DIAGRAM):   drop _dm_bad;
MPRINT(EM_DIAGRAM):   _dm_bad = 0;
22384     +
22385     +*** Standardize ClaimsRate ;
MPRINT(EM_DIAGRAM):   *** Standardize ClaimsRate ;
22386     +drop T_ClaimsRate ;
MPRINT(EM_DIAGRAM):   drop T_ClaimsRate ;
22387     +if missing( ClaimsRate ) then T_ClaimsRate = .;
MPRINT(EM_DIAGRAM):   if missing( ClaimsRate ) then T_ClaimsRate = .;
22388     +else T_ClaimsRate = (ClaimsRate - 0.67794677876012) * 3.19941338729829;
MPRINT(EM_DIAGRAM):   else T_ClaimsRate = (ClaimsRate - 0.67794677876012) * 3.19941338729829;
22389     +
22390     +*** Standardize CustomerMonetaryValue ;
MPRINT(EM_DIAGRAM):   *** Standardize CustomerMonetaryValue ;
22391     +drop T_CustomerMonetaryValue ;
MPRINT(EM_DIAGRAM):   drop T_CustomerMonetaryValue ;
22392     +if missing( CustomerMonetaryValue ) then T_CustomerMonetaryValue = .;
MPRINT(EM_DIAGRAM):   if missing( CustomerMonetaryValue ) then T_CustomerMonetaryValue = .;
22393     +else T_CustomerMonetaryValue = (CustomerMonetaryValue
22394     +         - 216.160594666394) * 0.00411467214717;
MPRINT(EM_DIAGRAM):   else T_CustomerMonetaryValue = (CustomerMonetaryValue - 216.160594666394) * 0.00411467214717;
22395     +
22396     +*** Standardize IMP_GrossMonthlySalary ;
MPRINT(EM_DIAGRAM):   *** Standardize IMP_GrossMonthlySalary ;
22397     +drop T_IMP_GrossMonthlySalary ;
MPRINT(EM_DIAGRAM):   drop T_IMP_GrossMonthlySalary ;
22398     +if missing( IMP_GrossMonthlySalary ) then T_IMP_GrossMonthlySalary = .;
MPRINT(EM_DIAGRAM):   if missing( IMP_GrossMonthlySalary ) then T_IMP_GrossMonthlySalary = .;
22399     +else T_IMP_GrossMonthlySalary = (IMP_GrossMonthlySalary
22400     +         - 5037.76267683033) * 0.00052230054959;
MPRINT(EM_DIAGRAM):   else T_IMP_GrossMonthlySalary = (IMP_GrossMonthlySalary - 5037.76267683033) * 0.00052230054959;
22401     +
22402     +*** Standardize IMP_REP_CustomerAge ;
MPRINT(EM_DIAGRAM):   *** Standardize IMP_REP_CustomerAge ;
22403     +drop T_IMP_REP_CustomerAge ;
MPRINT(EM_DIAGRAM):   drop T_IMP_REP_CustomerAge ;
22404     +if missing( IMP_REP_CustomerAge ) then T_IMP_REP_CustomerAge = .;
MPRINT(EM_DIAGRAM):   if missing( IMP_REP_CustomerAge ) then T_IMP_REP_CustomerAge = .;
22405     +else T_IMP_REP_CustomerAge = (IMP_REP_CustomerAge
22406     +         - 48.3002159661034) * 0.05849681051166;
MPRINT(EM_DIAGRAM):   else T_IMP_REP_CustomerAge = (IMP_REP_CustomerAge - 48.3002159661034) * 0.05849681051166;
22407     +
22408     +*** Standardize IMP_REP_FirstPolicyYear ;
MPRINT(EM_DIAGRAM):   *** Standardize IMP_REP_FirstPolicyYear ;
22409     +drop T_IMP_REP_FirstPolicyYear ;
MPRINT(EM_DIAGRAM):   drop T_IMP_REP_FirstPolicyYear ;
22410     +if missing( IMP_REP_FirstPolicyYear ) then T_IMP_REP_FirstPolicyYear = .;
MPRINT(EM_DIAGRAM):   if missing( IMP_REP_FirstPolicyYear ) then T_IMP_REP_FirstPolicyYear = .;
22411     +else T_IMP_REP_FirstPolicyYear = (IMP_REP_FirstPolicyYear
22412     +         - 1985.99729349606) * 0.1517962336811;
MPRINT(EM_DIAGRAM):   else T_IMP_REP_FirstPolicyYear = (IMP_REP_FirstPolicyYear - 1985.99729349606) * 0.1517962336811;
22413     +
22414     +*** Standardize TOTAL_PREMIUM ;
MPRINT(EM_DIAGRAM):   *** Standardize TOTAL_PREMIUM ;
22415     +drop T_TOTAL_PREMIUM ;
MPRINT(EM_DIAGRAM):   drop T_TOTAL_PREMIUM ;
22416     +if missing( TOTAL_PREMIUM ) then T_TOTAL_PREMIUM = .;
MPRINT(EM_DIAGRAM):   if missing( TOTAL_PREMIUM ) then T_TOTAL_PREMIUM = .;
22417     +else T_TOTAL_PREMIUM = (TOTAL_PREMIUM - 748.218286034205) * 0.00576895696549;
MPRINT(EM_DIAGRAM):   else T_TOTAL_PREMIUM = (TOTAL_PREMIUM - 748.218286034205) * 0.00576895696549;
22418     +
22419     +*** Generate dummy variables for IMP_EducationalDegree ;
MPRINT(EM_DIAGRAM):   *** Generate dummy variables for IMP_EducationalDegree ;
22420     +drop T_IMP_EducationalDegree ;
MPRINT(EM_DIAGRAM):   drop T_IMP_EducationalDegree ;
22421     +if missing( IMP_EducationalDegree ) then do;
MPRINT(EM_DIAGRAM):   if missing( IMP_EducationalDegree ) then do;
22422     +   T_IMP_EducationalDegree = .;
MPRINT(EM_DIAGRAM):   T_IMP_EducationalDegree = .;
22423     +end;
MPRINT(EM_DIAGRAM):   end;
22424     +else do;
MPRINT(EM_DIAGRAM):   else do;
22425     +   length _dm15 $ 15; drop _dm15 ;
MPRINT(EM_DIAGRAM):   length _dm15 $ 15;
MPRINT(EM_DIAGRAM):   drop _dm15 ;
22426     +   _dm15 = put( IMP_EducationalDegree , $CHAR15. );
MPRINT(EM_DIAGRAM):   _dm15 = put( IMP_EducationalDegree , $CHAR15. );
22427     +   %DMNORMIP( _dm15 )
MPRINT(DMNORMIP):   call dmnorm(_dm15,
MPRINT(DMNORLEN):  32
MPRINT(DMNORMIP):  );
MPRINT(EM_DIAGRAM):   if _dm15 = '3 - BSC/MSC' then do;
MPRINT(EM_DIAGRAM):   T_IMP_EducationalDegree = 0.73555748368902;
MPRINT(EM_DIAGRAM):   end;
MPRINT(EM_DIAGRAM):   else if _dm15 = '2 - HIGH SCHOOL' then do;
22428     +   if _dm15 = '3 - BSC/MSC'  then do;
MPRINT(EM_DIAGRAM):   T_IMP_EducationalDegree = -0.80523581525977;
22429     +      T_IMP_EducationalDegree = 0.73555748368902;
MPRINT(EM_DIAGRAM):   end;
22430     +   end;
22431     +   else if _dm15 = '2 - HIGH SCHOOL'  then do;
MPRINT(EM_DIAGRAM):   else if _dm15 = '1 - BASIC' then do;
MPRINT(EM_DIAGRAM):   T_IMP_EducationalDegree = -1.6661375152455;
22432     +      T_IMP_EducationalDegree = -0.80523581525977;
MPRINT(EM_DIAGRAM):   end;
22433     +   end;
22434     +   else if _dm15 = '1 - BASIC'  then do;
MPRINT(EM_DIAGRAM):   else if _dm15 = '4 - PHD' then do;
MPRINT(EM_DIAGRAM):   T_IMP_EducationalDegree = 1.7532834175406;
22435     +      T_IMP_EducationalDegree = -1.6661375152455;
MPRINT(EM_DIAGRAM):   end;
22436     +   end;
22437     +   else if _dm15 = '4 - PHD'  then do;
MPRINT(EM_DIAGRAM):   else do;
MPRINT(EM_DIAGRAM):   T_IMP_EducationalDegree = .;
22438     +      T_IMP_EducationalDegree = 1.7532834175406;
MPRINT(EM_DIAGRAM):   _DM_BAD = 1;
22439     +   end;
MPRINT(EM_DIAGRAM):   end;
22440     +   else do;
MPRINT(EM_DIAGRAM):   end;
22441     +      T_IMP_EducationalDegree = .;
MPRINT(EM_DIAGRAM):   *** Generate dummy variables for IMP_GeographicLiving ;
22442     +      _DM_BAD = 1;
22443     +   end;
MPRINT(EM_DIAGRAM):   drop IMP_GeographicLiving1 IMP_GeographicLiving2 IMP_GeographicLiving3 IMP_GeographicLiving4 ;
22444     +end;
MPRINT(EM_DIAGRAM):   if missing( IMP_GeographicLiving ) then do;
22445     +
MPRINT(EM_DIAGRAM):   IMP_GeographicLiving1 = .;
22446     +*** Generate dummy variables for IMP_GeographicLiving ;
MPRINT(EM_DIAGRAM):   IMP_GeographicLiving2 = .;
22447     +drop IMP_GeographicLiving1 IMP_GeographicLiving2 IMP_GeographicLiving3
MPRINT(EM_DIAGRAM):   IMP_GeographicLiving3 = .;
22448     +        IMP_GeographicLiving4 ;
MPRINT(EM_DIAGRAM):   IMP_GeographicLiving4 = .;
22449     +if missing( IMP_GeographicLiving ) then do;
MPRINT(EM_DIAGRAM):   end;
22450     +   IMP_GeographicLiving1 = .;
22451     +   IMP_GeographicLiving2 = .;
MPRINT(EM_DIAGRAM):   else do;
22452     +   IMP_GeographicLiving3 = .;
MPRINT(EM_DIAGRAM):   length _dm12 $ 12;
22453     +   IMP_GeographicLiving4 = .;
MPRINT(EM_DIAGRAM):   drop _dm12 ;
22454     +end;
MPRINT(EM_DIAGRAM):   _dm12 = put( IMP_GeographicLiving , BEST12. );
22455     +else do;
22456     +   length _dm12 $ 12; drop _dm12 ;
MPRINT(DMNORMIP):   call dmnorm(_dm12,
22457     +   _dm12 = put( IMP_GeographicLiving , BEST12. );
22458     +   %DMNORMIP( _dm12 )
MPRINT(DMNORLEN):  32
MPRINT(DMNORMIP):  );
MPRINT(EM_DIAGRAM):   if _dm12 = '4' then do;
MPRINT(EM_DIAGRAM):   IMP_GeographicLiving1 = -0.32404062826594;
MPRINT(EM_DIAGRAM):   IMP_GeographicLiving2 = -0.16763086377407;
MPRINT(EM_DIAGRAM):   IMP_GeographicLiving3 = -0.25011493503349;
MPRINT(EM_DIAGRAM):   IMP_GeographicLiving4 = 0.6085514560971;
22459     +   if _dm12 = '4'  then do;
MPRINT(EM_DIAGRAM):   end;
22460     +      IMP_GeographicLiving1 = -0.32404062826594;
22461     +      IMP_GeographicLiving2 = -0.16763086377407;
MPRINT(EM_DIAGRAM):   else if _dm12 = '1' then do;
22462     +      IMP_GeographicLiving3 = -0.25011493503349;
MPRINT(EM_DIAGRAM):   IMP_GeographicLiving1 = 0.77142936442447;
22463     +      IMP_GeographicLiving4 = 0.6085514560971;
MPRINT(EM_DIAGRAM):   IMP_GeographicLiving2 = -0.16763086377407;
22464     +   end;
MPRINT(EM_DIAGRAM):   IMP_GeographicLiving3 = -0.25011493503349;
22465     +   else if _dm12 = '1'  then do;
MPRINT(EM_DIAGRAM):   IMP_GeographicLiving4 = -0.41076962910268;
MPRINT(EM_DIAGRAM):   end;
22466     +      IMP_GeographicLiving1 = 0.77142936442447;
22467     +      IMP_GeographicLiving2 = -0.16763086377407;
MPRINT(EM_DIAGRAM):   else if _dm12 = '3' then do;
22468     +      IMP_GeographicLiving3 = -0.25011493503349;
MPRINT(EM_DIAGRAM):   IMP_GeographicLiving1 = -0.32404062826594;
22469     +      IMP_GeographicLiving4 = -0.41076962910268;
MPRINT(EM_DIAGRAM):   IMP_GeographicLiving2 = -0.16763086377407;
22470     +   end;
MPRINT(EM_DIAGRAM):   IMP_GeographicLiving3 = 0.99943834172648;
22471     +   else if _dm12 = '3'  then do;
MPRINT(EM_DIAGRAM):   IMP_GeographicLiving4 = -0.41076962910268;
MPRINT(EM_DIAGRAM):   end;
22472     +      IMP_GeographicLiving1 = -0.32404062826594;
22473     +      IMP_GeographicLiving2 = -0.16763086377407;
MPRINT(EM_DIAGRAM):   else if _dm12 = '2' then do;
22474     +      IMP_GeographicLiving3 = 0.99943834172648;
MPRINT(EM_DIAGRAM):   IMP_GeographicLiving1 = -0.32404062826594;
22475     +      IMP_GeographicLiving4 = -0.41076962910268;
MPRINT(EM_DIAGRAM):   IMP_GeographicLiving2 = 1.49121975680923;
22476     +   end;
MPRINT(EM_DIAGRAM):   IMP_GeographicLiving3 = -0.25011493503349;
22477     +   else if _dm12 = '2'  then do;
MPRINT(EM_DIAGRAM):   IMP_GeographicLiving4 = -0.41076962910268;
MPRINT(EM_DIAGRAM):   end;
22478     +      IMP_GeographicLiving1 = -0.32404062826594;
22479     +      IMP_GeographicLiving2 = 1.49121975680923;
MPRINT(EM_DIAGRAM):   else do;
22480     +      IMP_GeographicLiving3 = -0.25011493503349;
MPRINT(EM_DIAGRAM):   IMP_GeographicLiving1 = .;
22481     +      IMP_GeographicLiving4 = -0.41076962910268;
MPRINT(EM_DIAGRAM):   IMP_GeographicLiving2 = .;
22482     +   end;
MPRINT(EM_DIAGRAM):   IMP_GeographicLiving3 = .;
22483     +   else do;
MPRINT(EM_DIAGRAM):   IMP_GeographicLiving4 = .;
MPRINT(EM_DIAGRAM):   _DM_BAD = 1;
22484     +      IMP_GeographicLiving1 = .;
MPRINT(EM_DIAGRAM):   end;
22485     +      IMP_GeographicLiving2 = .;
MPRINT(EM_DIAGRAM):   end;
22486     +      IMP_GeographicLiving3 = .;
22487     +      IMP_GeographicLiving4 = .;
MPRINT(EM_DIAGRAM):   *** Generate dummy variables for IMP_HasChildren ;
22488     +      _DM_BAD = 1;
MPRINT(EM_DIAGRAM):   drop IMP_HasChildren0 IMP_HasChildren1 ;
22489     +   end;
MPRINT(EM_DIAGRAM):   if missing( IMP_HasChildren ) then do;
22490     +end;
MPRINT(EM_DIAGRAM):   IMP_HasChildren0 = .;
22491     +
MPRINT(EM_DIAGRAM):   IMP_HasChildren1 = .;
22492     +*** Generate dummy variables for IMP_HasChildren ;
MPRINT(EM_DIAGRAM):   end;
22493     +drop IMP_HasChildren0 IMP_HasChildren1 ;
22494     +if missing( IMP_HasChildren ) then do;
MPRINT(EM_DIAGRAM):   else do;
22495     +   IMP_HasChildren0 = .;
MPRINT(EM_DIAGRAM):   length _dm12 $ 12;
22496     +   IMP_HasChildren1 = .;
MPRINT(EM_DIAGRAM):   drop _dm12 ;
22497     +end;
MPRINT(EM_DIAGRAM):   _dm12 = put( IMP_HasChildren , BEST12. );
22498     +else do;
22499     +   length _dm12 $ 12; drop _dm12 ;
MPRINT(DMNORMIP):   call dmnorm(_dm12,
22500     +   _dm12 = put( IMP_HasChildren , BEST12. );
22501     +   %DMNORMIP( _dm12 )
MPRINT(DMNORLEN):  32
MPRINT(DMNORMIP):  );
MPRINT(EM_DIAGRAM):   if _dm12 = '1' then do;
MPRINT(EM_DIAGRAM):   IMP_HasChildren0 = -0.45354645930186;
MPRINT(EM_DIAGRAM):   IMP_HasChildren1 = 0.45354645930186;
MPRINT(EM_DIAGRAM):   end;
22502     +   if _dm12 = '1'  then do;
MPRINT(EM_DIAGRAM):   else if _dm12 = '0' then do;
22503     +      IMP_HasChildren0 = -0.45354645930186;
MPRINT(EM_DIAGRAM):   IMP_HasChildren0 = 1.10231025194501;
22504     +      IMP_HasChildren1 = 0.45354645930186;
MPRINT(EM_DIAGRAM):   IMP_HasChildren1 = -1.10231025194501;
22505     +   end;
MPRINT(EM_DIAGRAM):   end;
22506     +   else if _dm12 = '0'  then do;
MPRINT(EM_DIAGRAM):   else do;
22507     +      IMP_HasChildren0 = 1.10231025194501;
MPRINT(EM_DIAGRAM):   IMP_HasChildren0 = .;
22508     +      IMP_HasChildren1 = -1.10231025194501;
MPRINT(EM_DIAGRAM):   IMP_HasChildren1 = .;
22509     +   end;
MPRINT(EM_DIAGRAM):   _DM_BAD = 1;
22510     +   else do;
MPRINT(EM_DIAGRAM):   end;
MPRINT(EM_DIAGRAM):   end;
22511     +      IMP_HasChildren0 = .;
22512     +      IMP_HasChildren1 = .;
MPRINT(EM_DIAGRAM):   *** End Class Look-up, Standardization, Replacement ;
22513     +      _DM_BAD = 1;
22514     +   end;
22515     +end;
MPRINT(EM_DIAGRAM):   *** Omitted Cases;
22516     +
MPRINT(EM_DIAGRAM):   if _dm_bad then do;
22517     +*** End Class Look-up, Standardization, Replacement ;
MPRINT(EM_DIAGRAM):   SOM_SEGMENT = .;
MPRINT(EM_DIAGRAM):   Distance = .;
22518     +
MPRINT(EM_DIAGRAM):   goto SOMvlex ;
22519     +
MPRINT(EM_DIAGRAM):   end;
MPRINT(EM_DIAGRAM):   *** omitted;
22520     +*** Omitted Cases;
22521     +if _dm_bad then do;
MPRINT(EM_DIAGRAM):   *** Compute Distances and Cluster Membership;
22522     +   SOM_SEGMENT = .; Distance = .;
MPRINT(EM_DIAGRAM):   label SOM_SEGMENT = 'SOM Segment ID' ;
22523     +   goto SOMvlex ;
22524     +end; *** omitted;
MPRINT(EM_DIAGRAM):   label Distance = 'Distance' ;
22525     +
22526     +*** Compute Distances and Cluster Membership;
MPRINT(EM_DIAGRAM):   array SOMvads [4] _temporary_;
22527     +label SOM_SEGMENT = 'SOM Segment ID' ;
MPRINT(EM_DIAGRAM):   drop _vqclus _vqmvar _vqnvar;
MPRINT(EM_DIAGRAM):   _vqmvar = 0;
22528     +label Distance = 'Distance' ;
MPRINT(EM_DIAGRAM):   do _vqclus = 1 to 4;
MPRINT(EM_DIAGRAM):   SOMvads [_vqclus] = 0;
MPRINT(EM_DIAGRAM):   end;
MPRINT(EM_DIAGRAM):   if not missing( T_ClaimsRate ) then do;
22529     +array SOMvads [4] _temporary_;
MPRINT(EM_DIAGRAM):   SOMvads [1] + ( T_ClaimsRate - -1.25517180534964 )**2;
22530     +drop _vqclus _vqmvar _vqnvar;
MPRINT(EM_DIAGRAM):   SOMvads [2] + ( T_ClaimsRate - -0.34130240407873 )**2;
22531     +_vqmvar = 0;
MPRINT(EM_DIAGRAM):   SOMvads [3] + ( T_ClaimsRate - 0.83054969460279 )**2;
22532     +do _vqclus = 1 to 4; SOMvads [_vqclus] = 0; end;
MPRINT(EM_DIAGRAM):   SOMvads [4] + ( T_ClaimsRate - 0.07067935204244 )**2;
22533     +if not missing( T_ClaimsRate ) then do;
MPRINT(EM_DIAGRAM):   end;
22534     +   SOMvads [1] + ( T_ClaimsRate - -1.25517180534964 )**2;
22535     +   SOMvads [2] + ( T_ClaimsRate - -0.34130240407873 )**2;
MPRINT(EM_DIAGRAM):   else _vqmvar + 1;
22536     +   SOMvads [3] + ( T_ClaimsRate - 0.83054969460279 )**2;
MPRINT(EM_DIAGRAM):   if not missing( T_CustomerMonetaryValue ) then do;
22537     +   SOMvads [4] + ( T_ClaimsRate - 0.07067935204244 )**2;
MPRINT(EM_DIAGRAM):   SOMvads [1] + ( T_CustomerMonetaryValue - 1.03222745653387 )**2;
22538     +end;
MPRINT(EM_DIAGRAM):   SOMvads [2] + ( T_CustomerMonetaryValue - 0.7895222548465 )**2;
22539     +else _vqmvar + 1;
MPRINT(EM_DIAGRAM):   SOMvads [3] + ( T_CustomerMonetaryValue - -0.81231629827361 )**2;
MPRINT(EM_DIAGRAM):   SOMvads [4] + ( T_CustomerMonetaryValue - -0.06504658269929 )**2;
22540     +if not missing( T_CustomerMonetaryValue ) then do;
MPRINT(EM_DIAGRAM):   end;
22541     +   SOMvads [1] + ( T_CustomerMonetaryValue - 1.03222745653387 )**2;
22542     +   SOMvads [2] + ( T_CustomerMonetaryValue - 0.7895222548465 )**2;
MPRINT(EM_DIAGRAM):   else _vqmvar + 1;
22543     +   SOMvads [3] + ( T_CustomerMonetaryValue - -0.81231629827361 )**2;
MPRINT(EM_DIAGRAM):   if not missing( T_IMP_GrossMonthlySalary ) then do;
22544     +   SOMvads [4] + ( T_CustomerMonetaryValue - -0.06504658269929 )**2;
MPRINT(EM_DIAGRAM):   SOMvads [1] + ( T_IMP_GrossMonthlySalary - -0.06707159557092 )**2;
22545     +end;
MPRINT(EM_DIAGRAM):   SOMvads [2] + ( T_IMP_GrossMonthlySalary - -1.25781786484766 )**2;
22546     +else _vqmvar + 1;
MPRINT(EM_DIAGRAM):   SOMvads [3] + ( T_IMP_GrossMonthlySalary - -0.32587827951253 )**2;
MPRINT(EM_DIAGRAM):   SOMvads [4] + ( T_IMP_GrossMonthlySalary - 1.1292784630376 )**2;
22547     +if not missing( T_IMP_GrossMonthlySalary ) then do;
MPRINT(EM_DIAGRAM):   end;
22548     +   SOMvads [1] + ( T_IMP_GrossMonthlySalary - -0.06707159557092 )**2;
22549     +   SOMvads [2] + ( T_IMP_GrossMonthlySalary - -1.25781786484766 )**2;
MPRINT(EM_DIAGRAM):   else _vqmvar + 1;
22550     +   SOMvads [3] + ( T_IMP_GrossMonthlySalary - -0.32587827951253 )**2;
MPRINT(EM_DIAGRAM):   if not missing( T_IMP_REP_CustomerAge ) then do;
22551     +   SOMvads [4] + ( T_IMP_GrossMonthlySalary - 1.1292784630376 )**2;
MPRINT(EM_DIAGRAM):   SOMvads [1] + ( T_IMP_REP_CustomerAge - -0.10692632498744 )**2;
22552     +end;
MPRINT(EM_DIAGRAM):   SOMvads [2] + ( T_IMP_REP_CustomerAge - -1.34337159296403 )**2;
22553     +else _vqmvar + 1;
MPRINT(EM_DIAGRAM):   SOMvads [3] + ( T_IMP_REP_CustomerAge - -0.29129690682388 )**2;
MPRINT(EM_DIAGRAM):   SOMvads [4] + ( T_IMP_REP_CustomerAge - 1.2575703160448 )**2;
22554     +if not missing( T_IMP_REP_CustomerAge ) then do;
MPRINT(EM_DIAGRAM):   end;
22555     +   SOMvads [1] + ( T_IMP_REP_CustomerAge - -0.10692632498744 )**2;
22556     +   SOMvads [2] + ( T_IMP_REP_CustomerAge - -1.34337159296403 )**2;
MPRINT(EM_DIAGRAM):   else _vqmvar + 1;
22557     +   SOMvads [3] + ( T_IMP_REP_CustomerAge - -0.29129690682388 )**2;
MPRINT(EM_DIAGRAM):   if not missing( T_IMP_REP_FirstPolicyYear ) then do;
22558     +   SOMvads [4] + ( T_IMP_REP_CustomerAge - 1.2575703160448 )**2;
MPRINT(EM_DIAGRAM):   SOMvads [1] + ( T_IMP_REP_FirstPolicyYear - -0.11107058598029 )**2;
22559     +end;
MPRINT(EM_DIAGRAM):   SOMvads [2] + ( T_IMP_REP_FirstPolicyYear - 0.00636335517055 )**2;
22560     +else _vqmvar + 1;
MPRINT(EM_DIAGRAM):   SOMvads [3] + ( T_IMP_REP_FirstPolicyYear - -0.00637748123013 )**2;
MPRINT(EM_DIAGRAM):   SOMvads [4] + ( T_IMP_REP_FirstPolicyYear - 0.20711092326321 )**2;
22561     +if not missing( T_IMP_REP_FirstPolicyYear ) then do;
MPRINT(EM_DIAGRAM):   end;
22562     +   SOMvads [1] + ( T_IMP_REP_FirstPolicyYear - -0.11107058598029 )**2;
22563     +   SOMvads [2] + ( T_IMP_REP_FirstPolicyYear - 0.00636335517055 )**2;
MPRINT(EM_DIAGRAM):   else _vqmvar + 1;
22564     +   SOMvads [3] + ( T_IMP_REP_FirstPolicyYear - -0.00637748123013 )**2;
MPRINT(EM_DIAGRAM):   if not missing( T_TOTAL_PREMIUM ) then do;
22565     +   SOMvads [4] + ( T_IMP_REP_FirstPolicyYear - 0.20711092326321 )**2;
MPRINT(EM_DIAGRAM):   SOMvads [1] + ( T_TOTAL_PREMIUM - -0.31191325268047 )**2;
22566     +end;
MPRINT(EM_DIAGRAM):   SOMvads [2] + ( T_TOTAL_PREMIUM - 1.45454923550056 )**2;
22567     +else _vqmvar + 1;
MPRINT(EM_DIAGRAM):   SOMvads [3] + ( T_TOTAL_PREMIUM - -0.36648717891179 )**2;
MPRINT(EM_DIAGRAM):   SOMvads [4] + ( T_TOTAL_PREMIUM - 0.05525288976225 )**2;
22568     +if not missing( T_TOTAL_PREMIUM ) then do;
MPRINT(EM_DIAGRAM):   end;
22569     +   SOMvads [1] + ( T_TOTAL_PREMIUM - -0.31191325268047 )**2;
22570     +   SOMvads [2] + ( T_TOTAL_PREMIUM - 1.45454923550056 )**2;
MPRINT(EM_DIAGRAM):   else _vqmvar + 1;
22571     +   SOMvads [3] + ( T_TOTAL_PREMIUM - -0.36648717891179 )**2;
MPRINT(EM_DIAGRAM):   if not missing( T_IMP_EducationalDegree ) then do;
22572     +   SOMvads [4] + ( T_TOTAL_PREMIUM - 0.05525288976225 )**2;
MPRINT(EM_DIAGRAM):   SOMvads [1] + ( T_IMP_EducationalDegree - 0.28242865790302 )**2;
22573     +end;
MPRINT(EM_DIAGRAM):   SOMvads [2] + ( T_IMP_EducationalDegree - -0.98175281173005 )**2;
22574     +else _vqmvar + 1;
MPRINT(EM_DIAGRAM):   SOMvads [3] + ( T_IMP_EducationalDegree - 0.10361672767739 )**2;
MPRINT(EM_DIAGRAM):   SOMvads [4] + ( T_IMP_EducationalDegree - 0.02013504420802 )**2;
22575     +if not missing( T_IMP_EducationalDegree ) then do;
MPRINT(EM_DIAGRAM):   end;
22576     +   SOMvads [1] + ( T_IMP_EducationalDegree - 0.28242865790302 )**2;
22577     +   SOMvads [2] + ( T_IMP_EducationalDegree - -0.98175281173005 )**2;
MPRINT(EM_DIAGRAM):   else _vqmvar + 0.99999999999999;
22578     +   SOMvads [3] + ( T_IMP_EducationalDegree - 0.10361672767739 )**2;
MPRINT(EM_DIAGRAM):   if not missing( IMP_GeographicLiving1 ) then do;
22579     +   SOMvads [4] + ( T_IMP_EducationalDegree - 0.02013504420802 )**2;
MPRINT(EM_DIAGRAM):   SOMvads [1] + ( IMP_GeographicLiving1 - 0.05974361634316 )**2;
22580     +end;
MPRINT(EM_DIAGRAM):   SOMvads [2] + ( IMP_GeographicLiving1 - 0.01482759247105 )**2;
22581     +else _vqmvar + 0.99999999999999;
MPRINT(EM_DIAGRAM):   SOMvads [3] + ( IMP_GeographicLiving1 - -0.01993915846831 )**2;
MPRINT(EM_DIAGRAM):   SOMvads [4] + ( IMP_GeographicLiving1 - -0.06440810718549 )**2;
22582     +if not missing( IMP_GeographicLiving1 ) then do;
MPRINT(EM_DIAGRAM):   end;
22583     +   SOMvads [1] + ( IMP_GeographicLiving1 - 0.05974361634316 )**2;
22584     +   SOMvads [2] + ( IMP_GeographicLiving1 - 0.01482759247105 )**2;
MPRINT(EM_DIAGRAM):   else _vqmvar + 0.25;
22585     +   SOMvads [3] + ( IMP_GeographicLiving1 - -0.01993915846831 )**2;
MPRINT(EM_DIAGRAM):   if not missing( IMP_GeographicLiving2 ) then do;
22586     +   SOMvads [4] + ( IMP_GeographicLiving1 - -0.06440810718549 )**2;
MPRINT(EM_DIAGRAM):   SOMvads [1] + ( IMP_GeographicLiving2 - 0.03350163546329 )**2;
22587     +end;
MPRINT(EM_DIAGRAM):   SOMvads [2] + ( IMP_GeographicLiving2 - 0.04248955919997 )**2;
22588     +else _vqmvar + 0.25;
MPRINT(EM_DIAGRAM):   SOMvads [3] + ( IMP_GeographicLiving2 - -0.02441148245593 )**2;
MPRINT(EM_DIAGRAM):   SOMvads [4] + ( IMP_GeographicLiving2 - 0.08397525417257 )**2;
22589     +if not missing( IMP_GeographicLiving2 ) then do;
MPRINT(EM_DIAGRAM):   end;
22590     +   SOMvads [1] + ( IMP_GeographicLiving2 - 0.03350163546329 )**2;
22591     +   SOMvads [2] + ( IMP_GeographicLiving2 - 0.04248955919997 )**2;
MPRINT(EM_DIAGRAM):   else _vqmvar + 0.25;
22592     +   SOMvads [3] + ( IMP_GeographicLiving2 - -0.02441148245593 )**2;
MPRINT(EM_DIAGRAM):   if not missing( IMP_GeographicLiving3 ) then do;
22593     +   SOMvads [4] + ( IMP_GeographicLiving2 - 0.08397525417257 )**2;
MPRINT(EM_DIAGRAM):   SOMvads [1] + ( IMP_GeographicLiving3 - -0.03042151911071 )**2;
22594     +end;
MPRINT(EM_DIAGRAM):   SOMvads [2] + ( IMP_GeographicLiving3 - 0.02804575508764 )**2;
22595     +else _vqmvar + 0.25;
MPRINT(EM_DIAGRAM):   SOMvads [3] + ( IMP_GeographicLiving3 - 0.05149883073965 )**2;
MPRINT(EM_DIAGRAM):   SOMvads [4] + ( IMP_GeographicLiving3 - -0.01858637490278 )**2;
22596     +if not missing( IMP_GeographicLiving3 ) then do;
MPRINT(EM_DIAGRAM):   end;
22597     +   SOMvads [1] + ( IMP_GeographicLiving3 - -0.03042151911071 )**2;
22598     +   SOMvads [2] + ( IMP_GeographicLiving3 - 0.02804575508764 )**2;
MPRINT(EM_DIAGRAM):   else _vqmvar + 0.24999999999999;
22599     +   SOMvads [3] + ( IMP_GeographicLiving3 - 0.05149883073965 )**2;
MPRINT(EM_DIAGRAM):   if not missing( IMP_GeographicLiving4 ) then do;
22600     +   SOMvads [4] + ( IMP_GeographicLiving3 - -0.01858637490278 )**2;
MPRINT(EM_DIAGRAM):   SOMvads [1] + ( IMP_GeographicLiving4 - -0.05136027421938 )**2;
22601     +end;
MPRINT(EM_DIAGRAM):   SOMvads [2] + ( IMP_GeographicLiving4 - -0.06278391103058 )**2;
22602     +else _vqmvar + 0.24999999999999;
MPRINT(EM_DIAGRAM):   SOMvads [3] + ( IMP_GeographicLiving4 - -0.0084567231626 )**2;
MPRINT(EM_DIAGRAM):   SOMvads [4] + ( IMP_GeographicLiving4 - 0.02349210519286 )**2;
22603     +if not missing( IMP_GeographicLiving4 ) then do;
MPRINT(EM_DIAGRAM):   end;
22604     +   SOMvads [1] + ( IMP_GeographicLiving4 - -0.05136027421938 )**2;
22605     +   SOMvads [2] + ( IMP_GeographicLiving4 - -0.06278391103058 )**2;
MPRINT(EM_DIAGRAM):   else _vqmvar + 0.24999999999999;
22606     +   SOMvads [3] + ( IMP_GeographicLiving4 - -0.0084567231626 )**2;
MPRINT(EM_DIAGRAM):   if not missing( IMP_HasChildren0 ) then do;
22607     +   SOMvads [4] + ( IMP_GeographicLiving4 - 0.02349210519286 )**2;
MPRINT(EM_DIAGRAM):   SOMvads [1] + ( IMP_HasChildren0 - -0.41876366002261 )**2;
22608     +end;
MPRINT(EM_DIAGRAM):   SOMvads [2] + ( IMP_HasChildren0 - -0.12081082388353 )**2;
22609     +else _vqmvar + 0.24999999999999;
MPRINT(EM_DIAGRAM):   SOMvads [3] + ( IMP_HasChildren0 - -0.38413698505137 )**2;
MPRINT(EM_DIAGRAM):   SOMvads [4] + ( IMP_HasChildren0 - 1.08076899164473 )**2;
22610     +if not missing( IMP_HasChildren0 ) then do;
MPRINT(EM_DIAGRAM):   end;
22611     +   SOMvads [1] + ( IMP_HasChildren0 - -0.41876366002261 )**2;
22612     +   SOMvads [2] + ( IMP_HasChildren0 - -0.12081082388353 )**2;
MPRINT(EM_DIAGRAM):   else _vqmvar + 0.5;
22613     +   SOMvads [3] + ( IMP_HasChildren0 - -0.38413698505137 )**2;
MPRINT(EM_DIAGRAM):   if not missing( IMP_HasChildren1 ) then do;
22614     +   SOMvads [4] + ( IMP_HasChildren0 - 1.08076899164473 )**2;
MPRINT(EM_DIAGRAM):   SOMvads [1] + ( IMP_HasChildren1 - 0.41876366002261 )**2;
22615     +end;
MPRINT(EM_DIAGRAM):   SOMvads [2] + ( IMP_HasChildren1 - 0.12081082388353 )**2;
22616     +else _vqmvar + 0.5;
MPRINT(EM_DIAGRAM):   SOMvads [3] + ( IMP_HasChildren1 - 0.38413698505137 )**2;
MPRINT(EM_DIAGRAM):   SOMvads [4] + ( IMP_HasChildren1 - -1.08076899164473 )**2;
22617     +if not missing( IMP_HasChildren1 ) then do;
MPRINT(EM_DIAGRAM):   end;
22618     +   SOMvads [1] + ( IMP_HasChildren1 - 0.41876366002261 )**2;
22619     +   SOMvads [2] + ( IMP_HasChildren1 - 0.12081082388353 )**2;
MPRINT(EM_DIAGRAM):   else _vqmvar + 0.5;
22620     +   SOMvads [3] + ( IMP_HasChildren1 - 0.38413698505137 )**2;
MPRINT(EM_DIAGRAM):   _vqnvar = 9 - _vqmvar;
22621     +   SOMvads [4] + ( IMP_HasChildren1 - -1.08076899164473 )**2;
MPRINT(EM_DIAGRAM):   if _vqnvar <= 1.3301360013429E-11 then do;
22622     +end;
MPRINT(EM_DIAGRAM):   SOM_SEGMENT = .;
MPRINT(EM_DIAGRAM):   Distance = .;
22623     +else _vqmvar + 0.5;
MPRINT(EM_DIAGRAM):   end;
22624     +_vqnvar = 9 - _vqmvar;
MPRINT(EM_DIAGRAM):   else do;
22625     +if _vqnvar <= 1.3301360013429E-11 then do;
MPRINT(EM_DIAGRAM):   SOM_SEGMENT = 1;
MPRINT(EM_DIAGRAM):   Distance = SOMvads [1];
22626     +   SOM_SEGMENT = .; Distance = .;
MPRINT(EM_DIAGRAM):   _vqfzdst = Distance * 0.99999999999988;
MPRINT(EM_DIAGRAM):   drop _vqfzdst;
22627     +end;
MPRINT(EM_DIAGRAM):   do _vqclus = 2 to 4;
22628     +else do;
MPRINT(EM_DIAGRAM):   if SOMvads [_vqclus] < _vqfzdst then do;
MPRINT(EM_DIAGRAM):   SOM_SEGMENT = _vqclus;
MPRINT(EM_DIAGRAM):   Distance = SOMvads [_vqclus];
22629     +   SOM_SEGMENT = 1; Distance = SOMvads [1];
MPRINT(EM_DIAGRAM):   _vqfzdst = Distance * 0.99999999999988;
22630     +   _vqfzdst = Distance * 0.99999999999988; drop _vqfzdst;
MPRINT(EM_DIAGRAM):   end;
22631     +   do _vqclus = 2 to 4;
MPRINT(EM_DIAGRAM):   end;
22632     +      if SOMvads [_vqclus] < _vqfzdst then do;
MPRINT(EM_DIAGRAM):   Distance = sqrt(Distance * (9 / _vqnvar));
22633     +         SOM_SEGMENT = _vqclus; Distance = SOMvads [_vqclus];
MPRINT(EM_DIAGRAM):   end;
22634     +         _vqfzdst = Distance * 0.99999999999988;
22635     +      end;
MPRINT(EM_DIAGRAM):   *** SOM Row and Column;
22636     +   end;
MPRINT(EM_DIAGRAM):   label SOM_DIMENSION1 = 'SOM Dimension1' ;
22637     +   Distance = sqrt(Distance * (9 / _vqnvar));
22638     +end;
MPRINT(EM_DIAGRAM):   label SOM_DIMENSION2 = 'SOM Dimension2' ;
22639     +
22640     +*** SOM Row and Column;
MPRINT(EM_DIAGRAM):   label SOM_ID = 'SOM ID' ;
22641     +label SOM_DIMENSION1 = 'SOM Dimension1' ;
22642     +label SOM_DIMENSION2 = 'SOM Dimension2' ;
MPRINT(EM_DIAGRAM):   length SOM_ID $8;
22643     +label SOM_ID = 'SOM ID' ;
MPRINT(EM_DIAGRAM):   if SOM_SEGMENT > 0 then do;
MPRINT(EM_DIAGRAM):   SOM_DIMENSION1 = 1 + floor(( SOM_SEGMENT - 1) / 2);
22644     +length SOM_ID $8;
MPRINT(EM_DIAGRAM):   SOM_DIMENSION2 = 1 + mod( SOM_SEGMENT - 1, 2 );
MPRINT(EM_DIAGRAM):   SOM_ID = put( SOM_DIMENSION1 ,8. );
MPRINT(EM_DIAGRAM):   SOM_ID = left( SOM_ID );
22645     +if SOM_SEGMENT > 0 then do;
MPRINT(EM_DIAGRAM):   _vqlen = 1 + length( SOM_ID );
MPRINT(EM_DIAGRAM):   drop _vqlen;
22646     +   SOM_DIMENSION1 = 1 + floor(( SOM_SEGMENT - 1) / 2);
MPRINT(EM_DIAGRAM):   substr( SOM_ID , _vqlen , 1 ) = ':';
22647     +   SOM_DIMENSION2 = 1 + mod( SOM_SEGMENT - 1, 2 );
22648     +   SOM_ID = put( SOM_DIMENSION1 ,8. );
MPRINT(EM_DIAGRAM):   length _dm8 $8;
22649     +   SOM_ID = left( SOM_ID );
MPRINT(EM_DIAGRAM):   _dm8 = put( SOM_DIMENSION2 , 8. );
22650     +   _vqlen = 1 + length( SOM_ID ); drop _vqlen;
MPRINT(EM_DIAGRAM):   _dm8 = left(_dm8);
MPRINT(EM_DIAGRAM):   drop _dm8;
22651     +   substr( SOM_ID , _vqlen , 1 ) = ':';
MPRINT(EM_DIAGRAM):   substr( SOM_ID , _vqlen+1 ) = _dm8;
22652     +   length _dm8 $8; _dm8 = put( SOM_DIMENSION2 , 8. );
MPRINT(EM_DIAGRAM):   end;
MPRINT(EM_DIAGRAM):   else do;
MPRINT(EM_DIAGRAM):   SOM_DIMENSION1 = .;
MPRINT(EM_DIAGRAM):   SOM_DIMENSION2 = .;
MPRINT(EM_DIAGRAM):   SOM_ID = ' ';
MPRINT(EM_DIAGRAM):   end;
22653     +   _dm8 = left(_dm8); drop _dm8;
22654     +   substr( SOM_ID , _vqlen+1 ) = _dm8;
MPRINT(EM_DIAGRAM):   SOMvlex :;
22655     +end;
22656     +else do; SOM_DIMENSION1 = .; SOM_DIMENSION2 = .; SOM_ID = ' '; end;
MPRINT(EM_DIAGRAM):   ***************************************;
MPRINT(EM_DIAGRAM):   *** End Scoring Code from PROC DMVQ ***;
22657     +SOMvlex :;
MPRINT(EM_DIAGRAM):   ***************************************;
22658     +
22659     +***************************************;
22660     +*** End Scoring Code from PROC DMVQ ***;
22661     +***************************************;
NOTE: %INCLUDE (level 1) ending.
MPRINT(EM_DIAGRAM):   run;
22662      run;

NOTE: DATA STEP view saved on file EMWS1.SOM_TRAIN.
NOTE: A stored DATA STEP view cannot run under a different operating system.
NOTE: View EMWS1.FILTER_TRAIN.VIEW used (Total process time):
      real time           0.12 seconds
      cpu time            0.12 seconds
      
NOTE: DATA statement used (Total process time):
      real time           0.15 seconds
      cpu time            0.15 seconds
      

MPRINT(EM_DIAGRAM):   quit;
22663      quit;
22664      filename emflow;
MPRINT(EM_DIAGRAM):   filename emflow;
NOTE: Fileref EMFLOW has been deassigned.
22666      *------------------------------------------------------------*;
MPRINT(EM_DIAGRAM):     *------------------------------------------------------------*;
22667      * SOM: Computing metadata for TRAIN data;
MPRINT(EM_DIAGRAM):   * SOM: Computing metadata for TRAIN data;
22668      *------------------------------------------------------------*;
MPRINT(EM_DIAGRAM):   *------------------------------------------------------------*;

NOTE: View EMWS1.SOM_TRAIN.VIEW used (Total process time):
      real time           0.12 seconds
      cpu time            0.12 seconds
      
MPRINT(EM_DIAGRAM):    *------------------------------------------------------------*;
MPRINT(EM_DIAGRAM):   * &nodeid: Computing Metadata for TRAIN data;
MPRINT(EM_DIAGRAM):   *------------------------------------------------------------*;
MPRINT(EM_DIAGRAM):   filename _delta "C:\Users\D059331\Desktop\DM_Insurance_segmentation\insurance_segmentation\Workspaces\EMWS1\SOM\CDELTA_TRAIN.sas";
MPRINT(EMADVISECOLUMNS):   proc display c=sashelp.emmeta.advisecolumns.scl;
MPRINT(EMADVISECOLUMNS):   run;
MPRINT(EMADVISECOLUMNS):    options validvarname=any;
MPRINT(EMADVISECOLUMNS):   proc contents data=EMWS1.SOM_TRAIN out=_tempAdvisor noprint;
MPRINT(EMADVISECOLUMNS):   run;
MPRINT(EMADVISECOLUMNS):   options validvarname=V7;
MPRINT(EMADVISECOLUMNS):    data _null_;
MPRINT(EMADVISECOLUMNS):   dsid = open('EMWS1.SOM_TRAIN');
MPRINT(EMADVISECOLUMNS):   call symput('_dsidTable', strip(put(dsid, best.)));
MPRINT(EMADVISECOLUMNS):   if dsid then do;
MPRINT(EMADVISECOLUMNS):   call symput('_engineTable', attrc(dsid, 'ENGINE'));
MPRINT(EMADVISECOLUMNS):   dsid = close(dsid);
MPRINT(EMADVISECOLUMNS):   end;
MPRINT(EMADVISECOLUMNS):   run;
MPRINT(EMADVISECOLUMNS):    proc contents data=EMWS1.SOM_TRAIN out=WORK.M2G8NZC_ noprint;
MPRINT(EMADVISECOLUMNS):   run;
MPRINT(EMADVISECOLUMNS):    data WORK.M2G8NZC_;
MPRINT(EMADVISECOLUMNS):   length NAME $ 64 TYPE $ 1 LABEL $ 200 FORMAT $ 20 INFORMAT $20 INDEX $ 1 INDEXTYPE $ 9;
MPRINT(EMADVISECOLUMNS):   label NAME =;
MPRINT(EMADVISECOLUMNS):   set WORK.M2G8NZC_(keep=name type length label format formatl formatd informat informl informd idxusage rename=(type=itype));
MPRINT(EMADVISECOLUMNS):   if itype = 1 then type = 'N';
MPRINT(EMADVISECOLUMNS):   else type = 'C';
MPRINT(EMADVISECOLUMNS):   if formatl > 0 then do;
MPRINT(EMADVISECOLUMNS):   if format ne ' ' then format = strip(format)!!strip(put(formatl, best12.))!!'.'!!strip(put(formatd, best12.));
MPRINT(EMADVISECOLUMNS):   else format = strip(put(formatl, best12.))!!'.'!!strip(put(formatd, best12.));
MPRINT(EMADVISECOLUMNS):   end;
MPRINT(EMADVISECOLUMNS):   else if format ne '' then format = strip(format)!!'.';
MPRINT(EMADVISECOLUMNS):   if informl > 0 then do;
MPRINT(EMADVISECOLUMNS):   if informat ne ' ' then informat = strip(informat)!!strip(put(informl, best12.))!!'.'!!strip(put(informd, best12.));
MPRINT(EMADVISECOLUMNS):   else informat = strip(put(informl, best12.))!!'.'!!strip(put(informd, best12.));
MPRINT(EMADVISECOLUMNS):   end;
MPRINT(EMADVISECOLUMNS):   else if informat ne '' then informat = strip(informat)!!'.';
MPRINT(EMADVISECOLUMNS):   if idxusage = 'NONE' then index ="N";
MPRINT(EMADVISECOLUMNS):   else index = "Y";
MPRINT(EMADVISECOLUMNS):   indextype = idxusage;
MPRINT(EMADVISECOLUMNS):   drop idxusage itype formatl formatd informl informd;
MPRINT(EMADVISECOLUMNS):   run;
MPRINT(EMADVISECOLUMNS):    data WORK.M2G8NZC_;
MPRINT(EMADVISECOLUMNS):   length UNAME $64;
MPRINT(EMADVISECOLUMNS):   set WORK.M2G8NZC_;
MPRINT(EMADVISECOLUMNS):   UNAME = upcase(NAME);
MPRINT(EMADVISECOLUMNS):   run;
MPRINT(EMADVISECOLUMNS):    proc sort data=WORK.M07H_13W NOTHREADS;
MPRINT(EMADVISECOLUMNS):   by UNAME;
MPRINT(EMADVISECOLUMNS):   run;
MPRINT(EMADVISECOLUMNS):    data WORK.M07H_13W;
MPRINT(EMADVISECOLUMNS):   drop UNAME;
MPRINT(EMADVISECOLUMNS):   set WORK.M07H_13W;
MPRINT(EMADVISECOLUMNS):   run;
MPRINT(EMADVISECOLUMNS):    data WORK.M1KQSFMR(keep=NAME ATTR);
MPRINT(EMADVISECOLUMNS):   length ATTR $ 20;
MPRINT(EMADVISECOLUMNS):   set WORK.M07H_13W;
MPRINT(EMADVISECOLUMNS):   if level ne "INTERVAL" then do;
MPRINT(EMADVISECOLUMNS):   if order = ' ' then do;
MPRINT(EMADVISECOLUMNS):   attr = 'ORDER';
MPRINT(EMADVISECOLUMNS):   output;
MPRINT(EMADVISECOLUMNS):   end;
MPRINT(EMADVISECOLUMNS):   end;
MPRINT(EMADVISECOLUMNS):   if format ne ' ' and formattype = ' ' then do;
MPRINT(EMADVISECOLUMNS):   attr = 'FORMATTYPE';
MPRINT(EMADVISECOLUMNS):   output;
MPRINT(EMADVISECOLUMNS):   end;
MPRINT(EMADVISECOLUMNS):   if role = ' ' then do;
MPRINT(EMADVISECOLUMNS):   attr = 'ROLE';
MPRINT(EMADVISECOLUMNS):   output;
MPRINT(EMADVISECOLUMNS):   end;
MPRINT(EMADVISECOLUMNS):   if level = ' ' then do;
MPRINT(EMADVISECOLUMNS):   attr = 'LEVEL';
MPRINT(EMADVISECOLUMNS):   output;
MPRINT(EMADVISECOLUMNS):   end;
MPRINT(EMADVISECOLUMNS):   if type = ' ' then do;
MPRINT(EMADVISECOLUMNS):   attr = 'TYPE';
MPRINT(EMADVISECOLUMNS):   output;
MPRINT(EMADVISECOLUMNS):   end;
MPRINT(EMADVISECOLUMNS):   if index = ' ' then do;
MPRINT(EMADVISECOLUMNS):   attr = 'INDEX';
MPRINT(EMADVISECOLUMNS):   output;
MPRINT(EMADVISECOLUMNS):   end;
MPRINT(EMADVISECOLUMNS):   if report = ' ' then do;
MPRINT(EMADVISECOLUMNS):   attr = 'REPORT';
MPRINT(EMADVISECOLUMNS):   output;
MPRINT(EMADVISECOLUMNS):   end;
MPRINT(EMADVISECOLUMNS):   run;
MPRINT(EMADVISECOLUMNS):   proc sort NOTHREADS;
MPRINT(EMADVISECOLUMNS):   by attr;
MPRINT(EMADVISECOLUMNS):   run;
MPRINT(EMADVISECOLUMNS):    data WORK.M07H_13W;
MPRINT(EMADVISECOLUMNS):   length NAME $64 ROLE $ 32 LEVEL $ 10 ORDER $ 8 CREATOR $32 FORMATTYPE $ 10 FAMILY $ 10 LOWERLIMIT 8 UPPERLIMIT 8 REPORT $1 DISTRIBUTION $ 20 COMMENT $64;
MPRINT(EMADVISECOLUMNS):   length levelAssigned 8 roleAssigned 8 PRICE 8;
MPRINT(EMADVISECOLUMNS):   set WORK.M07H_13W;
MPRINT(EMADVISECOLUMNS):   if formattype = ' ' then do;
MPRINT(EMADVISECOLUMNS):   if format ne ' ' then do;
MPRINT(EMADVISECOLUMNS):   if type = 'N' then do;
MPRINT(EMADVISECOLUMNS):   pos = indexc(format,'.1234567890');
MPRINT(EMADVISECOLUMNS):   if pos > 1 then tempfmt = substr(format,1, pos-1);
MPRINT(EMADVISECOLUMNS):   else tempfmt = ' ';
MPRINT(EMADVISECOLUMNS):   flen = length(tempfmt);
MPRINT(EMADVISECOLUMNS):   select;
MPRINT(EMADVISECOLUMNS):   when(tempfmt in ("DATE" "DAY" "DDMMYY" "DOWNAME" "JULDAY" "JULIAN" "MMDDYY" "MMDDYYD" "MMDDYYC" "MMDDYYN" "MMDDYYP" "MMDDYYS" "MONNAME" "MONTH" "MONYY" "NENGO" "QTR" "QTRR" "WEEKDATE" "WEEKDATX" "WEEKDAY" "WORDDATE" "WORDDATX" 
"YEAR" "YYMMDD" "YYMON" "YYMMDDC" "YYMMDDD" "YYMMDDN" "YYMMDDP" "YYMMDDS" "EURDFDE" "NJDATE" "NLDATE" "EURDFDD" "EURDFDWN" "EURDFMN" "EURDFMY" "EURDFWK" "EURDFWKX" "EURDFWDX" "EURDFDN" "EURDFDE" )) formattype = 'DATE';
MPRINT(EMADVISECOLUMNS):   when(tempfmt in ("DATETIME" "EURDFDT" "TOD" )) formattype = "DATETIME";
MPRINT(EMADVISECOLUMNS):   when(tempfmt in ("HHMM" "HOUR" "MMSS" "TIME" "TIMEAMPM" )) formattype = "TIME";
MPRINT(EMADVISECOLUMNS):   when(tempfmt in ("COMMA" "COMMAX" "DOLLAR" "DOLLARX" "E" "FRACT" "NEGPAREN" "PERCENT")) formattype="QUANTITY";
MPRINT(EMADVISECOLUMNS):   when(tempfmt in ("BINARY" "HEX" "IB" "OCTAL" "PD" "PIB" "PK" "RB" "SSN" "Z" "ZD")) formattype = "CODING";
MPRINT(EMADVISECOLUMNS):   otherwise do;
MPRINT(EMADVISECOLUMNS):   formattype = "USER";
MPRINT(EMADVISECOLUMNS):   if substr(tempfmt, 1, 6)='NLDATE' then formattype = "DATE";
MPRINT(EMADVISECOLUMNS):   else if substr(tempfmt, 1, 6)='NLDATM' then formattype = "DATETIME";
MPRINT(EMADVISECOLUMNS):   else if substr(tempfmt, 1, 4)='NLTIM' then formattype = "TIME";
MPRINT(EMADVISECOLUMNS):   else if flen >= 4 then do;
MPRINT(EMADVISECOLUMNS):   str = substr(tempfmt,1,4);
MPRINT(EMADVISECOLUMNS):   if str in ("MMYY" "YYMM" "YYQR") then formattype ="DATE";
MPRINT(EMADVISECOLUMNS):   else if str = "S370" then formattype = "CODING";
MPRINT(EMADVISECOLUMNS):   else if str = "BEST" then formattype = "NUM";
MPRINT(EMADVISECOLUMNS):   drop str;
MPRINT(EMADVISECOLUMNS):   end;
MPRINT(EMADVISECOLUMNS):   else if flen >=3 and substr(tempfmt,1,3) = "YYQ" then formatType = "DATE";
MPRINT(EMADVISECOLUMNS):   end;
MPRINT(EMADVISECOLUMNS):   end;
MPRINT(EMADVISECOLUMNS):   drop flen tempfmt pos;
MPRINT(EMADVISECOLUMNS):   end;
MPRINT(EMADVISECOLUMNS):   else do;
MPRINT(EMADVISECOLUMNS):   formatType = "CATEGORY";
MPRINT(EMADVISECOLUMNS):   end;
MPRINT(EMADVISECOLUMNS):   end;
MPRINT(EMADVISECOLUMNS):   if formatType = "NUM" then do;
MPRINT(EMADVISECOLUMNS):   if index = "Y" then formatType = "DISCRETE";
MPRINT(EMADVISECOLUMNS):   else formatType = "QUANTITY";
MPRINT(EMADVISECOLUMNS):   end;
MPRINT(EMADVISECOLUMNS):   end;
MPRINT(EMADVISECOLUMNS):   if level = ' ' then do;
MPRINT(EMADVISECOLUMNS):   if formatType in ("CATEGORY", "CODING", "ID") or type = "C" then level = "NOMINAL";
MPRINT(EMADVISECOLUMNS):   else level = "INTERVAL";
MPRINT(EMADVISECOLUMNS):   levelAssigned = 1;
MPRINT(EMADVISECOLUMNS):   end;
MPRINT(EMADVISECOLUMNS):   else level = upcase(level);
MPRINT(EMADVISECOLUMNS):   if role = ' ' then do;
MPRINT(EMADVISECOLUMNS):   length name_prefix $8 _uname $64;
MPRINT(EMADVISECOLUMNS):   drop name_prefix _uname _freqflag;
MPRINT(EMADVISECOLUMNS):   retain _freqflag;
MPRINT(EMADVISECOLUMNS):   if LENGTH> 80 then ROLE = 'TEXT';
MPRINT(EMADVISECOLUMNS):   _uname = upcase(NAME);
MPRINT(EMADVISECOLUMNS):   select(_uname);
MPRINT(EMADVISECOLUMNS):   when('_WARN_') ROLE = 'ASSESS';
MPRINT(EMADVISECOLUMNS):   when('EM_SEGMENT') do;
MPRINT(EMADVISECOLUMNS):   ROLE = 'SEGMENT';
MPRINT(EMADVISECOLUMNS):   LEVEL = 'NOMINAL';
MPRINT(EMADVISECOLUMNS):   end;
MPRINT(EMADVISECOLUMNS):   when('_NODE_') do;
MPRINT(EMADVISECOLUMNS):   ROLE = 'SEGMENT';
MPRINT(EMADVISECOLUMNS):   LEVEL = 'NOMINAL';
MPRINT(EMADVISECOLUMNS):   end;
MPRINT(EMADVISECOLUMNS):   when('EM_CLASSTARGET') ROLE = 'ASSESS';
MPRINT(EMADVISECOLUMNS):   when('EM_VALUETARGET') ROLE = 'ASSESS';
MPRINT(EMADVISECOLUMNS):   when('EM_PREDICTION') ROLE = 'PREDICT';
MPRINT(EMADVISECOLUMNS):   when('EM_PROBABILITY') ROLE = 'PREDICT';
MPRINT(EMADVISECOLUMNS):   when('EM_EVENTPROBABILITY') ROLE = 'PREDICT';
MPRINT(EMADVISECOLUMNS):   when('EM_CLASSIFICATION') ROLE = 'CLASSIFICATION';
MPRINT(EMADVISECOLUMNS):   when('EM_DECISION') ROLE = 'DECISION';
MPRINT(EMADVISECOLUMNS):   when('EM_PROFIT') ROLE = 'ASSESS';
MPRINT(EMADVISECOLUMNS):   when('EM_LOSS') ROLE = 'ASSESS';
MPRINT(EMADVISECOLUMNS):   when('EM_ROI') ROLE = 'ASSESS';
MPRINT(EMADVISECOLUMNS):   when('URI') ROLE = 'URL';
MPRINT(EMADVISECOLUMNS):   when('FILTERED') ROLE = 'TEXTLOC';
MPRINT(EMADVISECOLUMNS):   otherwise do;
MPRINT(EMADVISECOLUMNS):   if upcase(NAME) =: 'ZIP' then do;
MPRINT(EMADVISECOLUMNS):   ROLE = 'REJECTED';
MPRINT(EMADVISECOLUMNS):   LEVEL = 'NOMINAL';
MPRINT(EMADVISECOLUMNS):   COMMENT = 'Rejected by: Exceed the maximum class level of %s';
MPRINT(EMADVISECOLUMNS):   end;
MPRINT(EMADVISECOLUMNS):   else if upcase(NAME) in('FREQ', 'FREQUENCY') then do;
MPRINT(EMADVISECOLUMNS):   ROLE = 'FREQ';
MPRINT(EMADVISECOLUMNS):   if TYPE = 'C' then ROLE = 'INPUT';
MPRINT(EMADVISECOLUMNS):   else if _freqflag =1 then ROLE='REJECTED';
MPRINT(EMADVISECOLUMNS):   end;
MPRINT(EMADVISECOLUMNS):   else do;
MPRINT(EMADVISECOLUMNS):   name_prefix = scan(_uname, 1, '_');
MPRINT(EMADVISECOLUMNS):   if scan(_uname, 2, '_') = '' then name_prefix='';
MPRINT(EMADVISECOLUMNS):   if name_prefix in('F', 'I', 'U') then do;
MPRINT(EMADVISECOLUMNS):   ROLE = 'CLASSIFICATION';
MPRINT(EMADVISECOLUMNS):   LEVEL = 'NOMINAL';
MPRINT(EMADVISECOLUMNS):   end;
MPRINT(EMADVISECOLUMNS):   else if name_prefix in('P', 'V') then ROLE = 'PREDICT';
MPRINT(EMADVISECOLUMNS):   else if name_prefix in('R', 'RS', 'RT', 'RD', 'RDS', 'RDT', 'RA', 'RAS', 'RAT') then ROLE = 'RESIDUAL';
MPRINT(EMADVISECOLUMNS):   else if name_prefix ='D' then do;
MPRINT(EMADVISECOLUMNS):   ROLE = 'DECISION';
MPRINT(EMADVISECOLUMNS):   LEVEL = 'NOMINAL';
MPRINT(EMADVISECOLUMNS):   end;
MPRINT(EMADVISECOLUMNS):   else if name_prefix ='B' then do;
MPRINT(EMADVISECOLUMNS):   ROLE = 'SEGMENT';
MPRINT(EMADVISECOLUMNS):   LEVEL = 'NOMINAL';
MPRINT(EMADVISECOLUMNS):   end;
MPRINT(EMADVISECOLUMNS):   else if name_prefix in('EP', 'BP', 'CP', 'EL', 'CL', 'BL', 'W', 'ROI', 'IC') then ROLE = 'ASSESS';
MPRINT(EMADVISECOLUMNS):   else do;
MPRINT(EMADVISECOLUMNS):   array _ROLE_ (19) $32 _TEMPORARY_ ('ASSESS','CLASSIFICATION','CENSOR', 'COST', 'CROSSID', 'DECISION', 'ID','INPUT', 'LABEL', 'MISSING','PREDICT','REFERRER','REJECTED', 'RESIDUAL','SEGMENT', 'SEQUENCE','TARGET', 'TEXT', 'TIMEID');
MPRINT(EMADVISECOLUMNS):   drop _found_ i;
MPRINT(EMADVISECOLUMNS):   _found_=0;
MPRINT(EMADVISECOLUMNS):   do i=1 to 19 until(_found_=1);
MPRINT(EMADVISECOLUMNS):   if index(_uname, trim(_ROLE_{i}))=1 then do;
MPRINT(EMADVISECOLUMNS):   ROLE=_ROLE_{i};
MPRINT(EMADVISECOLUMNS):   if ROLE = 'ID' then LEVEL = 'NOMINAL';
MPRINT(EMADVISECOLUMNS):   else if ROLE = 'SEGMENT' then LEVEL = 'NOMINAL';
MPRINT(EMADVISECOLUMNS):   else if ROLE = 'TIMEID' and TYPE='N' then LEVEL = 'INTERVAL';
MPRINT(EMADVISECOLUMNS):   _found_=1;
MPRINT(EMADVISECOLUMNS):   end;
MPRINT(EMADVISECOLUMNS):   end;
MPRINT(EMADVISECOLUMNS):   if length(_uname)>2 then do;
MPRINT(EMADVISECOLUMNS):   if substr(reverse(trim(_uname)), 1, 3) = 'DI_' then do;
MPRINT(EMADVISECOLUMNS):   ROLE = 'ID';
MPRINT(EMADVISECOLUMNS):   LEVEL = 'NOMINAL';
MPRINT(EMADVISECOLUMNS):   end;
MPRINT(EMADVISECOLUMNS):   end;
MPRINT(EMADVISECOLUMNS):   end;
MPRINT(EMADVISECOLUMNS):   end;
MPRINT(EMADVISECOLUMNS):   end;
MPRINT(EMADVISECOLUMNS):   end;
MPRINT(EMADVISECOLUMNS):   if ROLE='FREQ' then _freqflag=1;
MPRINT(EMADVISECOLUMNS):   else if ROLE = 'CLASSIFICATION' then LEVEL = 'NOMINAL';
MPRINT(EMADVISECOLUMNS):   end;
MPRINT(EMADVISECOLUMNS):   if role = ' ' then do;
MPRINT(EMADVISECOLUMNS):   if formattype in('DATE', 'DATETIME', 'TIME') then role = 'TIMEID';
MPRINT(EMADVISECOLUMNS):   else role = 'INPUT';
MPRINT(EMADVISECOLUMNS):   roleAssigned = 1;
MPRINT(EMADVISECOLUMNS):   end;
MPRINT(EMADVISECOLUMNS):   else role = upcase(role);
MPRINT(EMADVISECOLUMNS):   if REPORT = '' then REPORT = 'N';
MPRINT(EMADVISECOLUMNS):   run;
MPRINT(EMADVISECOLUMNS):    data WORK.M07H_13W;
MPRINT(EMADVISECOLUMNS):   set WORK.M07H_13W;
MPRINT(EMADVISECOLUMNS):   label NAME = "Variable Name" TYPE = "Type" ROLE = "Role" LEVEL= "Measurement Level" ORDER= "Order" CREATOR= "Creator" FORMATTYPE= "Format Type" FAMILY= "Family" DISTRIBUTION= "Distribution" PRICE= "Price" LOWERLIMIT= "Lower 
limit" UPPERLIMIT= "Upper Limit" REPORT= "Report" COMMENT= "Comment" INDEX= "Index" INDEXTYPE= "IndexType" LABEL= "Label" LENGTH= "Length";
MPRINT(EMADVISECOLUMNS):   drop levelAssigned roleAssigned;
MPRINT(EMADVISECOLUMNS):   run;
MPRINT(EMADVISECOLUMNS):   
MPRINT(EM_DIAGRAM):  ;
MPRINT(EM_DIAGRAM):   proc sort data=WORK.COLUMNMETA;
MPRINT(EM_DIAGRAM):   by NAME;
MPRINT(EM_DIAGRAM):   run;
MPRINT(EM_DIAGRAM):   *------------------------------------------------------------*;
MPRINT(EM_DIAGRAM):   * &nodeid: Merge incoming metadata;
MPRINT(EM_DIAGRAM):   *------------------------------------------------------------*;
MPRINT(EM_DIAGRAM):   proc contents data=EMWS1.Filter_TRAIN noprint out=_temp2(keep=NAME);
MPRINT(EM_DIAGRAM):   run;
MPRINT(EM_DIAGRAM):   proc sort data=_temp2;
MPRINT(EM_DIAGRAM):   by NAME;
MPRINT(EM_DIAGRAM):   run;
MPRINT(EM_DIAGRAM):   proc sort data=EMWS1.Filter_CMeta_TRAIN out=_temp;
MPRINT(EM_DIAGRAM):   by NAME;
MPRINT(EM_DIAGRAM):   run;
MPRINT(EM_DIAGRAM):   data EMWS1.SOM_CMeta_TRAIN;
MPRINT(EM_DIAGRAM):   merge WORK.COLUMNMETA(in=_a) _temp2(in=_b) _temp(drop=FORMAT INFORMAT LENGTH INDEX INDEXTYPE in=_c) end=_eof_;
MPRINT(EM_DIAGRAM):   by NAME;
MPRINT(EM_DIAGRAM):   if (^_a and _b) or (^_c and _a and _b) then delete;
MPRINT(EM_DIAGRAM):   if ^_b then CREATOR = "SOM";
MPRINT(EM_DIAGRAM):   *------------------------------------------------------------*;
MPRINT(EM_DIAGRAM):   * SOM: Apply Delta Code;
MPRINT(EM_DIAGRAM):   *------------------------------------------------------------*;
MPRINT(EM_DIAGRAM):   select(UPCASE(NAME));
MPRINT(EM_DIAGRAM):   when('SEGMENT') do;
MPRINT(EM_DIAGRAM):   ROLE = "SEGMENT";
MPRINT(EM_DIAGRAM):   LEVEL = "NOMINAL";
MPRINT(EM_DIAGRAM):   end;
MPRINT(EM_DIAGRAM):   when('SOM_SEGMENT') do;
MPRINT(EM_DIAGRAM):   ROLE = "SEGMENT";
MPRINT(EM_DIAGRAM):   LEVEL = "NOMINAL";
MPRINT(EM_DIAGRAM):   end;
MPRINT(EM_DIAGRAM):   when('SOM_DIMENSION1') do;
MPRINT(EM_DIAGRAM):   ROLE = 'INPUT';
MPRINT(EM_DIAGRAM):   LEVEL = 'NOMINAL';
MPRINT(EM_DIAGRAM):   end;
MPRINT(EM_DIAGRAM):   when('SOM_DIMENSION2') do;
MPRINT(EM_DIAGRAM):   ROLE = 'INPUT';
MPRINT(EM_DIAGRAM):   LEVEL = 'NOMINAL';
MPRINT(EM_DIAGRAM):   end;
MPRINT(EM_DIAGRAM):   when('DISTANCE') do;
MPRINT(EM_DIAGRAM):   ROLE = 'REJECTED';
MPRINT(EM_DIAGRAM):   LEVEL = 'INTERVAL';
MPRINT(EM_DIAGRAM):   end;
MPRINT(EM_DIAGRAM):   when('_IMPUTE_') do;
MPRINT(EM_DIAGRAM):   ROLE = 'REJECTED';
MPRINT(EM_DIAGRAM):   LEVEL = 'INTERVAL';
MPRINT(EM_DIAGRAM):   end;
MPRINT(EM_DIAGRAM):   when('SOM_ID') delete;
MPRINT(EM_DIAGRAM):   otherwise;
MPRINT(EM_DIAGRAM):   end;
MPRINT(EM_DIAGRAM):   run;
MPRINT(EM_DIAGRAM):   filename _delta;
NOTE: View EMWS1.SOM_TRAIN.VIEW used (Total process time):
      real time           0.12 seconds
      cpu time            0.12 seconds
      
MPRINT(EM_DIAGRAM):    proc printto;
MPRINT(EM_DIAGRAM):   run;
