 
                                                                                                                                                                                                                                                                
 
 
Variable Summary

            Measurement    Frequency
Role           Level         Count

ASSESS       NOMINAL            1   
INPUT        BINARY             1   
INPUT        INTERVAL          13   
INPUT        NOMINAL            1   
INPUT        ORDINAL            1   
REJECTED     INTERVAL           2   
 
                                                                                                                                                                                                                                                                
 
Class Variables

Obs            NAME             LEVEL                CODE     FREQUENCY    TYPE    CRAW               NRAW    FREQPERCENT    NMISSPERCENT

  1    IMP_EducationalDegree    1 - BASIC               1          1272     C      1 - Basic            .       12.3543         12.3543  
  2    IMP_EducationalDegree    2 - HIGH SCHOOL         0          3516     C      2 - High School      .       34.1492         34.1492  
  3    IMP_EducationalDegree    3 - BSC/MSC             2          4810     C      3 - BSc/MSc          .       46.7172         46.7172  
  4    IMP_EducationalDegree    4 - PHD                 3           698     C      4 - PhD              .        6.7793          6.7793  
  5    IMP_GeographicLiving     1                       0          3048     N                           1       29.6037         29.6037  
  6    IMP_GeographicLiving     2                       3          1037     N                           2       10.0719         10.0719  
  7    IMP_GeographicLiving     3                       2          2066     N                           3       20.0660         20.0660  
  8    IMP_GeographicLiving     4                       1          4145     N                           4       40.2584         40.2584  
  9    IMP_HasChildren          0                       1          3016     N                           0       29.2929         29.2929  
 10    IMP_HasChildren          1                       0          7280     N                           1       70.7071         70.7071  
 
                                                                                                                                                                                                                                                                
 
Interval Variables

Obs    NAME                             NMISS            N           MIN          MAX       MEAN        STD    SKEWNESS    KURTOSIS

  1    ClaimsRate                           0        10296          0.00       256.20       0.74       2.92     71.2099     5877.86
  2    CustomerMonetaryValue                0        10296    -165680.42     11875.89     177.89    1945.81    -67.0427     5323.18
  3    IMP_FirstPolicyYear              10296            0           .            .          .          .         .             .  
  4    IMP_GrossMonthlySalary               0        10296        665.00    110429.76    5012.80    2310.85     11.2708      476.06
  5    IMP_PremiumsinLOBHealth              0        10296         -2.11     28272.00     171.54     295.79     84.6964     7947.38
  6    IMP_PremiumsinLOBLife                0        10296         -7.00       398.30      41.69      47.27      2.1068        5.81
  7    IMP_PremiumsinLOBMotor               0        10296         -4.11     11604.42     300.46     211.56     23.9105     1099.93
  8    IMP_PremiumsinLOBWorkComp            0        10296        -12.00      1988.70      41.15      51.32      7.4682      214.34
  9    IMP_REP_CustomerAge                  0        10296         15.00        81.00      47.90      17.38     -0.0139       -1.16
 10    IMP_REP_FirstPolicyYear              0        10296       1974.00      1998.00    1986.02       6.60     -0.0219       -1.16
 11    LOYALTY                          10296            0           .            .          .          .         .             .  
 12    PremiumsinLOBHousehold               0        10296        -75.00     25048.80     210.43     352.60     36.0540     2427.16
 13    TOTAL_PREMIUM                        0        10296        354.18     29331.32     765.28     471.35     40.0524     2147.16
