 
                                                                                                                                                                                                                                                                
 
Imputation Summary
Number Of Observations

                                                                                                                                         Number of
                         Impute                                                          Measurement                                       Missing
Variable Name            Method    Imputed Variable             Impute Value    Role        Level                  Label                 for TRAIN

EducationalDegree        COUNT     IMP_EducationalDegree        3 - BSc/MSc     INPUT     ORDINAL                                               17
GeographicLiving         COUNT     IMP_GeographicLiving                    4    INPUT     NOMINAL                                                1
GrossMonthlySalary       MEAN      IMP_GrossMonthlySalary       5012.8385565    INPUT     INTERVAL                                              36
HasChildren              COUNT     IMP_HasChildren                         1    INPUT     BINARY                                                21
PremiumsinLOBHealth      MEAN      IMP_PremiumsinLOBHealth      171.58083293    INPUT     INTERVAL                                              43
PremiumsinLOBLife        MEAN      IMP_PremiumsinLOBLife        41.855781986    INPUT     INTERVAL                                             104
PremiumsinLOBMotor       MEAN      IMP_PremiumsinLOBMotor       300.47025239    INPUT     INTERVAL                                              34
PremiumsinLOBWorkComp    MEAN      IMP_PremiumsinLOBWorkComp    41.277514202    INPUT     INTERVAL                                              86
REP_CustomerAge          MEAN      IMP_REP_CustomerAge          47.900758903    INPUT     INTERVAL      Replacement: CustomerAge                18
REP_FirstPolicyYear      MEAN      IMP_REP_FirstPolicyYear      1986.0170482    INPUT     INTERVAL      Replacement: FirstPolicyYear            31
 
                                                                                                                                                                                                                                                                
 
 
Variable Distribution Training Data

        Number of
          Missing    Number of    Percent of
Obs     for TRAIN    Variables     Variables

  1           104        1            10    
  2            86        1            10    
  3            43        1            10    
  4            36        1            10    
  5            34        1            10    
  6            31        1            10    
  7            21        1            10    
  8            18        1            10    
  9            17        1            10    
 10             1        1            10    
