MPRINT(EM_DIAGRAM):    data _null_;
MPRINT(EM_DIAGRAM):   call symput('NLDATE', strip(put(date(), NLDATE.)));
MPRINT(EM_DIAGRAM):   call symput('NLTIME', strip(put(datetime(), NLTIME.)));
MPRINT(EM_DIAGRAM):   run;
MPRINT(EM_DIAGRAM):   data _null_;
MPRINT(EM_DIAGRAM):   nldate= sasmsg("sashelp.dmine", "log_date_note", 'N', "December 29, 2015" );
MPRINT(EM_DIAGRAM):   nltime= sasmsg("sashelp.dmine", "log_time_note", 'N', "15:39:43" );
MPRINT(EM_DIAGRAM):   put "*------------------------------------------------------------*";
MPRINT(EM_DIAGRAM):   put "* Training Log";
MPRINT(EM_DIAGRAM):   put nldate;
MPRINT(EM_DIAGRAM):   put nltime;
MPRINT(EM_DIAGRAM):   put "*------------------------------------------------------------*";
MPRINT(EM_DIAGRAM):   run;
*------------------------------------------------------------*
* Training Log
Date:                December 29, 2015
Time:                15:39:43
*------------------------------------------------------------*
MPRINT(EM_DIAGRAM):    filename O2TH3YAR "\\Mac\Home\Documents\DataMining\DM-CustomerSegmentation-master\insurance_segmentation\Workspaces\EMWS1\Stat2\EMTRAIN.out" encoding="UTF-8" NOBOM;
MPRINT(EM_DIAGRAM):   proc printto print=O2TH3YAR new;
MPRINT(EM_DIAGRAM):   run;
MPRINT(EM_DIAGRAM):    filename _LOG "\\Mac\Home\Documents\DataMining\DM-CustomerSegmentation-master\insurance_segmentation\Workspaces\EMWS1\Stat2\EMLOG.log" encoding="UTF-8" NOBOM;
MPRINT(EM_DIAGRAM):    data _null_;
MPRINT(EM_DIAGRAM):   call symput('NLDATE', strip(put(date(), NLDATE.)));
MPRINT(EM_DIAGRAM):   call symput('NLTIME', strip(put(datetime(), NLTIME.)));
MPRINT(EM_DIAGRAM):   run;
MPRINT(EM_DIAGRAM):   data _null_;
MPRINT(EM_DIAGRAM):   nldate= sasmsg("sashelp.dmine", "log_date_note", 'N', "December 29, 2015" );
MPRINT(EM_DIAGRAM):   nltime= sasmsg("sashelp.dmine", "log_time_note", 'N', "15:39:44" );
MPRINT(EM_DIAGRAM):   file _LOG;
MPRINT(EM_DIAGRAM):   put "*------------------------------------------------------------*";
MPRINT(EM_DIAGRAM):   put "User:                raquel";
MPRINT(EM_DIAGRAM):   put nldate;
MPRINT(EM_DIAGRAM):   put nltime;
MPRINT(EM_DIAGRAM):   put "Site:                70107571";
MPRINT(EM_DIAGRAM):   put "Platform:            X64_7PRO";
MPRINT(EM_DIAGRAM):   put "Maintenance Release: 9.03.01M2P081512";
MPRINT(EM_DIAGRAM):   put "EM Version:          12.1";
MPRINT(EM_DIAGRAM):   put "* ";
MPRINT(EM_DIAGRAM):   run;
MPRINT(EM_DIAGRAM):    filename _LOGIN "\\Mac\Home\Documents\DataMining\DM-CustomerSegmentation-master\insurance_segmentation\Workspaces\EMWS1\Stat2\EMTRAIN.log" encoding="UTF-8" NOBOM;
MPRINT(EM_COPYFILE):   data _null_;
MPRINT(EM_COPYFILE):   length line $20000;
MPRINT(EM_COPYFILE):   file _LOG MOD lrecl=20000;
MPRINT(EM_COPYFILE):   fid=fopen("_LOGIN",'i',20000,'v');
MPRINT(EM_COPYFILE):   if fid > 0 then do;
MPRINT(EM_COPYFILE):   do while(^fread(fid));
MPRINT(EM_COPYFILE):   rlen = frlen(fid);
MPRINT(EM_COPYFILE):   rc= fget(fid,line,20000);
MPRINT(EM_COPYFILE):   start = length(line)-length(left(line))+1;
MPRINT(EM_COPYFILE):   line=strip(line);
MPRINT(EM_COPYFILE):   put @start line;
MPRINT(EM_COPYFILE):   end;
MPRINT(EM_COPYFILE):   if fid > 0 then rc=fclose(fid);
MPRINT(EM_COPYFILE):   end;
MPRINT(EM_COPYFILE):   run;
MPRINT(EM_DIAGRAM):  ;
MPRINT(EM_DIAGRAM):   filename _LOGIN;
MPRINT(EM_DIAGRAM):    data _null_;
MPRINT(EM_DIAGRAM):   file _LOG mod;
MPRINT(EM_DIAGRAM):   put _page_;
MPRINT(EM_DIAGRAM):   run;
MPRINT(EM_DIAGRAM):   filename _LOGIN "\\Mac\Home\Documents\DataMining\DM-CustomerSegmentation-master\insurance_segmentation\Workspaces\EMWS1\Stat2\EMSCORE.log" encoding="UTF-8" NOBOM;
MPRINT(EM_DIAGRAM):  ;
MPRINT(EM_DIAGRAM):   data _null_;
MPRINT(EM_DIAGRAM):   file _LOG mod;
MPRINT(EM_DIAGRAM):   put _page_;
MPRINT(EM_DIAGRAM):   run;
MPRINT(EM_DIAGRAM):    filename _LOGIN "\\Mac\Home\Documents\DataMining\DM-CustomerSegmentation-master\insurance_segmentation\Workspaces\EMWS1\Stat2\EMREPORT.log" encoding="UTF-8" NOBOM;
MPRINT(EM_DIAGRAM):  ;
MPRINT(EM_DIAGRAM):   filename _LOGIN;
MPRINT(EM_DIAGRAM):    filename _LOG;
MPRINT(EM_DIAGRAM):    filename _OUT "\\Mac\Home\Documents\DataMining\DM-CustomerSegmentation-master\insurance_segmentation\Workspaces\EMWS1\Stat2\EMOUTPUT.out" encoding="UTF-8" NOBOM;
MPRINT(EM_DIAGRAM):    data _null_;
MPRINT(EM_DIAGRAM):   call symput('NLDATE', strip(put(date(), NLDATE.)));
MPRINT(EM_DIAGRAM):   call symput('NLTIME', strip(put(datetime(), NLTIME.)));
MPRINT(EM_DIAGRAM):   run;
MPRINT(EM_DIAGRAM):   data _null_;
MPRINT(EM_DIAGRAM):   nldate= sasmsg("sashelp.dmine", "log_date_note", 'N', "December 29, 2015" );
MPRINT(EM_DIAGRAM):   nltime= sasmsg("sashelp.dmine", "log_time_note", 'N', "15:39:44" );
MPRINT(EM_DIAGRAM):   file _OUT;
MPRINT(EM_DIAGRAM):   put "*------------------------------------------------------------*";
MPRINT(EM_DIAGRAM):   put "User:                raquel";
MPRINT(EM_DIAGRAM):   put nldate;
MPRINT(EM_DIAGRAM):   put nltime;
MPRINT(EM_DIAGRAM):   put "*------------------------------------------------------------*";
MPRINT(EM_DIAGRAM):   put "* Training Output";
MPRINT(EM_DIAGRAM):   put "*------------------------------------------------------------*";
MPRINT(EM_DIAGRAM):   run;
MPRINT(EM_DIAGRAM):    filename _OUTIN "\\Mac\Home\Documents\DataMining\DM-CustomerSegmentation-master\insurance_segmentation\Workspaces\EMWS1\Stat2\EMTRAIN.out" encoding="UTF-8" NOBOM;
MPRINT(EM_DIAGRAM):   ;
MPRINT(EM_COPYFILE):   data _null_;
MPRINT(EM_COPYFILE):   length line $20000;
MPRINT(EM_COPYFILE):   file _OUT MOD lrecl=20000;
MPRINT(EM_COPYFILE):   fid=fopen("_OUTIN",'i',20000,'v');
MPRINT(EM_COPYFILE):   if fid > 0 then do;
MPRINT(EM_COPYFILE):   do while(^fread(fid));
MPRINT(EM_COPYFILE):   rlen = frlen(fid);
MPRINT(EM_COPYFILE):   rc= fget(fid,line,20000);
MPRINT(EM_COPYFILE):   start = length(line)-length(left(line))+1;
MPRINT(EM_COPYFILE):   line=strip(line);
MPRINT(EM_COPYFILE):   put @start line;
MPRINT(EM_COPYFILE):   end;
MPRINT(EM_COPYFILE):   if fid > 0 then rc=fclose(fid);
MPRINT(EM_COPYFILE):   end;
MPRINT(EM_COPYFILE):   run;
MPRINT(EM_DIAGRAM):  ;
MPRINT(EM_DIAGRAM):   filename _OUTIN;
MPRINT(EM_DIAGRAM):    data _null_;
MPRINT(EM_DIAGRAM):   file _OUT mod;
MPRINT(EM_DIAGRAM):   put _page_;
MPRINT(EM_DIAGRAM):   put // "*------------------------------------------------------------*";
MPRINT(EM_DIAGRAM):   put "* Score Output";
MPRINT(EM_DIAGRAM):   put "*------------------------------------------------------------*";
MPRINT(EM_DIAGRAM):   run;
MPRINT(EM_DIAGRAM):    filename _OUTIN "\\Mac\Home\Documents\DataMining\DM-CustomerSegmentation-master\insurance_segmentation\Workspaces\EMWS1\Stat2\EMSCORE.out" encoding="UTF-8" NOBOM;
MPRINT(EM_DIAGRAM):  ;
MPRINT(EM_DIAGRAM):   filename _OUTIN;
MPRINT(EM_DIAGRAM):    data _null_;
MPRINT(EM_DIAGRAM):   file _OUT mod;
MPRINT(EM_DIAGRAM):   put _page_;
MPRINT(EM_DIAGRAM):   put // "*------------------------------------------------------------*";
MPRINT(EM_DIAGRAM):   put "* Report Output";
MPRINT(EM_DIAGRAM):   put "*------------------------------------------------------------*";
MPRINT(EM_DIAGRAM):   run;
MPRINT(EM_DIAGRAM):    filename _OUTIN "\\Mac\Home\Documents\DataMining\DM-CustomerSegmentation-master\insurance_segmentation\Workspaces\EMWS1\Stat2\EMREPORT.out" encoding="UTF-8" NOBOM;
MPRINT(EM_DIAGRAM):  ;
MPRINT(EM_DIAGRAM):   filename _OUTIN;
MPRINT(EM_DIAGRAM):    filename _OUT;
MPRINT(EM_DIAGRAM):    filename _emtool_ '\\Mac\Home\Documents\DataMining\DM-CustomerSegmentation-master\insurance_segmentation\Workspaces\EMWS1\Stat2\EMRUNSTATUS.xml' encoding="UTF-8" NOBOM;
20933      proc freq data=EMWS1.Stat2_VariableSet noprint;
MPRINT(EM_DIAGRAM):    proc freq data=EMWS1.Stat2_VariableSet noprint;
20934      table ROLE*LEVEL/out=WORK.Stat2META;
MPRINT(EM_DIAGRAM):   table ROLE*LEVEL/out=WORK.Stat2META;
20935      run;
MPRINT(EM_DIAGRAM):   run;

NOTE: There were 19 observations read from the data set EMWS1.STAT2_VARIABLESET.
NOTE: The data set WORK.STAT2META has 6 observations and 4 variables.
NOTE: PROCEDURE FREQ used (Total process time):
      real time           0.01 seconds
      cpu time            0.01 seconds
      

20936      proc print data=WORK.Stat2META label noobs;
MPRINT(EM_DIAGRAM):   proc print data=WORK.Stat2META label noobs;
20937      var ROLE LEVEL COUNT;
MPRINT(EM_DIAGRAM):   var ROLE LEVEL COUNT;
20938      label ROLE = "%sysfunc(sasmsg(sashelp.dmine, meta_role_vlabel, NOQUOTE))" LEVEL = "%sysfunc(sasmsg(sashelp.dmine, meta_level_vlabel, NOQUOTE))" COUNT = "%sysfunc(sasmsg(sashelp.dmine, rpt_count_vlabel, NOQUOTE))";
MPRINT(EM_DIAGRAM):   label ROLE = "Role" LEVEL = "Measurement Level" COUNT = "Frequency Count";
20939      title9 ' ';
MPRINT(EM_DIAGRAM):   title9 ' ';
20940      title10 "%sysfunc(sasmsg(sashelp.dmine, rpt_varSummary_title  , NOQUOTE))";
MPRINT(EM_DIAGRAM):   title10 "Variable Summary";
MPRINT(EM_DIAGRAM):   run;
20941      run;

NOTE: There were 6 observations read from the data set WORK.STAT2META.
NOTE: The PROCEDURE PRINT printed page 1.
NOTE: PROCEDURE PRINT used (Total process time):
      real time           0.00 seconds
      cpu time            0.00 seconds
      

20942      title10;
MPRINT(EM_DIAGRAM):   title10;
20943      data WORK.M0DEXVE3;
MPRINT(EM_DIAGRAM):    data WORK.M0DEXVE3;
20944      set WORK.M0DEXVE3;
MPRINT(EM_DIAGRAM):   set WORK.M0DEXVE3;
20945      where((role in('TARGET' 'FREQ' 'INPUT') and use in('D','Y')) or (role = 'REJECTED' and use = 'Y'));
MPRINT(EM_DIAGRAM):   where((role in('TARGET' 'FREQ' 'INPUT') and use in('D','Y')) or (role = 'REJECTED' and use = 'Y'));
20946      if ROLE = 'REJECTED' then role = 'INPUT';
MPRINT(EM_DIAGRAM):   if ROLE = 'REJECTED' then role = 'INPUT';
20947      run;
MPRINT(EM_DIAGRAM):   run;

NOTE: There were 16 observations read from the data set WORK.M0DEXVE3.
      WHERE (role in ('FREQ', 'INPUT', 'TARGET') and use in ('D', 'Y')) or ((role='REJECTED') and (use='Y'));
NOTE: The data set WORK.M0DEXVE3 has 16 observations and 21 variables.
NOTE: DATA statement used (Total process time):
      real time           0.00 seconds
      cpu time            0.00 seconds
      

20948      *------------------------------------------------------------*;
MPRINT(EM_DIAGRAM):    *------------------------------------------------------------*;
20949      * Stat2: Determining Analysis Variables;
MPRINT(EM_DIAGRAM):   * Stat2: Determining Analysis Variables;
20950      *------------------------------------------------------------*;
MPRINT(EM_DIAGRAM):   *------------------------------------------------------------*;
20951      *------------------------------------------------------------* ;
MPRINT(EM_DIAGRAM):   *------------------------------------------------------------* ;
20952      * Stat2: DMDBClass Macro ;
MPRINT(EM_DIAGRAM):   * Stat2: DMDBClass Macro ;
20953      *------------------------------------------------------------* ;
MPRINT(EM_DIAGRAM):   *------------------------------------------------------------* ;
20954      %macro DMDBClass;
20955          IMP_EducationalDegree(ASC) IMP_GeographicLiving(ASC) IMP_HasChildren(ASC)
20956      %mend DMDBClass;
20957      *------------------------------------------------------------* ;
MPRINT(EM_DIAGRAM):   *------------------------------------------------------------* ;
20958      * Stat2: DMDBVar Macro ;
MPRINT(EM_DIAGRAM):   * Stat2: DMDBVar Macro ;
20959      *------------------------------------------------------------* ;
MPRINT(EM_DIAGRAM):   *------------------------------------------------------------* ;
20960      %macro DMDBVar;
20961          ClaimsRate CustomerMonetaryValue IMP_FirstPolicyYear IMP_GrossMonthlySalary
20962         IMP_PremiumsinLOBHealth IMP_PremiumsinLOBLife IMP_PremiumsinLOBMotor
20963         IMP_PremiumsinLOBWorkComp IMP_REP_CustomerAge IMP_REP_FirstPolicyYear LOYALTY
20964         PremiumsinLOBHousehold TOTAL_PREMIUM
20965      %mend DMDBVar;
20966      *------------------------------------------------------------*;
MPRINT(EM_DIAGRAM):   *------------------------------------------------------------*;
20967      * Stat2: Create DMDB;
MPRINT(EM_DIAGRAM):   * Stat2: Create DMDB;
20968      *------------------------------------------------------------*;
MPRINT(EM_DIAGRAM):   *------------------------------------------------------------*;
20969      proc dmdb batch data=EMWS1.Filter_TRAIN(obs=100000)
20970      dmdbcat=WORK.Stat2_DMDB
20971      classout=WORK.Stat2DMDBClass
20972      varout=WORK.Stat2DMDBVar
20973      maxlevel = 513
20974      ;
MPRINT(EM_DIAGRAM):   proc dmdb batch data=EMWS1.Filter_TRAIN(obs=100000) dmdbcat=WORK.Stat2_DMDB classout=WORK.Stat2DMDBClass varout=WORK.Stat2DMDBVar maxlevel = 513 ;
MPRINT(EM_DIAGRAM):   class
20975      class %DMDBClass;
MPRINT(DMDBCLASS):   IMP_EducationalDegree(ASC) IMP_GeographicLiving(ASC) IMP_HasChildren(ASC)
MPRINT(EM_DIAGRAM):  ;
MPRINT(EM_DIAGRAM):   var
20976      var %DMDBVar;
MPRINT(DMDBVAR):   ClaimsRate CustomerMonetaryValue IMP_FirstPolicyYear IMP_GrossMonthlySalary IMP_PremiumsinLOBHealth IMP_PremiumsinLOBLife IMP_PremiumsinLOBMotor IMP_PremiumsinLOBWorkComp IMP_REP_CustomerAge IMP_REP_FirstPolicyYear LOYALTY 
PremiumsinLOBHousehold TOTAL_PREMIUM
MPRINT(EM_DIAGRAM):  ;
20977      run;
MPRINT(EM_DIAGRAM):   run;

NOTE: Variable IMP_FirstPolicyYear is uninitialized.
NOTE: Variable _WARN_ is uninitialized.
NOTE: Records processed = 9791   Memory used = 511K.
NOTE: There were 10296 observations read from the data set INSPROJF.A2ZINSURANCE.
NOTE: There were 10296 observations read from the data set EMWS1.IDS_DATA.
NOTE: There were 10296 observations read from the data set EMWS1.REPL_TRAIN.
NOTE: Missing values were generated as a result of performing an operation on missing values.
      Each place is given by: (Number of times) at (Line):(Column).
      10296 at 116686:24   
NOTE: There were 10296 observations read from the data set EMWS1.IMPT_TRAIN.
NOTE: View EMWS1.FILTER_TRAIN.VIEW used (Total process time):
      real time           0.15 seconds
      cpu time            0.15 seconds
      
NOTE: There were 10296 observations read from the data set EMWS1.TRANS_TRAIN.
NOTE: There were 9791 observations read from the data set EMWS1.FILTER_TRAIN.
NOTE: The data set WORK.STAT2DMDBCLASS has 10 observations and 9 variables.
NOTE: The data set WORK.STAT2DMDBVAR has 13 observations and 9 variables.
NOTE: PROCEDURE DMDB used (Total process time):
      real time           0.17 seconds
      cpu time            0.17 seconds
      

MPRINT(EM_DIAGRAM):   quit;
MPRINT(EM_DIAGRAM):   *--- end code ---*;
20978      quit;
20979      *--- end code ---*;

20980      data WORK.Stat2DMDBVar;
MPRINT(EM_DIAGRAM):    data WORK.Stat2DMDBVar;
20981      set WORK.Stat2DMDBVar(keep=Name Mean Std);
MPRINT(EM_DIAGRAM):   set WORK.Stat2DMDBVar(keep=Name Mean Std);
20982      CV = Std/Mean;
MPRINT(EM_DIAGRAM):   CV = Std/Mean;
20983      Keep NAME CV;
MPRINT(EM_DIAGRAM):   Keep NAME CV;
20984      run;
MPRINT(EM_DIAGRAM):   run;

NOTE: Missing values were generated as a result of performing an operation on missing values.
      Each place is given by: (Number of times) at (Line):(Column).
      2 at 20982:9   
NOTE: There were 13 observations read from the data set WORK.STAT2DMDBVAR.
NOTE: The data set WORK.STAT2DMDBVAR has 13 observations and 2 variables.
NOTE: DATA statement used (Total process time):
      real time           0.01 seconds
      cpu time            0.01 seconds
      

20985      proc append base=EMWS1.Stat2_WORTH data=WORK.Stat2DMDBVar force;
MPRINT(EM_DIAGRAM):   proc append base=EMWS1.Stat2_WORTH data=WORK.Stat2DMDBVar force;
20986      run;
MPRINT(EM_DIAGRAM):   run;

NOTE: Appending WORK.STAT2DMDBVAR to EMWS1.STAT2_WORTH.
NOTE: BASE data set does not exist. DATA file is being copied to BASE file.
NOTE: There were 13 observations read from the data set WORK.STAT2DMDBVAR.
NOTE: The data set EMWS1.STAT2_WORTH has 13 observations and 2 variables.
NOTE: PROCEDURE APPEND used (Total process time):
      real time           0.00 seconds
      cpu time            0.00 seconds
      

20987      proc sort data=WORK.Stat2DMDBClass;
MPRINT(EM_DIAGRAM):    proc sort data=WORK.Stat2DMDBClass;
20988      by NAME;
MPRINT(EM_DIAGRAM):   by NAME;
20989      run;
MPRINT(EM_DIAGRAM):   run;

NOTE: There were 10 observations read from the data set WORK.STAT2DMDBCLASS.
NOTE: The data set WORK.STAT2DMDBCLASS has 10 observations and 9 variables.
NOTE: PROCEDURE SORT used (Total process time):
      real time           0.01 seconds
      cpu time            0.01 seconds
      

20990      proc stdize data=WORK.Stat2DMDBClass out=_null_ outstat=WORK.Stat2DMDBClass(RENAME=(FREQUENCY=STAT));
MPRINT(EM_DIAGRAM):   proc stdize data=WORK.Stat2DMDBClass out=_null_ outstat=WORK.Stat2DMDBClass(RENAME=(FREQUENCY=STAT));
20991      by NAME;
MPRINT(EM_DIAGRAM):   by NAME;
20992      var FREQUENCY;
MPRINT(EM_DIAGRAM):   var FREQUENCY;
20993      run;
MPRINT(EM_DIAGRAM):   run;

NOTE: There were 10 observations read from the data set WORK.STAT2DMDBCLASS.
NOTE: The data set WORK.STAT2DMDBCLASS has 24 observations and 3 variables.
NOTE: PROCEDURE STDIZE used (Total process time):
      real time           0.00 seconds
      cpu time            0.00 seconds
      

20994      data WORK.Stat2DMDBClass;
MPRINT(EM_DIAGRAM):   data WORK.Stat2DMDBClass;
20995      retain mean;
MPRINT(EM_DIAGRAM):   retain mean;
20996      set WORK.Stat2DMDBClass;
MPRINT(EM_DIAGRAM):   set WORK.Stat2DMDBClass;
20997      where _TYPE_ in('LOCATION','SCALE');
MPRINT(EM_DIAGRAM):   where _TYPE_ in('LOCATION','SCALE');
20998      if _TYPE_='LOCATION' then mean=STAT;
MPRINT(EM_DIAGRAM):   if _TYPE_='LOCATION' then mean=STAT;
20999      else do;
MPRINT(EM_DIAGRAM):   else do;
21000      if MEAN ne 0 then CV=STAT/abs(MEAN);
MPRINT(EM_DIAGRAM):   if MEAN ne 0 then CV=STAT/abs(MEAN);
21001      else CV=STAT;
MPRINT(EM_DIAGRAM):   else CV=STAT;
21002      output;
MPRINT(EM_DIAGRAM):   output;
21003      end;
MPRINT(EM_DIAGRAM):   end;
21004      keep NAME CV;
MPRINT(EM_DIAGRAM):   keep NAME CV;
21005      run;
MPRINT(EM_DIAGRAM):   run;

NOTE: There were 6 observations read from the data set WORK.STAT2DMDBCLASS.
      WHERE _TYPE_ in ('LOCATION', 'SCALE');
NOTE: The data set WORK.STAT2DMDBCLASS has 3 observations and 2 variables.
NOTE: DATA statement used (Total process time):
      real time           0.00 seconds
      cpu time            0.00 seconds
      

21006      proc append base=EMWS1.Stat2_WORTH data=WORK.Stat2DMDBClass force;
MPRINT(EM_DIAGRAM):   proc append base=EMWS1.Stat2_WORTH data=WORK.Stat2DMDBClass force;
21007      run;
MPRINT(EM_DIAGRAM):   run;

NOTE: Appending WORK.STAT2DMDBCLASS to EMWS1.STAT2_WORTH.
NOTE: There were 3 observations read from the data set WORK.STAT2DMDBCLASS.
NOTE: 3 observations added.
NOTE: The data set EMWS1.STAT2_WORTH has 16 observations and 2 variables.
NOTE: PROCEDURE APPEND used (Total process time):
      real time           0.01 seconds
      cpu time            0.00 seconds
      

21008      proc sort data=EMWS1.Stat2_WORTH;
MPRINT(EM_DIAGRAM):    proc sort data=EMWS1.Stat2_WORTH;
21009      by descending CV;
MPRINT(EM_DIAGRAM):   by descending CV;
21010      run;
MPRINT(EM_DIAGRAM):   run;

NOTE: There were 16 observations read from the data set EMWS1.STAT2_WORTH.
NOTE: The data set EMWS1.STAT2_WORTH has 16 observations and 2 variables.
NOTE: PROCEDURE SORT used (Total process time):
      real time           0.00 seconds
      cpu time            0.00 seconds
      

21011      data EMWS1.Stat2_WORTH;
MPRINT(EM_DIAGRAM):   data EMWS1.Stat2_WORTH;
21012      format STATVAR 6.0;
MPRINT(EM_DIAGRAM):   format STATVAR 6.0;
21013      set EMWS1.Stat2_WORTH;
MPRINT(EM_DIAGRAM):   set EMWS1.Stat2_WORTH;
21014      if _N_<= 1000 then STATVAR=1;
MPRINT(EM_DIAGRAM):   if _N_<= 1000 then STATVAR=1;
21015      else STATVAR=0;
MPRINT(EM_DIAGRAM):   else STATVAR=0;
21016      run;
MPRINT(EM_DIAGRAM):   run;

NOTE: There were 16 observations read from the data set EMWS1.STAT2_WORTH.
NOTE: The data set EMWS1.STAT2_WORTH has 16 observations and 3 variables.
NOTE: DATA statement used (Total process time):
      real time           0.00 seconds
      cpu time            0.00 seconds
      

21017      *------------------------------------------------------------*;
MPRINT(EM_DIAGRAM):    *------------------------------------------------------------*;
21018      * Stat2: Counting Levels;
MPRINT(EM_DIAGRAM):   * Stat2: Counting Levels;
21019      *------------------------------------------------------------*;
MPRINT(EM_DIAGRAM):   *------------------------------------------------------------*;
21020      proc sql;
MPRINT(EM_DIAGRAM):   proc sql;
21021      create view WORK.Stat2_distinct as select distinct CustomerIdentity from EMWS1.Filter_TRAIN(obs=100000);
MPRINT(EM_DIAGRAM):   create view WORK.Stat2_distinct as select distinct CustomerIdentity from EMWS1.Filter_TRAIN(obs=100000);
NOTE: SQL view WORK.STAT2_DISTINCT has been defined.
21022      quit;
MPRINT(EM_DIAGRAM):   quit;
NOTE: PROCEDURE SQL used (Total process time):
      real time           0.00 seconds
      cpu time            0.00 seconds
      

21023      proc sql;
MPRINT(EM_DIAGRAM):   proc sql;
21024      reset noprint;
MPRINT(EM_DIAGRAM):   reset noprint;
21025      select count(*) into :_tmpcount from WORK.Stat2_distinct;
MPRINT(EM_DIAGRAM):   select count(*) into :_tmpcount from WORK.Stat2_distinct;
NOTE: Variable IMP_FirstPolicyYear is uninitialized.
NOTE: Variable _WARN_ is uninitialized.
NOTE: There were 10296 observations read from the data set INSPROJF.A2ZINSURANCE.
NOTE: There were 10296 observations read from the data set EMWS1.IDS_DATA.
NOTE: There were 10296 observations read from the data set EMWS1.REPL_TRAIN.
NOTE: Missing values were generated as a result of performing an operation on missing values.
      Each place is given by: (Number of times) at (Line):(Column).
      10296 at 116686:24   
NOTE: There were 10296 observations read from the data set EMWS1.IMPT_TRAIN.
NOTE: View EMWS1.FILTER_TRAIN.VIEW used (Total process time):
      real time           0.13 seconds
      cpu time            0.14 seconds
      
NOTE: There were 10296 observations read from the data set EMWS1.TRANS_TRAIN.
21026      quit;
MPRINT(EM_DIAGRAM):   quit;
NOTE: PROCEDURE SQL used (Total process time):
      real time           0.13 seconds
      cpu time            0.14 seconds
      

21027      proc sort data=WORK.Stat2_count NOTHREADS;
MPRINT(EM_DIAGRAM):    proc sort data=WORK.Stat2_count NOTHREADS;
21028      by NAME ROLE DATA;
MPRINT(EM_DIAGRAM):   by NAME ROLE DATA;
21029      run;
MPRINT(EM_DIAGRAM):   run;

NOTE: There were 1 observations read from the data set WORK.STAT2_COUNT.
NOTE: The data set WORK.STAT2_COUNT has 1 observations and 4 variables.
NOTE: PROCEDURE SORT used (Total process time):
      real time           0.01 seconds
      cpu time            0.01 seconds
      

21030      proc print data=WORK.Stat2_count(obs=500) label noobs;
MPRINT(EM_DIAGRAM):   proc print data=WORK.Stat2_count(obs=500) label noobs;
21031      label NAME = "%sysfunc(sasmsg(sashelp.dmine, rpt_variable_vlabel,    NOQUOTE))" COUNT = "%sysfunc(sasmsg(sashelp.dmine, rpt_count_vlabel,       NOQUOTE))" ROLE = "%sysfunc(sasmsg(sashelp.dmine, meta_role_vlabel,       NOQUOTE))";
MPRINT(EM_DIAGRAM):   label NAME = "Variable" COUNT = "Frequency Count" ROLE = "Role";
21032      var NAME ROLE COUNT;
MPRINT(EM_DIAGRAM):   var NAME ROLE COUNT;
21033      title9 "%sysfunc(sasmsg(sashelp.dmine, rpt_varLevels_title, NOQUOTE))";
MPRINT(EM_DIAGRAM):   title9 "Variable Levels Summary";
21034      title10 "%sysfunc(sasmsg(sashelp.dmine, rpt_maxObsPrinted_title, NOQUOTE))";
MPRINT(EM_DIAGRAM):   title10 "(maximum 500 observations printed)";
MPRINT(EM_DIAGRAM):   run;
21035      run;

NOTE: There were 1 observations read from the data set WORK.STAT2_COUNT.
NOTE: The PROCEDURE PRINT printed page 2.
NOTE: PROCEDURE PRINT used (Total process time):
      real time           0.00 seconds
      cpu time            0.00 seconds
      

21036      title9;
MPRINT(EM_DIAGRAM):   title9;
21037      title10;
MPRINT(EM_DIAGRAM):   title10;
21038      proc sort data=EMWS1.Stat2_WORTH nodupkey out=WORK.Stat2_SELVAR(keep=Name StatVar);
MPRINT(EM_DIAGRAM):    proc sort data=EMWS1.Stat2_WORTH nodupkey out=WORK.Stat2_SELVAR(keep=Name StatVar);
21039      by NAME;
MPRINT(EM_DIAGRAM):   by NAME;
21040      where statvar=1;
MPRINT(EM_DIAGRAM):   where statvar=1;
21041      run;
MPRINT(EM_DIAGRAM):   run;

NOTE: There were 16 observations read from the data set EMWS1.STAT2_WORTH.
      WHERE statvar=1;
NOTE: 0 observations with duplicate key values were deleted.
NOTE: The data set WORK.STAT2_SELVAR has 16 observations and 2 variables.
NOTE: PROCEDURE SORT used (Total process time):
      real time           0.00 seconds
      cpu time            0.00 seconds
      

21042      proc sort data=WORK.M18XV8ZD;
MPRINT(EM_DIAGRAM):    proc sort data=WORK.M18XV8ZD;
21043      by name;
MPRINT(EM_DIAGRAM):   by name;
21044      run;
MPRINT(EM_DIAGRAM):   run;

NOTE: There were 19 observations read from the data set WORK.M18XV8ZD.
NOTE: The data set WORK.M18XV8ZD has 19 observations and 21 variables.
NOTE: PROCEDURE SORT used (Total process time):
      real time           0.00 seconds
      cpu time            0.00 seconds
      

21045      data WORK.Stat2_analysisMeta;
MPRINT(EM_DIAGRAM):   data WORK.Stat2_analysisMeta;
21046      merge WORK.M18XV8ZD WORK.Stat2_SELVAR(in=_a);
MPRINT(EM_DIAGRAM):   merge WORK.M18XV8ZD WORK.Stat2_SELVAR(in=_a);
21047      by name;
MPRINT(EM_DIAGRAM):   by name;
21048      if _a then STATVAR = 1;
MPRINT(EM_DIAGRAM):   if _a then STATVAR = 1;
21049      else if ROLE in('INPUT', 'REJECTED') and REPORT ne 'Y' then delete;
MPRINT(EM_DIAGRAM):   else if ROLE in('INPUT', 'REJECTED') and REPORT ne 'Y' then delete;
21050      if REPORT eq 'Y' then STATVAR = 1;
MPRINT(EM_DIAGRAM):   if REPORT eq 'Y' then STATVAR = 1;
21051      run;
MPRINT(EM_DIAGRAM):   run;

NOTE: There were 19 observations read from the data set WORK.M18XV8ZD.
NOTE: There were 16 observations read from the data set WORK.STAT2_SELVAR.
NOTE: The data set WORK.STAT2_ANALYSISMETA has 17 observations and 22 variables.
NOTE: DATA statement used (Total process time):
      real time           0.00 seconds
      cpu time            0.00 seconds
      

21052      data WORK.M3F8IBQ6;
MPRINT(EM_DIAGRAM):    data WORK.M3F8IBQ6;
21053      set WORK.M3F8IBQ6;
MPRINT(EM_DIAGRAM):   set WORK.M3F8IBQ6;
21054      where(use = 'Y' or Report='Y' or (role in('TARGET' 'FREQ' 'PREDICT' 'RESIDUAL' 'INPUT') and use = 'D'));
MPRINT(EM_DIAGRAM):   where(use = 'Y' or Report='Y' or (role in('TARGET' 'FREQ' 'PREDICT' 'RESIDUAL' 'INPUT') and use = 'D'));
21055      if ROLE = 'SEGMENT' then delete;
MPRINT(EM_DIAGRAM):   if ROLE = 'SEGMENT' then delete;
21056      else if ROLE ^in('FREQ','TARGET') then role = 'INPUT';
MPRINT(EM_DIAGRAM):   else if ROLE ^in('FREQ','TARGET') then role = 'INPUT';
21057      run;
MPRINT(EM_DIAGRAM):   run;

NOTE: There were 16 observations read from the data set WORK.M3F8IBQ6.
      WHERE (use='Y') or (Report='Y') or (role in ('FREQ', 'INPUT', 'PREDICT', 'RESIDUAL', 'TARGET') and (use='D'));
NOTE: The data set WORK.M3F8IBQ6 has 16 observations and 22 variables.
NOTE: DATA statement used (Total process time):
      real time           0.01 seconds
      cpu time            0.01 seconds
      

21058      data WORK.M3Q2ZQOU;
MPRINT(EM_DIAGRAM):    data WORK.M3Q2ZQOU;
21059      set WORK.M3Q2ZQOU;
MPRINT(EM_DIAGRAM):   set WORK.M3Q2ZQOU;
21060      where(use = 'Y' or Report='Y' or (role in('SEGMENT', 'TARGET' 'FREQ' 'PREDICT' 'RESIDUAL' 'INPUT') and use = 'D'));
MPRINT(EM_DIAGRAM):   where(use = 'Y' or Report='Y' or (role in('SEGMENT', 'TARGET' 'FREQ' 'PREDICT' 'RESIDUAL' 'INPUT') and use = 'D'));
21061      if ROLE ne 'FREQ' then role = 'INPUT';
MPRINT(EM_DIAGRAM):   if ROLE ne 'FREQ' then role = 'INPUT';
21062      run;
MPRINT(EM_DIAGRAM):   run;

NOTE: There were 16 observations read from the data set WORK.M3Q2ZQOU.
      WHERE (use='Y') or (Report='Y') or (role in ('FREQ', 'INPUT', 'PREDICT', 'RESIDUAL', 'SEGMENT', 'TARGET') and (use='D'));
NOTE: The data set WORK.M3Q2ZQOU has 16 observations and 22 variables.
NOTE: DATA statement used (Total process time):
      real time           0.00 seconds
      cpu time            0.00 seconds
      

21063      *------------------------------------------------------------*;
MPRINT(EM_DIAGRAM):    *------------------------------------------------------------*;
21064      * Stat2: Computing Statistics for Interval Variables;
MPRINT(EM_DIAGRAM):   * Stat2: Computing Statistics for Interval Variables;
21065      *------------------------------------------------------------*;
MPRINT(EM_DIAGRAM):   *------------------------------------------------------------*;
21066      proc dmdb data=EMWS1.Filter_TRAIN(obs=100000) nonorm maxlevel=513
21067      varout=work._DMDBVAR(RENAME=(NAME=VARIABLE))
21068      classout=WORK.Stat2CLASS(drop=NMISSPERCENT rename=(NAME=VARIABLE FREQUENCY=COUNT FREQPERCENT=PERCENT))
21069      ;
MPRINT(EM_DIAGRAM):   proc dmdb data=EMWS1.Filter_TRAIN(obs=100000) nonorm maxlevel=513 varout=work._DMDBVAR(RENAME=(NAME=VARIABLE)) classout=WORK.Stat2CLASS(drop=NMISSPERCENT rename=(NAME=VARIABLE FREQUENCY=COUNT FREQPERCENT=PERCENT)) ;
21070      var
21071      ClaimsRate CustomerMonetaryValue IMP_FirstPolicyYear IMP_GrossMonthlySalary
21072      IMP_PremiumsinLOBHealth IMP_PremiumsinLOBLife IMP_PremiumsinLOBMotor
21073      IMP_PremiumsinLOBWorkComp IMP_REP_CustomerAge IMP_REP_FirstPolicyYear LOYALTY
21074      PremiumsinLOBHousehold TOTAL_PREMIUM
21075      ;
MPRINT(EM_DIAGRAM):   var ClaimsRate CustomerMonetaryValue IMP_FirstPolicyYear IMP_GrossMonthlySalary IMP_PremiumsinLOBHealth IMP_PremiumsinLOBLife IMP_PremiumsinLOBMotor IMP_PremiumsinLOBWorkComp IMP_REP_CustomerAge IMP_REP_FirstPolicyYear LOYALTY 
PremiumsinLOBHousehold TOTAL_PREMIUM ;
21076      class
21077      IMP_EducationalDegree IMP_GeographicLiving IMP_HasChildren
21078      ;
MPRINT(EM_DIAGRAM):   class IMP_EducationalDegree IMP_GeographicLiving IMP_HasChildren ;
21079      ;
MPRINT(EM_DIAGRAM):   ;
21080      run;
MPRINT(EM_DIAGRAM):   run;

NOTE: Variable IMP_FirstPolicyYear is uninitialized.
NOTE: Variable _WARN_ is uninitialized.
NOTE: Records processed = 9791   Memory used = 511K.
NOTE: There were 10296 observations read from the data set INSPROJF.A2ZINSURANCE.
NOTE: There were 10296 observations read from the data set EMWS1.IDS_DATA.
NOTE: There were 10296 observations read from the data set EMWS1.REPL_TRAIN.
NOTE: Missing values were generated as a result of performing an operation on missing values.
      Each place is given by: (Number of times) at (Line):(Column).
      10296 at 116686:24   
NOTE: There were 10296 observations read from the data set EMWS1.IMPT_TRAIN.
NOTE: View EMWS1.FILTER_TRAIN.VIEW used (Total process time):
      real time           0.12 seconds
      cpu time            0.12 seconds
      
NOTE: There were 10296 observations read from the data set EMWS1.TRANS_TRAIN.
NOTE: There were 9791 observations read from the data set EMWS1.FILTER_TRAIN.
NOTE: The data set WORK._DMDBVAR has 13 observations and 9 variables.
NOTE: The data set WORK.STAT2CLASS has 10 observations and 8 variables.
NOTE: PROCEDURE DMDB used (Total process time):
      real time           0.15 seconds
      cpu time            0.15 seconds
      

21081      proc stdize data = EMWS1.Filter_TRAIN(obs=100000) out=_null_ outstat=work._STDIZE add=0 fuzz=1E-14 initial=MAD vardef=df method=STD mult=1 pctlmtd=ORD_STAT pctldef=2 pctlpts=(0 5 50 95 100);
MPRINT(EM_DIAGRAM):   proc stdize data = EMWS1.Filter_TRAIN(obs=100000) out=_null_ outstat=work._STDIZE add=0 fuzz=1E-14 initial=MAD vardef=df method=STD mult=1 pctlmtd=ORD_STAT pctldef=2 pctlpts=(0 5 50 95 100);
21082      var
21083      ClaimsRate CustomerMonetaryValue IMP_FirstPolicyYear IMP_GrossMonthlySalary
21084      IMP_PremiumsinLOBHealth IMP_PremiumsinLOBLife IMP_PremiumsinLOBMotor
21085      IMP_PremiumsinLOBWorkComp IMP_REP_CustomerAge IMP_REP_FirstPolicyYear LOYALTY
21086      PremiumsinLOBHousehold TOTAL_PREMIUM
21087      ;
MPRINT(EM_DIAGRAM):   var ClaimsRate CustomerMonetaryValue IMP_FirstPolicyYear IMP_GrossMonthlySalary IMP_PremiumsinLOBHealth IMP_PremiumsinLOBLife IMP_PremiumsinLOBMotor IMP_PremiumsinLOBWorkComp IMP_REP_CustomerAge IMP_REP_FirstPolicyYear LOYALTY 
PremiumsinLOBHousehold TOTAL_PREMIUM ;
21088      run;
MPRINT(EM_DIAGRAM):   run;

NOTE: INITIAL= will be ignored.
NOTE: Variable IMP_FirstPolicyYear is uninitialized.
NOTE: Variable _WARN_ is uninitialized.
WARNING: At least one of the scale and location estimators of variable IMP_FirstPolicyYear can not be computed. Variable IMP_FirstPolicyYear will not be standardized.
WARNING: At least one of the scale and location estimators of variable LOYALTY can not be computed. Variable LOYALTY will not be standardized.
NOTE: There were 10296 observations read from the data set INSPROJF.A2ZINSURANCE.
NOTE: There were 10296 observations read from the data set EMWS1.IDS_DATA.
NOTE: There were 10296 observations read from the data set EMWS1.REPL_TRAIN.
NOTE: Missing values were generated as a result of performing an operation on missing values.
      Each place is given by: (Number of times) at (Line):(Column).
      10296 at 116686:24   
NOTE: There were 10296 observations read from the data set EMWS1.IMPT_TRAIN.
NOTE: View EMWS1.FILTER_TRAIN.VIEW used (Total process time):
      real time           0.25 seconds
      cpu time            0.23 seconds
      
NOTE: There were 10296 observations read from the data set EMWS1.TRANS_TRAIN.
NOTE: There were 9791 observations read from the data set EMWS1.FILTER_TRAIN.
NOTE: The data set WORK._STDIZE has 13 observations and 14 variables.
NOTE: PROCEDURE STDIZE used (Total process time):
      real time           0.26 seconds
      cpu time            0.25 seconds
      

21089      proc transpose data=work._STDIZE out=work._TRANSSTDIZE(drop=_LABEL_ rename=(_NAME_=VARIABLE));
MPRINT(EM_DIAGRAM):   proc transpose data=work._STDIZE out=work._TRANSSTDIZE(drop=_LABEL_ rename=(_NAME_=VARIABLE));
21090      id _type_;
MPRINT(EM_DIAGRAM):   id _type_;
21091      where _TYPE_='P50';
MPRINT(EM_DIAGRAM):   where _TYPE_='P50';
21092      run;
MPRINT(EM_DIAGRAM):   run;

NOTE: There were 1 observations read from the data set WORK._STDIZE.
      WHERE _TYPE_='P50';
NOTE: The data set WORK._TRANSSTDIZE has 13 observations and 2 variables.
NOTE: PROCEDURE TRANSPOSE used (Total process time):
      real time           0.00 seconds
      cpu time            0.00 seconds
      

21093      proc sort data=work._TRANSSTDIZE;
MPRINT(EM_DIAGRAM):   proc sort data=work._TRANSSTDIZE;
21094      by VARIABLE;
MPRINT(EM_DIAGRAM):   by VARIABLE;
21095      run;
MPRINT(EM_DIAGRAM):   run;

NOTE: There were 13 observations read from the data set WORK._TRANSSTDIZE.
NOTE: The data set WORK._TRANSSTDIZE has 13 observations and 2 variables.
NOTE: PROCEDURE SORT used (Total process time):
      real time           0.01 seconds
      cpu time            0.01 seconds
      

21096      proc sort data=work._DMDBVAR;
MPRINT(EM_DIAGRAM):   proc sort data=work._DMDBVAR;
21097      by VARIABLE;
MPRINT(EM_DIAGRAM):   by VARIABLE;
21098      run;
MPRINT(EM_DIAGRAM):   run;

NOTE: There were 13 observations read from the data set WORK._DMDBVAR.
NOTE: The data set WORK._DMDBVAR has 13 observations and 9 variables.
NOTE: PROCEDURE SORT used (Total process time):
      real time           0.00 seconds
      cpu time            0.00 seconds
      

21099      data WORK.Stat2INTERVAL;
MPRINT(EM_DIAGRAM):   data WORK.Stat2INTERVAL;
21100      merge work._TRANSSTDIZE work._DMDBVAR;
MPRINT(EM_DIAGRAM):   merge work._TRANSSTDIZE work._DMDBVAR;
21101      format N NMISS 8. MIN MAX P50 MEAN STD SKEWNESS KURTOSIS BEST8.3;
MPRINT(EM_DIAGRAM):   format N NMISS 8. MIN MAX P50 MEAN STD SKEWNESS KURTOSIS BEST8.3;
21102      by VARIABLE;
MPRINT(EM_DIAGRAM):   by VARIABLE;
21103      run;
MPRINT(EM_DIAGRAM):   run;

WARNING: Multiple lengths were specified for the BY variable VARIABLE by input data sets. This may cause unexpected results.
NOTE: There were 13 observations read from the data set WORK._TRANSSTDIZE.
NOTE: There were 13 observations read from the data set WORK._DMDBVAR.
NOTE: The data set WORK.STAT2INTERVAL has 13 observations and 10 variables.
NOTE: DATA statement used (Total process time):
      real time           0.00 seconds
      cpu time            0.00 seconds
      

21104      proc sort data=WORK.Stat2CLASS;
MPRINT(EM_DIAGRAM):    proc sort data=WORK.Stat2CLASS;
21105      by Variable Level;
MPRINT(EM_DIAGRAM):   by Variable Level;
21106      run;
MPRINT(EM_DIAGRAM):   run;

NOTE: There were 10 observations read from the data set WORK.STAT2CLASS.
NOTE: The data set WORK.STAT2CLASS has 10 observations and 8 variables.
NOTE: PROCEDURE SORT used (Total process time):
      real time           0.00 seconds
      cpu time            0.00 seconds
      

NOTE: There were 13 observations read from the data set WORK._STDIZE.
NOTE: The data set EMWS1.STAT2_TRAINPCTLS has 13 observations and 14 variables.
21107      data colorindex;
MPRINT(EM_DIAGRAM):    data colorindex;
21108      retain LevelIndex 0;
MPRINT(EM_DIAGRAM):   retain LevelIndex 0;
21109      set WORK.Stat2CLASS(keep=Variable Level);
MPRINT(EM_DIAGRAM):   set WORK.Stat2CLASS(keep=Variable Level);
21110      by variable level;
MPRINT(EM_DIAGRAM):   by variable level;
21111      if first.variable then LevelIndex = 0;
MPRINT(EM_DIAGRAM):   if first.variable then LevelIndex = 0;
21112      if first.level then LevelIndex + 1;
MPRINT(EM_DIAGRAM):   if first.level then LevelIndex + 1;
21113      run;
MPRINT(EM_DIAGRAM):   run;

NOTE: There were 10 observations read from the data set WORK.STAT2CLASS.
NOTE: The data set WORK.COLORINDEX has 10 observations and 3 variables.
NOTE: DATA statement used (Total process time):
      real time           0.00 seconds
      cpu time            0.00 seconds
      

21114      data WORK.Stat2CLASS;
MPRINT(EM_DIAGRAM):    data WORK.Stat2CLASS;
21115      merge WORK.Stat2CLASS(in=_a) colorindex;
MPRINT(EM_DIAGRAM):   merge WORK.Stat2CLASS(in=_a) colorindex;
21116      by variable level;
MPRINT(EM_DIAGRAM):   by variable level;
21117      if _a then output;
MPRINT(EM_DIAGRAM):   if _a then output;
21118      run;
MPRINT(EM_DIAGRAM):   run;

NOTE: There were 10 observations read from the data set WORK.STAT2CLASS.
NOTE: There were 10 observations read from the data set WORK.COLORINDEX.
NOTE: The data set WORK.STAT2CLASS has 10 observations and 9 variables.
NOTE: DATA statement used (Total process time):
      real time           0.00 seconds
      cpu time            0.00 seconds
      

21119      data WORK.Stat2INTERVAL;
MPRINT(EM_DIAGRAM):    data WORK.Stat2INTERVAL;
21120      length DATAROLE $20;
MPRINT(EM_DIAGRAM):   length DATAROLE $20;
21121      retain DATAROLE "TRAIN";
MPRINT(EM_DIAGRAM):   retain DATAROLE "TRAIN";
21122      set WORK.Stat2INTERVAL;
MPRINT(EM_DIAGRAM):   set WORK.Stat2INTERVAL;
21123      run;
MPRINT(EM_DIAGRAM):   run;

NOTE: There were 13 observations read from the data set WORK.STAT2INTERVAL.
NOTE: The data set WORK.STAT2INTERVAL has 13 observations and 11 variables.
NOTE: DATA statement used (Total process time):
      real time           0.00 seconds
      cpu time            0.00 seconds
      

21124      proc append base=EMWS1.Stat2_INTERVAL data=WORK.Stat2INTERVAL force;
MPRINT(EM_DIAGRAM):   proc append base=EMWS1.Stat2_INTERVAL data=WORK.Stat2INTERVAL force;
21125      run;
MPRINT(EM_DIAGRAM):   run;

NOTE: Appending WORK.STAT2INTERVAL to EMWS1.STAT2_INTERVAL.
NOTE: BASE data set does not exist. DATA file is being copied to BASE file.
NOTE: There were 13 observations read from the data set WORK.STAT2INTERVAL.
NOTE: The data set EMWS1.STAT2_INTERVAL has 13 observations and 11 variables.
NOTE: PROCEDURE APPEND used (Total process time):
      real time           0.00 seconds
      cpu time            0.00 seconds
      

21126      data WORK.Stat2CLASS;
MPRINT(EM_DIAGRAM):    data WORK.Stat2CLASS;
21127      length DATAROLE $20;
MPRINT(EM_DIAGRAM):   length DATAROLE $20;
21128      retain DATAROLE "TRAIN";
MPRINT(EM_DIAGRAM):   retain DATAROLE "TRAIN";
21129      set WORK.Stat2CLASS;
MPRINT(EM_DIAGRAM):   set WORK.Stat2CLASS;
21130      run;
MPRINT(EM_DIAGRAM):   run;

NOTE: There were 10 observations read from the data set WORK.STAT2CLASS.
NOTE: The data set WORK.STAT2CLASS has 10 observations and 10 variables.
NOTE: DATA statement used (Total process time):
      real time           0.00 seconds
      cpu time            0.00 seconds
      

21131      proc append base=EMWS1.Stat2_CLASS data=WORK.Stat2CLASS force;
MPRINT(EM_DIAGRAM):   proc append base=EMWS1.Stat2_CLASS data=WORK.Stat2CLASS force;
21132      run;
MPRINT(EM_DIAGRAM):   run;

NOTE: Appending WORK.STAT2CLASS to EMWS1.STAT2_CLASS.
NOTE: BASE data set does not exist. DATA file is being copied to BASE file.
NOTE: There were 10 observations read from the data set WORK.STAT2CLASS.
NOTE: The data set EMWS1.STAT2_CLASS has 10 observations and 10 variables.
NOTE: PROCEDURE APPEND used (Total process time):
      real time           0.00 seconds
      cpu time            0.00 seconds
      

21133      proc sort data=EMWS1.Stat2_VariableSet out=tempVariable(keep=name label role rename=(name=variable));
MPRINT(EM_DIAGRAM):    proc sort data=EMWS1.Stat2_VariableSet out=tempVariable(keep=name label role rename=(name=variable));
21134      by name;
MPRINT(EM_DIAGRAM):   by name;
21135      run;
MPRINT(EM_DIAGRAM):   run;

NOTE: There were 19 observations read from the data set EMWS1.STAT2_VARIABLESET.
NOTE: The data set WORK.TEMPVARIABLE has 19 observations and 3 variables.
NOTE: PROCEDURE SORT used (Total process time):
      real time           0.00 seconds
      cpu time            0.00 seconds
      

21136      proc sort data=EMWS1.Stat2_CLASS;
MPRINT(EM_DIAGRAM):   proc sort data=EMWS1.Stat2_CLASS;
21137      by Variable;
MPRINT(EM_DIAGRAM):   by Variable;
21138      run;
MPRINT(EM_DIAGRAM):   run;

NOTE: There were 10 observations read from the data set EMWS1.STAT2_CLASS.
NOTE: The data set EMWS1.STAT2_CLASS has 10 observations and 10 variables.
NOTE: PROCEDURE SORT used (Total process time):
      real time           0.01 seconds
      cpu time            0.01 seconds
      

21139      data EMWS1.Stat2_CLASS;
MPRINT(EM_DIAGRAM):   data EMWS1.Stat2_CLASS;
21140      merge EMWS1.Stat2_CLASS(in=_a) tempVariable;
MPRINT(EM_DIAGRAM):   merge EMWS1.Stat2_CLASS(in=_a) tempVariable;
21141      by variable;
MPRINT(EM_DIAGRAM):   by variable;
21142      if label = '' then label=Variable;
MPRINT(EM_DIAGRAM):   if label = '' then label=Variable;
21143      if _a then output;
MPRINT(EM_DIAGRAM):   if _a then output;
21144      run;
MPRINT(EM_DIAGRAM):   run;

WARNING: Multiple lengths were specified for the BY variable VARIABLE by input data sets. This may cause unexpected results.
NOTE: There were 10 observations read from the data set EMWS1.STAT2_CLASS.
NOTE: There were 19 observations read from the data set WORK.TEMPVARIABLE.
NOTE: The data set EMWS1.STAT2_CLASS has 10 observations and 12 variables.
NOTE: DATA statement used (Total process time):
      real time           0.01 seconds
      cpu time            0.00 seconds
      

21145      run;
MPRINT(EM_DIAGRAM):    run;
21146      proc sort data=EMWS1.Stat2_VariableSet out=tempVariable(keep=name label role rename=(name=variable));
MPRINT(EM_DIAGRAM):   proc sort data=EMWS1.Stat2_VariableSet out=tempVariable(keep=name label role rename=(name=variable));
21147      by name;
MPRINT(EM_DIAGRAM):   by name;
21148      run;
MPRINT(EM_DIAGRAM):   run;

NOTE: There were 19 observations read from the data set EMWS1.STAT2_VARIABLESET.
NOTE: The data set WORK.TEMPVARIABLE has 19 observations and 3 variables.
NOTE: PROCEDURE SORT used (Total process time):
      real time           0.00 seconds
      cpu time            0.00 seconds
      

21149      proc sort data=EMWS1.Stat2_INTERVAL;
MPRINT(EM_DIAGRAM):   proc sort data=EMWS1.Stat2_INTERVAL;
21150      by Variable;
MPRINT(EM_DIAGRAM):   by Variable;
21151      run;
MPRINT(EM_DIAGRAM):   run;

NOTE: There were 13 observations read from the data set EMWS1.STAT2_INTERVAL.
NOTE: The data set EMWS1.STAT2_INTERVAL has 13 observations and 11 variables.
NOTE: PROCEDURE SORT used (Total process time):
      real time           0.01 seconds
      cpu time            0.01 seconds
      

21152      data EMWS1.Stat2_INTERVAL;
MPRINT(EM_DIAGRAM):   data EMWS1.Stat2_INTERVAL;
21153      merge EMWS1.Stat2_INTERVAL(in=_a) tempVariable;
MPRINT(EM_DIAGRAM):   merge EMWS1.Stat2_INTERVAL(in=_a) tempVariable;
21154      by variable;
MPRINT(EM_DIAGRAM):   by variable;
21155      if label = '' then label=Variable;
MPRINT(EM_DIAGRAM):   if label = '' then label=Variable;
21156      if _a then output;
MPRINT(EM_DIAGRAM):   if _a then output;
21157      run;
MPRINT(EM_DIAGRAM):   run;

WARNING: Multiple lengths were specified for the BY variable VARIABLE by input data sets. This may cause unexpected results.
NOTE: There were 13 observations read from the data set EMWS1.STAT2_INTERVAL.
NOTE: There were 19 observations read from the data set WORK.TEMPVARIABLE.
NOTE: The data set EMWS1.STAT2_INTERVAL has 13 observations and 13 variables.
NOTE: DATA statement used (Total process time):
      real time           0.01 seconds
      cpu time            0.00 seconds
      

21158      proc datasets library=EMWS1 nolist;
MPRINT(EM_DIAGRAM):   proc datasets library=EMWS1 nolist;
21159      modify Stat2_INTERVAL;
MPRINT(EM_DIAGRAM):   modify Stat2_INTERVAL;
MPRINT(EM_DIAGRAM):   label DATAROLE = "Data Role";
21160      label DATAROLE = "%sysfunc(sasmsg(sashelp.dmine, rpt_datarole_vlabel, NOQUOTE))";
MPRINT(EM_DIAGRAM):   label Variable = "Variable";
21161      label Variable = "%sysfunc(sasmsg(sashelp.dmine, rpt_variable_vlabel, NOQUOTE))";
MPRINT(EM_DIAGRAM):   label MEAN = "Mean";
21162      label MEAN = "%sysfunc(sasmsg(sashelp.dmine, rpt_mean_vlabel,    NOQUOTE))";
MPRINT(EM_DIAGRAM):   label N = "Non Missing";
21163      label N = "%sysfunc(sasmsg(sashelp.dmine, rpt_nonMiss_vlabel, NOQUOTE))";
MPRINT(EM_DIAGRAM):   label STD = "Standard Deviation";
21164      label STD = "%sysfunc(sasmsg(sashelp.dmine, rpt_std_vlabel,     NOQUOTE))";
MPRINT(EM_DIAGRAM):   label NMISS = "Missing";
21165      label NMISS = "%sysfunc(sasmsg(sashelp.dmine, rpt_missing_vlabel, NOQUOTE))";
MPRINT(EM_DIAGRAM):   label p50 = "Median";
21166      label p50 = "%sysfunc(sasmsg(sashelp.dmine, rpt_median_vlabel, NOQUOTE))";
MPRINT(EM_DIAGRAM):   label MIN = "Minimum";
21167      label MIN = "%sysfunc(sasmsg(sashelp.dmine, rpt_minimum_vlabel, NOQUOTE))";
MPRINT(EM_DIAGRAM):   label MAX = "Maximum";
21168      label MAX = "%sysfunc(sasmsg(sashelp.dmine, rpt_maximum_vlabel, NOQUOTE))";
MPRINT(EM_DIAGRAM):   label SKEWNESS = "Skewness";
21169      label SKEWNESS = "%sysfunc(sasmsg(sashelp.dmine, rpt_skewness_vlabel, NOQUOTE))";
MPRINT(EM_DIAGRAM):   label KURTOSIS = "Kurtosis";
21170      label KURTOSIS = "%sysfunc(sasmsg(sashelp.dmine, rpt_kurtosis_vlabel, NOQUOTE))";
MPRINT(EM_DIAGRAM):   run;
21171      run;

NOTE: MODIFY was successful for EMWS1.STAT2_INTERVAL.DATA.

NOTE: PROCEDURE DATASETS used (Total process time):
      real time           0.06 seconds
      cpu time            0.03 seconds
      

21172      proc sort data=EMWS1.Stat2_CLASS NOTHREADS;
MPRINT(EM_DIAGRAM):   proc sort data=EMWS1.Stat2_CLASS NOTHREADS;
21173      by DATAROLE ROLE Variable descending COUNT;
MPRINT(EM_DIAGRAM):   by DATAROLE ROLE Variable descending COUNT;
21174      run;
MPRINT(EM_DIAGRAM):   run;

NOTE: There were 10 observations read from the data set EMWS1.STAT2_CLASS.
NOTE: The data set EMWS1.STAT2_CLASS has 10 observations and 12 variables.
NOTE: PROCEDURE SORT used (Total process time):
      real time           0.01 seconds
      cpu time            0.01 seconds
      

21175      data WORK.Stat2CLASS(keep=DATAROLE Variable ROLE Numcat Nmiss Mode ModePct Mode2 Mode2Pct);
MPRINT(EM_DIAGRAM):   data WORK.Stat2CLASS(keep=DATAROLE Variable ROLE Numcat Nmiss Mode ModePct Mode2 Mode2Pct);
21176      set EMWS1.Stat2_CLASS;
MPRINT(EM_DIAGRAM):   set EMWS1.Stat2_CLASS;
21177      length Mode Mode2 $32;
MPRINT(EM_DIAGRAM):   length Mode Mode2 $32;
21178      retain NMiss 0 ModePct 0 Mode2Pct 0 Mode '' Mode2 '';
MPRINT(EM_DIAGRAM):   retain NMiss 0 ModePct 0 Mode2Pct 0 Mode '' Mode2 '';
21179      by DATAROLE ROLE Variable;
MPRINT(EM_DIAGRAM):   by DATAROLE ROLE Variable;
21180      if first.DATAROLE or first.variable then do;
MPRINT(EM_DIAGRAM):   if first.DATAROLE or first.variable then do;
21181      Numcat = 1;
MPRINT(EM_DIAGRAM):   Numcat = 1;
21182      NMiss = 0;
MPRINT(EM_DIAGRAM):   NMiss = 0;
21183      Mode = strip(LEVEL);
MPRINT(EM_DIAGRAM):   Mode = strip(LEVEL);
21184      ModePct = PERCENT;
MPRINT(EM_DIAGRAM):   ModePct = PERCENT;
21185      Mode2 = '';
MPRINT(EM_DIAGRAM):   Mode2 = '';
21186      Mode2Pct = 0;
MPRINT(EM_DIAGRAM):   Mode2Pct = 0;
21187      end;
MPRINT(EM_DIAGRAM):   end;
21188      else Numcat +1;
MPRINT(EM_DIAGRAM):   else Numcat +1;
21189      if Numcat =2 then do;
MPRINT(EM_DIAGRAM):   if Numcat =2 then do;
21190      Mode2 = strip(LEVEL);
MPRINT(EM_DIAGRAM):   Mode2 = strip(LEVEL);
21191      Mode2Pct = PERCENT;
MPRINT(EM_DIAGRAM):   Mode2Pct = PERCENT;
21192      end;
MPRINT(EM_DIAGRAM):   end;
21193      if NRAW=. and CRAW='' then NMiss= COUNT;
MPRINT(EM_DIAGRAM):   if NRAW=. and CRAW='' then NMiss= COUNT;
21194      if last.DATAROLE or last.variable then output;
MPRINT(EM_DIAGRAM):   if last.DATAROLE or last.variable then output;
21195      run;
MPRINT(EM_DIAGRAM):   run;

NOTE: There were 10 observations read from the data set EMWS1.STAT2_CLASS.
NOTE: The data set WORK.STAT2CLASS has 3 observations and 9 variables.
NOTE: DATA statement used (Total process time):
      real time           0.01 seconds
      cpu time            0.03 seconds
      

21196      %let _cn = %sysfunc(getoption(CENTER));
21197      %let _nb = %sysfunc(getoption(NUMBER));
21198      options nonumber nocenter;
MPRINT(EM_DIAGRAM):   options nonumber nocenter;
21199      title;
MPRINT(EM_DIAGRAM):   title;
21200      title9 ' ';
MPRINT(EM_DIAGRAM):   title9 ' ';
21201      proc print data=WORK.Stat2CLASS(obs=500) label noobs;
MPRINT(EM_DIAGRAM):   proc print data=WORK.Stat2CLASS(obs=500) label noobs;
21202      var DATAROLE VARIABLE ROLE NUMCAT NMISS Mode ModePct Mode2 Mode2Pct;
MPRINT(EM_DIAGRAM):   var DATAROLE VARIABLE ROLE NUMCAT NMISS Mode ModePct Mode2 Mode2Pct;
21203      label DATAROLE = "%sysfunc(sasmsg(sashelp.dmine, rpt_datarole_vlabel, NOQUOTE))" ROLE = "%sysfunc(sasmsg(sashelp.dmine, meta_role_vlabel, NOQUOTE))" NUMCAT = "%sysfunc(sasmsg(sashelp.dmine, rpt_numcat_vlabel,   NOQUOTE))" NMISS =
21204         "%sysfunc(sasmsg(sashelp.dmine, rpt_missing_vlabel,  NOQUOTE))" MODE = "%sysfunc(sasmsg(sashelp.dmine, rpt_mode_vlabel,     NOQUOTE))" MODEPCT = "%sysfunc(sasmsg(sashelp.dmine, rpt_modepct_vlabel,  NOQUOTE))" MODE2 =
21205         "%sysfunc(sasmsg(sashelp.dmine, rpt_mode2_vlabel,     NOQUOTE))" MODE2PCT = "%sysfunc(sasmsg(sashelp.dmine, rpt_mode2pct_vlabel, NOQUOTE))";
MPRINT(EM_DIAGRAM):   label DATAROLE = "Data Role" ROLE = "Role" NUMCAT = "Number of Levels" NMISS = "Missing" MODE = "Mode" MODEPCT = "Mode Percentage" MODE2 = "Mode2" MODE2PCT = "Mode2 Percentage";
21206      format ModePct Mode2Pct 5.2;
MPRINT(EM_DIAGRAM):   format ModePct Mode2Pct 5.2;
21207      by DATAROLE;
MPRINT(EM_DIAGRAM):   by DATAROLE;
21208      title9 "%sysfunc(sasmsg(sashelp.dmine, rpt_classStats_title,     NOQUOTE))";
MPRINT(EM_DIAGRAM):   title9 "Class Variable Summary Statistics";
21209      title10 "%sysfunc(sasmsg(sashelp.dmine, rpt_maxObsPrinted_title,  NOQUOTE))";
MPRINT(EM_DIAGRAM):   title10 "(maximum 500 observations printed)";
MPRINT(EM_DIAGRAM):   run;
21210      run;

NOTE: There were 3 observations read from the data set WORK.STAT2CLASS.
NOTE: The PROCEDURE PRINT printed page 3.
NOTE: PROCEDURE PRINT used (Total process time):
      real time           0.00 seconds
      cpu time            0.00 seconds
      

21211      title9;
MPRINT(EM_DIAGRAM):   title9;
21212      title10;
MPRINT(EM_DIAGRAM):   title10;
21213      options &_cn &_nb;
MPRINT(EM_DIAGRAM):   options NOCENTER NONUMBER;
21214      data WORK.Stat2INTERVALSUMMARY;
MPRINT(EM_DIAGRAM):    data WORK.Stat2INTERVALSUMMARY;
21215      set EMWS1.Stat2_INTERVAL;
MPRINT(EM_DIAGRAM):   set EMWS1.Stat2_INTERVAL;
21216      length ROLE $32;
MPRINT(EM_DIAGRAM):   length ROLE $32;
21217      if Variable = "ClaimsRate" then ROLE="INPUT";
MPRINT(EM_DIAGRAM):   if Variable = "ClaimsRate" then ROLE="INPUT";
21218      else
21219      if Variable = "CustomerMonetaryValue" then ROLE="INPUT";
MPRINT(EM_DIAGRAM):   else if Variable = "CustomerMonetaryValue" then ROLE="INPUT";
21220      else
21221      if Variable = "IMP_FirstPolicyYear" then ROLE="INPUT";
MPRINT(EM_DIAGRAM):   else if Variable = "IMP_FirstPolicyYear" then ROLE="INPUT";
21222      else
21223      if Variable = "IMP_GrossMonthlySalary" then ROLE="INPUT";
MPRINT(EM_DIAGRAM):   else if Variable = "IMP_GrossMonthlySalary" then ROLE="INPUT";
21224      else
21225      if Variable = "IMP_PremiumsinLOBHealth" then ROLE="INPUT";
MPRINT(EM_DIAGRAM):   else if Variable = "IMP_PremiumsinLOBHealth" then ROLE="INPUT";
21226      else
21227      if Variable = "IMP_PremiumsinLOBLife" then ROLE="INPUT";
MPRINT(EM_DIAGRAM):   else if Variable = "IMP_PremiumsinLOBLife" then ROLE="INPUT";
21228      else
21229      if Variable = "IMP_PremiumsinLOBMotor" then ROLE="INPUT";
MPRINT(EM_DIAGRAM):   else if Variable = "IMP_PremiumsinLOBMotor" then ROLE="INPUT";
21230      else
21231      if Variable = "IMP_PremiumsinLOBWorkComp" then ROLE="INPUT";
MPRINT(EM_DIAGRAM):   else if Variable = "IMP_PremiumsinLOBWorkComp" then ROLE="INPUT";
21232      else
21233      if Variable = "IMP_REP_CustomerAge" then ROLE="INPUT";
MPRINT(EM_DIAGRAM):   else if Variable = "IMP_REP_CustomerAge" then ROLE="INPUT";
21234      else
21235      if Variable = "IMP_REP_FirstPolicyYear" then ROLE="INPUT";
MPRINT(EM_DIAGRAM):   else if Variable = "IMP_REP_FirstPolicyYear" then ROLE="INPUT";
21236      else
21237      if Variable = "LOYALTY" then ROLE="INPUT";
MPRINT(EM_DIAGRAM):   else if Variable = "LOYALTY" then ROLE="INPUT";
21238      else
21239      if Variable = "PremiumsinLOBHousehold" then ROLE="INPUT";
MPRINT(EM_DIAGRAM):   else if Variable = "PremiumsinLOBHousehold" then ROLE="INPUT";
21240      else
21241      if Variable = "TOTAL_PREMIUM" then ROLE="INPUT";
MPRINT(EM_DIAGRAM):   else if Variable = "TOTAL_PREMIUM" then ROLE="INPUT";
21242      run;
MPRINT(EM_DIAGRAM):   run;

NOTE: There were 13 observations read from the data set EMWS1.STAT2_INTERVAL.
NOTE: The data set WORK.STAT2INTERVALSUMMARY has 13 observations and 13 variables.
NOTE: DATA statement used (Total process time):
      real time           0.01 seconds
      cpu time            0.00 seconds
      

21243      proc sort data=WORK.Stat2INTERVALSUMMARY NOTHREADS;
MPRINT(EM_DIAGRAM):    proc sort data=WORK.Stat2INTERVALSUMMARY NOTHREADS;
21244      by DATAROLE ROLE Variable;
MPRINT(EM_DIAGRAM):   by DATAROLE ROLE Variable;
21245      run;
MPRINT(EM_DIAGRAM):   run;

NOTE: There were 13 observations read from the data set WORK.STAT2INTERVALSUMMARY.
NOTE: The data set WORK.STAT2INTERVALSUMMARY has 13 observations and 13 variables.
NOTE: PROCEDURE SORT used (Total process time):
      real time           0.00 seconds
      cpu time            0.00 seconds
      

21246      %let _cn = %sysfunc(getoption(CENTER));
21247      %let _nb = %sysfunc(getoption(NUMBER));
21248      options nonumber nocenter;
MPRINT(EM_DIAGRAM):   options nonumber nocenter;
21249      title;
MPRINT(EM_DIAGRAM):   title;
21250      proc print data=WORK.Stat2INTERVALSUMMARY(obs=500) label noobs;
MPRINT(EM_DIAGRAM):   proc print data=WORK.Stat2INTERVALSUMMARY(obs=500) label noobs;
21251      var Variable ROLE MEAN STD N NMISS MIN P50 MAX SKEWNESS KURTOSIS;
MPRINT(EM_DIAGRAM):   var Variable ROLE MEAN STD N NMISS MIN P50 MAX SKEWNESS KURTOSIS;
21252      by DATAROLE;
MPRINT(EM_DIAGRAM):   by DATAROLE;
21253      title9 "%sysfunc(sasmsg(sashelp.dmine, rpt_intervalStats_title, NOQUOTE))";
MPRINT(EM_DIAGRAM):   title9 "Interval Variable Summary Statistics";
21254      title10 "%sysfunc(sasmsg(sashelp.dmine, rpt_maxObsPrinted_title, NOQUOTE))";
MPRINT(EM_DIAGRAM):   title10 "(maximum 500 observations printed)";
MPRINT(EM_DIAGRAM):   run;
21255      run;

NOTE: There were 13 observations read from the data set WORK.STAT2INTERVALSUMMARY.
NOTE: The PROCEDURE PRINT printed page 4.
NOTE: PROCEDURE PRINT used (Total process time):
      real time           0.00 seconds
      cpu time            0.00 seconds
      

21256      title9;
MPRINT(EM_DIAGRAM):   title9;
21257      title10;
MPRINT(EM_DIAGRAM):   title10;
21258      options &_cn &_nb;
MPRINT(EM_DIAGRAM):   options NOCENTER NONUMBER;
21259      proc sort data=WORK.M18XV8ZD;
MPRINT(EM_DIAGRAM):    proc sort data=WORK.M18XV8ZD;
21260      by name;
MPRINT(EM_DIAGRAM):   by name;
21261      run;
MPRINT(EM_DIAGRAM):   run;

NOTE: Input data set is already sorted, no sorting done.
NOTE: PROCEDURE SORT used (Total process time):
      real time           0.00 seconds
      cpu time            0.00 seconds
      

21262      proc means data=EMWS1.Stat2_CLASS noprint;
MPRINT(EM_DIAGRAM):    proc means data=EMWS1.Stat2_CLASS noprint;
21263      class DATAROLE Variable;
MPRINT(EM_DIAGRAM):   class DATAROLE Variable;
21264      var PERCENT;
MPRINT(EM_DIAGRAM):   var PERCENT;
21265      output out=EMWS1.Stat2_CLASSPLOT;
MPRINT(EM_DIAGRAM):   output out=EMWS1.Stat2_CLASSPLOT;
21266      run;
MPRINT(EM_DIAGRAM):   run;

NOTE: There were 10 observations read from the data set EMWS1.STAT2_CLASS.
NOTE: The data set EMWS1.STAT2_CLASSPLOT has 40 observations and 6 variables.
NOTE: PROCEDURE MEANS used (Total process time):
      real time           0.01 seconds
      cpu time            0.01 seconds
      

21267      proc transpose data=EMWS1.Stat2_CLASSPLOT out=EMWS1.Stat2_CLASSPLOT;
MPRINT(EM_DIAGRAM):   proc transpose data=EMWS1.Stat2_CLASSPLOT out=EMWS1.Stat2_CLASSPLOT;
21268      where _type_=3 and _STAT_ = 'STD';
MPRINT(EM_DIAGRAM):   where _type_=3 and _STAT_ = 'STD';
21269      var PERCENT;
MPRINT(EM_DIAGRAM):   var PERCENT;
21270      id _STAT_;
MPRINT(EM_DIAGRAM):   id _STAT_;
21271      by DATAROLE Variable;
MPRINT(EM_DIAGRAM):   by DATAROLE Variable;
21272      run;
MPRINT(EM_DIAGRAM):   run;

NOTE: There were 3 observations read from the data set EMWS1.STAT2_CLASSPLOT.
      WHERE (_type_=3) and (_STAT_='STD');
NOTE: The data set EMWS1.STAT2_CLASSPLOT has 3 observations and 4 variables.
NOTE: PROCEDURE TRANSPOSE used (Total process time):
      real time           0.01 seconds
      cpu time            0.00 seconds
      

21273      proc sort data=EMWS1.Stat2_CLASSPLOT;
MPRINT(EM_DIAGRAM):   proc sort data=EMWS1.Stat2_CLASSPLOT;
21274      by DATAROLE descending STD;
MPRINT(EM_DIAGRAM):   by DATAROLE descending STD;
21275      where STD ne .;
MPRINT(EM_DIAGRAM):   where STD ne .;
21276      run;
MPRINT(EM_DIAGRAM):   run;

NOTE: There were 3 observations read from the data set EMWS1.STAT2_CLASSPLOT.
      WHERE STD not = .;
NOTE: The data set EMWS1.STAT2_CLASSPLOT has 3 observations and 4 variables.
NOTE: PROCEDURE SORT used (Total process time):
      real time           0.01 seconds
      cpu time            0.00 seconds
      

21277      data EMWS1.Stat2_CLASSPLOT(keep=DATAROLE Variable STD OrderedInput);
MPRINT(EM_DIAGRAM):   data EMWS1.Stat2_CLASSPLOT(keep=DATAROLE Variable STD OrderedInput);
21278      label OrderedInput = "%sysfunc(sasmsg(sashelp.dmine, rpt_orderedInput_vlabel, NOQUOTE))";
MPRINT(EM_DIAGRAM):   label OrderedInput = "Ordered Inputs";
21279      format OrderedInput 5.0;
MPRINT(EM_DIAGRAM):   format OrderedInput 5.0;
21280      label STD = "%sysfunc(sasmsg(sashelp.dmine, rpt_pctVariability_vlabel, NOQUOTE))";
MPRINT(EM_DIAGRAM):   label STD = "Percent Variability";
21281      retain OrderedInput 0;
MPRINT(EM_DIAGRAM):   retain OrderedInput 0;
21282      set EMWS1.Stat2_CLASSPLOT;
MPRINT(EM_DIAGRAM):   set EMWS1.Stat2_CLASSPLOT;
21283      by DATAROLE;
MPRINT(EM_DIAGRAM):   by DATAROLE;
21284      if first.DATAROLE then OrderedInput = 1;
MPRINT(EM_DIAGRAM):   if first.DATAROLE then OrderedInput = 1;
21285      else OrderedInput + 1;
MPRINT(EM_DIAGRAM):   else OrderedInput + 1;
21286      run;
MPRINT(EM_DIAGRAM):   run;

NOTE: There were 3 observations read from the data set EMWS1.STAT2_CLASSPLOT.
NOTE: The data set EMWS1.STAT2_CLASSPLOT has 3 observations and 4 variables.
NOTE: DATA statement used (Total process time):
      real time           0.01 seconds
      cpu time            0.01 seconds
      

21287      proc sort data=EMWS1.Stat2_CLASSPLOT;
MPRINT(EM_DIAGRAM):   proc sort data=EMWS1.Stat2_CLASSPLOT;
21288      by Variable;
MPRINT(EM_DIAGRAM):   by Variable;
21289      run;
MPRINT(EM_DIAGRAM):   run;

NOTE: There were 3 observations read from the data set EMWS1.STAT2_CLASSPLOT.
NOTE: The data set EMWS1.STAT2_CLASSPLOT has 3 observations and 4 variables.
NOTE: PROCEDURE SORT used (Total process time):
      real time           0.00 seconds
      cpu time            0.00 seconds
      

21290      data EMWS1.Stat2_CLASSPLOT;
MPRINT(EM_DIAGRAM):   data EMWS1.Stat2_CLASSPLOT;
21291      merge EMWS1.Stat2_CLASSPLOT(in=_a) WORK.M18XV8ZD(rename=(NAME=VARIABLE) Keep=NAME ROLE LABEL REPORT);
MPRINT(EM_DIAGRAM):   merge EMWS1.Stat2_CLASSPLOT(in=_a) WORK.M18XV8ZD(rename=(NAME=VARIABLE) Keep=NAME ROLE LABEL REPORT);
21292      by Variable;
MPRINT(EM_DIAGRAM):   by Variable;
21293      if _a and (OrderedInput<100 or Report='Y') then output;
MPRINT(EM_DIAGRAM):   if _a and (OrderedInput<100 or Report='Y') then output;
21294      run;
MPRINT(EM_DIAGRAM):   run;

WARNING: Multiple lengths were specified for the BY variable VARIABLE by input data sets. This may cause unexpected results.
NOTE: There were 3 observations read from the data set EMWS1.STAT2_CLASSPLOT.
NOTE: There were 19 observations read from the data set WORK.M18XV8ZD.
NOTE: The data set EMWS1.STAT2_CLASSPLOT has 3 observations and 7 variables.
NOTE: DATA statement used (Total process time):
      real time           0.00 seconds
      cpu time            0.00 seconds
      

21295      data temp;
MPRINT(EM_DIAGRAM):   data temp;
21296      set EMWS1.Stat2_CLASSPLOT;
MPRINT(EM_DIAGRAM):   set EMWS1.Stat2_CLASSPLOT;
21297      where DATAROLE='TRAIN';
MPRINT(EM_DIAGRAM):   where DATAROLE='TRAIN';
21298      if OrderedInput<21 then plot = 1;
MPRINT(EM_DIAGRAM):   if OrderedInput<21 then plot = 1;
21299      else plot=0;
MPRINT(EM_DIAGRAM):   else plot=0;
21300      if LABEL = "" then LABEL = Variable;
MPRINT(EM_DIAGRAM):   if LABEL = "" then LABEL = Variable;
21301      keep Variable Label plot;
MPRINT(EM_DIAGRAM):   keep Variable Label plot;
21302      run;
MPRINT(EM_DIAGRAM):   run;

NOTE: There were 3 observations read from the data set EMWS1.STAT2_CLASSPLOT.
      WHERE DATAROLE='TRAIN';
NOTE: The data set WORK.TEMP has 3 observations and 3 variables.
NOTE: DATA statement used (Total process time):
      real time           0.01 seconds
      cpu time            0.00 seconds
      

21303      data EMWS1.Stat2_CLASSPLOT;
MPRINT(EM_DIAGRAM):   data EMWS1.Stat2_CLASSPLOT;
21304      merge EMWS1.Stat2_CLASSPLOT temp;
MPRINT(EM_DIAGRAM):   merge EMWS1.Stat2_CLASSPLOT temp;
21305      by Variable;
MPRINT(EM_DIAGRAM):   by Variable;
21306      label DATAROLE = "%sysfunc(sasmsg(sashelp.dmine,  rpt_datarole_vlabel, NOQUOTE))" ROLE = "%sysfunc(sasmsg(sashelp.dmine, meta_role_vlabel,          NOQUOTE))" PLOT = "%sysfunc(sasmsg(sashelp.dmine, rpt_plot_vlabel,           NOQUOTE))" REPORT =
21307         "%sysfunc(sasmsg(sashelp.dmine, meta_report_vlabel,         NOQUOTE))";
MPRINT(EM_DIAGRAM):   label DATAROLE = "Data Role" ROLE = "Role" PLOT = "Plot" REPORT = "Report";
21308      run;
MPRINT(EM_DIAGRAM):   run;

NOTE: There were 3 observations read from the data set EMWS1.STAT2_CLASSPLOT.
NOTE: There were 3 observations read from the data set WORK.TEMP.
NOTE: The data set EMWS1.STAT2_CLASSPLOT has 3 observations and 8 variables.
NOTE: DATA statement used (Total process time):
      real time           0.01 seconds
      cpu time            0.00 seconds
      

21309      proc sort data=EMWS1.Stat2_CLASSPLOT;
MPRINT(EM_DIAGRAM):   proc sort data=EMWS1.Stat2_CLASSPLOT;
21310      by DATAROLE Variable;
MPRINT(EM_DIAGRAM):   by DATAROLE Variable;
21311      run;
MPRINT(EM_DIAGRAM):   run;

NOTE: There were 3 observations read from the data set EMWS1.STAT2_CLASSPLOT.
NOTE: The data set EMWS1.STAT2_CLASSPLOT has 3 observations and 8 variables.
NOTE: PROCEDURE SORT used (Total process time):
      real time           0.00 seconds
      cpu time            0.00 seconds
      

21312      proc sort data=EMWS1.Stat2_CLASS;
MPRINT(EM_DIAGRAM):   proc sort data=EMWS1.Stat2_CLASS;
21313      by DATAROLE Variable;
MPRINT(EM_DIAGRAM):   by DATAROLE Variable;
21314      run;
MPRINT(EM_DIAGRAM):   run;

NOTE: There were 10 observations read from the data set EMWS1.STAT2_CLASS.
NOTE: The data set EMWS1.STAT2_CLASS has 10 observations and 12 variables.
NOTE: PROCEDURE SORT used (Total process time):
      real time           0.00 seconds
      cpu time            0.00 seconds
      

21315      data EMWS1.Stat2_CLASS;
MPRINT(EM_DIAGRAM):   data EMWS1.Stat2_CLASS;
21316      merge EMWS1.Stat2_CLASS(drop=NRAW CRAW) EMWS1.Stat2_CLASSPLOT(keep=DATAROLE Variable Plot);
MPRINT(EM_DIAGRAM):   merge EMWS1.Stat2_CLASS(drop=NRAW CRAW) EMWS1.Stat2_CLASSPLOT(keep=DATAROLE Variable Plot);
21317      by DATAROLE Variable;
MPRINT(EM_DIAGRAM):   by DATAROLE Variable;
21318      if plot eq . then delete;
MPRINT(EM_DIAGRAM):   if plot eq . then delete;
21319      label DATAROLE = "%sysfunc(sasmsg(sashelp.dmine, rpt_datarole_vlabel,       NOQUOTE))" LEVEL = "%sysfunc(sasmsg(sashelp.dmine, rpt_level_vlabel,          NOQUOTE))" TYPE = "%sysfunc(sasmsg(sashelp.dmine, rpt_type_vlabel,           NOQUOTE))"
21319    ! COUNT =
21320         "%sysfunc(sasmsg(sashelp.dmine, rpt_count_vlabel,          NOQUOTE))" ROLE = "%sysfunc(sasmsg(sashelp.dmine, meta_role_vlabel,          NOQUOTE))" PERCENT = "%sysfunc(sasmsg(sashelp.dmine, rpt_percent_vlabel,        NOQUOTE))" PLOT =
21321         "%sysfunc(sasmsg(sashelp.dmine, rpt_plot_vlabel,           NOQUOTE))" LEVELINDEX = "%sysfunc(sasmsg(sashelp.dmine, rpt_levelIndex_vlabel,     NOQUOTE))";
MPRINT(EM_DIAGRAM):   label DATAROLE = "Data Role" LEVEL = "Level" TYPE = "Type" COUNT = "Frequency Count" ROLE = "Role" PERCENT = "Percent" PLOT = "Plot" LEVELINDEX = "Level Index";
21322      run;
MPRINT(EM_DIAGRAM):   run;

NOTE: There were 10 observations read from the data set EMWS1.STAT2_CLASS.
NOTE: There were 3 observations read from the data set EMWS1.STAT2_CLASSPLOT.
NOTE: The data set EMWS1.STAT2_CLASS has 10 observations and 11 variables.
NOTE: DATA statement used (Total process time):
      real time           0.03 seconds
      cpu time            0.01 seconds
      

21323      data EMWS1.Stat2_INTERVAL;
MPRINT(EM_DIAGRAM):    data EMWS1.Stat2_INTERVAL;
21324      set EMWS1.Stat2_INTERVAL;
MPRINT(EM_DIAGRAM):   set EMWS1.Stat2_INTERVAL;
21325      label NMiss = "%sysfunc(sasmsg(sashelp.dmine, rpt_missing_vlabel, NOQUOTE))" absCV = "%sysfunc(sasmsg(sashelp.dmine, rpt_absCV_vlabel,   NOQUOTE))" CV = "%sysfunc(sasmsg(sashelp.dmine, rpt_cv_vlabel,      NOQUOTE))" Sign =
21326         "%sysfunc(sasmsg(sashelp.dmine, rpt_sign_vlabel,    NOQUOTE))";
MPRINT(EM_DIAGRAM):   label NMiss = "Missing" absCV = "Abs C.V." CV = "Coefficient of Variation" Sign = "Sign";
21327      if MEAN ne . then do;
MPRINT(EM_DIAGRAM):   if MEAN ne . then do;
21328      CV = STD/MEAN;
MPRINT(EM_DIAGRAM):   CV = STD/MEAN;
21329      absCV = abs(CV);
MPRINT(EM_DIAGRAM):   absCV = abs(CV);
21330      if absCV < 0 then Sign = '-';
MPRINT(EM_DIAGRAM):   if absCV < 0 then Sign = '-';
21331      else Sign = '+';
MPRINT(EM_DIAGRAM):   else Sign = '+';
21332      absCV = abs(absCV);
MPRINT(EM_DIAGRAM):   absCV = abs(absCV);
21333      end;
MPRINT(EM_DIAGRAM):   end;
21334      run;
MPRINT(EM_DIAGRAM):   run;

NOTE: There were 13 observations read from the data set EMWS1.STAT2_INTERVAL.
NOTE: The data set EMWS1.STAT2_INTERVAL has 13 observations and 16 variables.
NOTE: DATA statement used (Total process time):
      real time           0.00 seconds
      cpu time            0.00 seconds
      

21335      proc sort data = EMWS1.Stat2_INTERVAL;
MPRINT(EM_DIAGRAM):   proc sort data = EMWS1.Stat2_INTERVAL;
21336      by DATAROLE descending absCV;
MPRINT(EM_DIAGRAM):   by DATAROLE descending absCV;
21337      run;
MPRINT(EM_DIAGRAM):   run;

NOTE: There were 13 observations read from the data set EMWS1.STAT2_INTERVAL.
NOTE: The data set EMWS1.STAT2_INTERVAL has 13 observations and 16 variables.
NOTE: PROCEDURE SORT used (Total process time):
      real time           0.00 seconds
      cpu time            0.00 seconds
      

21338      data EMWS1.Stat2_INTERVAL;
MPRINT(EM_DIAGRAM):   data EMWS1.Stat2_INTERVAL;
21339      retain OrderedInput;
MPRINT(EM_DIAGRAM):   retain OrderedInput;
21340      set EMWS1.Stat2_INTERVAL;
MPRINT(EM_DIAGRAM):   set EMWS1.Stat2_INTERVAL;
21341      by DATAROLE;
MPRINT(EM_DIAGRAM):   by DATAROLE;
21342      label OrderedInput = "%sysfunc(sasmsg(sashelp.dmine, rpt_orderedInput_vlabel, NOQUOTE))";
MPRINT(EM_DIAGRAM):   label OrderedInput = "Ordered Inputs";
21343      format OrderedInput 5.0;
MPRINT(EM_DIAGRAM):   format OrderedInput 5.0;
21344      if first.DATAROLE then OrderedInput = 1;
MPRINT(EM_DIAGRAM):   if first.DATAROLE then OrderedInput = 1;
21345      else OrderedInput + 1;
MPRINT(EM_DIAGRAM):   else OrderedInput + 1;
21346      run;
MPRINT(EM_DIAGRAM):   run;

NOTE: There were 13 observations read from the data set EMWS1.STAT2_INTERVAL.
NOTE: The data set EMWS1.STAT2_INTERVAL has 13 observations and 17 variables.
NOTE: DATA statement used (Total process time):
      real time           0.01 seconds
      cpu time            0.00 seconds
      

21347      proc sort data=WORK.M18XV8ZD;
MPRINT(EM_DIAGRAM):    proc sort data=WORK.M18XV8ZD;
21348      by name;
MPRINT(EM_DIAGRAM):   by name;
21349      run;
MPRINT(EM_DIAGRAM):   run;

NOTE: Input data set is already sorted, no sorting done.
NOTE: PROCEDURE SORT used (Total process time):
      real time           0.00 seconds
      cpu time            0.00 seconds
      

MPRINT(EM_DIAGRAM):    proc printto;
MPRINT(EM_DIAGRAM):   run;
