MPRINT(EM_DIAGRAM):    data _null_;
MPRINT(EM_DIAGRAM):   call symput('NLDATE', strip(put(date(), NLDATE.)));
MPRINT(EM_DIAGRAM):   call symput('NLTIME', strip(put(datetime(), NLTIME.)));
MPRINT(EM_DIAGRAM):   run;
MPRINT(EM_DIAGRAM):   data _null_;
MPRINT(EM_DIAGRAM):   nldate= sasmsg("sashelp.dmine", "log_date_note", 'N', "December 29, 2015" );
MPRINT(EM_DIAGRAM):   nltime= sasmsg("sashelp.dmine", "log_time_note", 'N', "13:12:21" );
MPRINT(EM_DIAGRAM):   put "*------------------------------------------------------------*";
MPRINT(EM_DIAGRAM):   put "* Training Log";
MPRINT(EM_DIAGRAM):   put nldate;
MPRINT(EM_DIAGRAM):   put nltime;
MPRINT(EM_DIAGRAM):   put "*------------------------------------------------------------*";
MPRINT(EM_DIAGRAM):   run;
*------------------------------------------------------------*
* Training Log
Date:                December 29, 2015
Time:                13:12:21
*------------------------------------------------------------*
MPRINT(EM_DIAGRAM):    filename O3P0M7VU "C:\Users\D059331\Desktop\DM_Insurance_segmentation\insurance_segmentation\Workspaces\EMWS1\Plot\EMTRAIN.out" encoding="UTF-8" NOBOM;
MPRINT(EM_DIAGRAM):   proc printto print=O3P0M7VU new;
MPRINT(EM_DIAGRAM):   run;
MPRINT(EM_DIAGRAM):    filename _LOG "C:\Users\D059331\Desktop\DM_Insurance_segmentation\insurance_segmentation\Workspaces\EMWS1\Plot\EMLOG.log" encoding="UTF-8" NOBOM;
MPRINT(EM_DIAGRAM):    data _null_;
MPRINT(EM_DIAGRAM):   call symput('NLDATE', strip(put(date(), NLDATE.)));
MPRINT(EM_DIAGRAM):   call symput('NLTIME', strip(put(datetime(), NLTIME.)));
MPRINT(EM_DIAGRAM):   run;
MPRINT(EM_DIAGRAM):   data _null_;
MPRINT(EM_DIAGRAM):   nldate= sasmsg("sashelp.dmine", "log_date_note", 'N', "December 29, 2015" );
MPRINT(EM_DIAGRAM):   nltime= sasmsg("sashelp.dmine", "log_time_note", 'N', "13:12:21" );
MPRINT(EM_DIAGRAM):   file _LOG;
MPRINT(EM_DIAGRAM):   put "*------------------------------------------------------------*";
MPRINT(EM_DIAGRAM):   put "User:                D059331";
MPRINT(EM_DIAGRAM):   put nldate;
MPRINT(EM_DIAGRAM):   put nltime;
MPRINT(EM_DIAGRAM):   put "Site:                70107571";
MPRINT(EM_DIAGRAM):   put "Platform:            X64_8PRO";
MPRINT(EM_DIAGRAM):   put "Maintenance Release: 9.03.01M2P081512";
MPRINT(EM_DIAGRAM):   put "EM Version:          12.1";
MPRINT(EM_DIAGRAM):   put "* ";
MPRINT(EM_DIAGRAM):   run;
MPRINT(EM_DIAGRAM):    filename _LOGIN "C:\Users\D059331\Desktop\DM_Insurance_segmentation\insurance_segmentation\Workspaces\EMWS1\Plot\EMTRAIN.log" encoding="UTF-8" NOBOM;
MPRINT(EM_COPYFILE):   data _null_;
MPRINT(EM_COPYFILE):   length line $20000;
MPRINT(EM_COPYFILE):   file _LOG MOD lrecl=20000;
MPRINT(EM_COPYFILE):   fid=fopen("_LOGIN",'i',20000,'v');
MPRINT(EM_COPYFILE):   if fid > 0 then do;
MPRINT(EM_COPYFILE):   do while(^fread(fid));
MPRINT(EM_COPYFILE):   rlen = frlen(fid);
MPRINT(EM_COPYFILE):   rc= fget(fid,line,20000);
MPRINT(EM_COPYFILE):   start = length(line)-length(left(line))+1;
MPRINT(EM_COPYFILE):   line=strip(line);
MPRINT(EM_COPYFILE):   put @start line;
MPRINT(EM_COPYFILE):   end;
MPRINT(EM_COPYFILE):   if fid > 0 then rc=fclose(fid);
MPRINT(EM_COPYFILE):   end;
MPRINT(EM_COPYFILE):   run;
MPRINT(EM_DIAGRAM):  ;
MPRINT(EM_DIAGRAM):   filename _LOGIN;
MPRINT(EM_DIAGRAM):    data _null_;
MPRINT(EM_DIAGRAM):   file _LOG mod;
MPRINT(EM_DIAGRAM):   put _page_;
MPRINT(EM_DIAGRAM):   run;
MPRINT(EM_DIAGRAM):   filename _LOGIN "C:\Users\D059331\Desktop\DM_Insurance_segmentation\insurance_segmentation\Workspaces\EMWS1\Plot\EMSCORE.log" encoding="UTF-8" NOBOM;
MPRINT(EM_DIAGRAM):  ;
MPRINT(EM_DIAGRAM):   data _null_;
MPRINT(EM_DIAGRAM):   file _LOG mod;
MPRINT(EM_DIAGRAM):   put _page_;
MPRINT(EM_DIAGRAM):   run;
MPRINT(EM_DIAGRAM):    filename _LOGIN "C:\Users\D059331\Desktop\DM_Insurance_segmentation\insurance_segmentation\Workspaces\EMWS1\Plot\EMREPORT.log" encoding="UTF-8" NOBOM;
MPRINT(EM_DIAGRAM):  ;
MPRINT(EM_DIAGRAM):   filename _LOGIN;
MPRINT(EM_DIAGRAM):    filename _LOG;
MPRINT(EM_DIAGRAM):    filename _OUT "C:\Users\D059331\Desktop\DM_Insurance_segmentation\insurance_segmentation\Workspaces\EMWS1\Plot\EMOUTPUT.out" encoding="UTF-8" NOBOM;
MPRINT(EM_DIAGRAM):    data _null_;
MPRINT(EM_DIAGRAM):   call symput('NLDATE', strip(put(date(), NLDATE.)));
MPRINT(EM_DIAGRAM):   call symput('NLTIME', strip(put(datetime(), NLTIME.)));
MPRINT(EM_DIAGRAM):   run;
MPRINT(EM_DIAGRAM):   data _null_;
MPRINT(EM_DIAGRAM):   nldate= sasmsg("sashelp.dmine", "log_date_note", 'N', "December 29, 2015" );
MPRINT(EM_DIAGRAM):   nltime= sasmsg("sashelp.dmine", "log_time_note", 'N', "13:12:21" );
MPRINT(EM_DIAGRAM):   file _OUT;
MPRINT(EM_DIAGRAM):   put "*------------------------------------------------------------*";
MPRINT(EM_DIAGRAM):   put "User:                D059331";
MPRINT(EM_DIAGRAM):   put nldate;
MPRINT(EM_DIAGRAM):   put nltime;
MPRINT(EM_DIAGRAM):   put "*------------------------------------------------------------*";
MPRINT(EM_DIAGRAM):   put "* Training Output";
MPRINT(EM_DIAGRAM):   put "*------------------------------------------------------------*";
MPRINT(EM_DIAGRAM):   run;
MPRINT(EM_DIAGRAM):    filename _OUTIN "C:\Users\D059331\Desktop\DM_Insurance_segmentation\insurance_segmentation\Workspaces\EMWS1\Plot\EMTRAIN.out" encoding="UTF-8" NOBOM;
MPRINT(EM_DIAGRAM):   ;
MPRINT(EM_COPYFILE):   data _null_;
MPRINT(EM_COPYFILE):   length line $20000;
MPRINT(EM_COPYFILE):   file _OUT MOD lrecl=20000;
MPRINT(EM_COPYFILE):   fid=fopen("_OUTIN",'i',20000,'v');
MPRINT(EM_COPYFILE):   if fid > 0 then do;
MPRINT(EM_COPYFILE):   do while(^fread(fid));
MPRINT(EM_COPYFILE):   rlen = frlen(fid);
MPRINT(EM_COPYFILE):   rc= fget(fid,line,20000);
MPRINT(EM_COPYFILE):   start = length(line)-length(left(line))+1;
MPRINT(EM_COPYFILE):   line=strip(line);
MPRINT(EM_COPYFILE):   put @start line;
MPRINT(EM_COPYFILE):   end;
MPRINT(EM_COPYFILE):   if fid > 0 then rc=fclose(fid);
MPRINT(EM_COPYFILE):   end;
MPRINT(EM_COPYFILE):   run;
MPRINT(EM_DIAGRAM):  ;
MPRINT(EM_DIAGRAM):   filename _OUTIN;
MPRINT(EM_DIAGRAM):    data _null_;
MPRINT(EM_DIAGRAM):   file _OUT mod;
MPRINT(EM_DIAGRAM):   put _page_;
MPRINT(EM_DIAGRAM):   put // "*------------------------------------------------------------*";
MPRINT(EM_DIAGRAM):   put "* Score Output";
MPRINT(EM_DIAGRAM):   put "*------------------------------------------------------------*";
MPRINT(EM_DIAGRAM):   run;
MPRINT(EM_DIAGRAM):    filename _OUTIN "C:\Users\D059331\Desktop\DM_Insurance_segmentation\insurance_segmentation\Workspaces\EMWS1\Plot\EMSCORE.out" encoding="UTF-8" NOBOM;
MPRINT(EM_DIAGRAM):  ;
MPRINT(EM_DIAGRAM):   filename _OUTIN;
MPRINT(EM_DIAGRAM):    data _null_;
MPRINT(EM_DIAGRAM):   file _OUT mod;
MPRINT(EM_DIAGRAM):   put _page_;
MPRINT(EM_DIAGRAM):   put // "*------------------------------------------------------------*";
MPRINT(EM_DIAGRAM):   put "* Report Output";
MPRINT(EM_DIAGRAM):   put "*------------------------------------------------------------*";
MPRINT(EM_DIAGRAM):   run;
MPRINT(EM_DIAGRAM):    filename _OUTIN "C:\Users\D059331\Desktop\DM_Insurance_segmentation\insurance_segmentation\Workspaces\EMWS1\Plot\EMREPORT.out" encoding="UTF-8" NOBOM;
MPRINT(EM_DIAGRAM):  ;
MPRINT(EM_DIAGRAM):   filename _OUTIN;
MPRINT(EM_DIAGRAM):    filename _OUT;
MPRINT(EM_DIAGRAM):    filename _emtool_ 'C:\Users\D059331\Desktop\DM_Insurance_segmentation\insurance_segmentation\Workspaces\EMWS1\Plot\EMRUNSTATUS.xml' encoding="UTF-8" NOBOM;
MPRINT(EM_DIAGRAM):    proc freq data=EMWS1.Plot_VariableSet noprint;
MPRINT(EM_DIAGRAM):   table ROLE*LEVEL/out=WORK.PlotMETA;
MPRINT(EM_DIAGRAM):   run;
MPRINT(EM_DIAGRAM):   proc print data=WORK.PlotMETA label noobs;
MPRINT(EM_DIAGRAM):   var ROLE LEVEL COUNT;
MPRINT(EM_DIAGRAM):   label ROLE = "Role" LEVEL = "Measurement Level" COUNT = "Frequency Count";
MPRINT(EM_DIAGRAM):   title9 ' ';
MPRINT(EM_DIAGRAM):   title10 "Variable Summary";
MPRINT(EM_DIAGRAM):   run;
MPRINT(EM_DIAGRAM):   title10;
MPRINT(EM_DIAGRAM):    data WORK.M18ZNM2P;
MPRINT(EM_DIAGRAM):   set WORK.M18ZNM2P;
MPRINT(EM_DIAGRAM):   if role = 'TARGET' and use in ('Y', 'D') then do;
MPRINT(EM_DIAGRAM):   role = 'TARGET';
MPRINT(EM_DIAGRAM):   output;
MPRINT(EM_DIAGRAM):   end;
MPRINT(EM_DIAGRAM):   else if role in('REJECTED' 'PREDICT' 'RESIDUAL' 'GROUP' 'ASSESS') and use = 'Y' then do;
MPRINT(EM_DIAGRAM):   role = 'INPUT';
MPRINT(EM_DIAGRAM):   output;
MPRINT(EM_DIAGRAM):   end;
MPRINT(EM_DIAGRAM):   else if role = 'INPUT' and use in ('Y', 'D') then do;
MPRINT(EM_DIAGRAM):   role = 'INPUT';
MPRINT(EM_DIAGRAM):   output;
MPRINT(EM_DIAGRAM):   end;
MPRINT(EM_DIAGRAM):   else if role = 'FREQ' and use = 'Y' then do;
MPRINT(EM_DIAGRAM):   role = 'FREQ';
MPRINT(EM_DIAGRAM):   output;
MPRINT(EM_DIAGRAM):   end;
MPRINT(EM_DIAGRAM):   else delete;
MPRINT(EM_DIAGRAM):   run;
MPRINT(EM_DIAGRAM):    *------------------------------------------------------------* ;
MPRINT(EM_DIAGRAM):   * Plot: DMDBClass Macro ;
MPRINT(EM_DIAGRAM):   *------------------------------------------------------------* ;
MPRINT(EM_DIAGRAM):   *------------------------------------------------------------*;
MPRINT(EM_DIAGRAM):   * Plot: Create DMDB;
MPRINT(EM_DIAGRAM):   *------------------------------------------------------------*;
MPRINT(EM_DIAGRAM):   proc dmdb batch data=EMWS1.Ids_DATA dmdbcat=WORK.Plot_DMDB maxlevel = 23 nonorm ;
MPRINT(EM_DIAGRAM):   class
MPRINT(DMDBCLASS):   ClaimsRate(ASC) CustomerAge(ASC) CustomerMonetaryValue(ASC) EducationalDegree(ASC) FirstPolicyYear(ASC) GeographicLiving(ASC) GrossMonthlySalary(ASC) HasChildren(ASC) PremiumsinLOBHealth(ASC) PremiumsinLOBHousehold(ASC) 
PremiumsinLOBLife(ASC) PremiumsinLOBMotor(ASC) PremiumsinLOBWorkComp(ASC)
MPRINT(EM_DIAGRAM):  ;
MPRINT(EM_DIAGRAM):   run;
MPRINT(EM_DIAGRAM):   quit;
MPRINT(EM_DIAGRAM):    *------------------------------------------------------------*;
MPRINT(EM_DIAGRAM):   * Plot: Creating univariate histograms;
MPRINT(EM_DIAGRAM):   *------------------------------------------------------------*;
MPRINT(EM_DIAGRAM):   goptions ftext="SWISS";
MPRINT(EM_DIAGRAM):   goptions nodisplay device=PNG;
MPRINT(EM_DIAGRAM):   axis1 width=2 offset=(1,1) label=(rotate=90 angle=270) minor=none;
MPRINT(EM_DIAGRAM):   axis2 width=2 minor=none;
MPRINT(EM_DIAGRAM):   pattern1 value=solid;
MPRINT(EM_DIAGRAM):   proc gchart data=EMWS1.Ids_DATA gout=WORK.PlotGRAPH;
MPRINT(EM_DIAGRAM):   *;
MPRINT(EM_DIAGRAM):   title "ClaimsRate";
MPRINT(EM_DIAGRAM):   vbar ClaimsRate / name = "ClaimsRate" description = "ClaimsRate" FREQ type=FREQ noframe missing raxis=axis1 maxis=axis2;
MPRINT(EM_DIAGRAM):   run;
WARNING: The VBAR/VBAR3D chart for ClaimsRate could not be labeled because the labels are wider than the bars.
MPRINT(EM_DIAGRAM):   title "CustomerAge";
MPRINT(EM_DIAGRAM):   vbar CustomerAge / name = "CustomerAge" description = "CustomerAge" FREQ type=FREQ noframe missing raxis=axis1 maxis=axis2;
MPRINT(EM_DIAGRAM):   run;
WARNING: The VBAR/VBAR3D chart for CustomerAge could not be labeled because the labels are wider than the bars.
MPRINT(EM_DIAGRAM):   title "CustomerMonetaryValue";
MPRINT(EM_DIAGRAM):   vbar CustomerMonetaryValue / name = "CustomerMonetaryValue" description = "CustomerMonetaryValue" FREQ type=FREQ noframe missing raxis=axis1 maxis=axis2;
MPRINT(EM_DIAGRAM):   run;
WARNING: The VBAR/VBAR3D chart for CustomerMonetaryValue could not be labeled because the labels are wider than the bars.
MPRINT(EM_DIAGRAM):   title "EducationalDegree";
MPRINT(EM_DIAGRAM):   vbar EducationalDegree / name = "EducationalDegree" description = "EducationalDegree" FREQ type=FREQ noframe missing raxis=axis1 maxis=axis2;
MPRINT(EM_DIAGRAM):   run;
MPRINT(EM_DIAGRAM):   title "FirstPolicyYear";
MPRINT(EM_DIAGRAM):   vbar FirstPolicyYear / name = "FirstPolicyYear" description = "FirstPolicyYear" FREQ type=FREQ noframe missing raxis=axis1 maxis=axis2;
MPRINT(EM_DIAGRAM):   run;
WARNING: The VBAR/VBAR3D chart for FirstPolicyYear could not be labeled because the labels are wider than the bars.
MPRINT(EM_DIAGRAM):   title "GeographicLiving";
MPRINT(EM_DIAGRAM):   vbar GeographicLiving / name = "GeographicLiving" description = "GeographicLiving" FREQ type=FREQ noframe missing discrete raxis=axis1 maxis=axis2;
MPRINT(EM_DIAGRAM):   run;
MPRINT(EM_DIAGRAM):   title "GrossMonthlySalary";
MPRINT(EM_DIAGRAM):   vbar GrossMonthlySalary / name = "GrossMonthlySalary" description = "GrossMonthlySalary" FREQ type=FREQ noframe missing raxis=axis1 maxis=axis2;
MPRINT(EM_DIAGRAM):   run;
WARNING: The VBAR/VBAR3D chart for GrossMonthlySalary could not be labeled because the labels are wider than the bars.
MPRINT(EM_DIAGRAM):   title "HasChildren";
MPRINT(EM_DIAGRAM):   vbar HasChildren / name = "HasChildren" description = "HasChildren" FREQ type=FREQ noframe missing discrete raxis=axis1 maxis=axis2;
MPRINT(EM_DIAGRAM):   run;
MPRINT(EM_DIAGRAM):   title "PremiumsinLOBHealth";
MPRINT(EM_DIAGRAM):   vbar PremiumsinLOBHealth / name = "PremiumsinLOBHealth" description = "PremiumsinLOBHealth" FREQ type=FREQ noframe missing raxis=axis1 maxis=axis2;
MPRINT(EM_DIAGRAM):   run;
WARNING: The VBAR/VBAR3D chart for PremiumsinLOBHealth could not be labeled because the labels are wider than the bars.
MPRINT(EM_DIAGRAM):   title "PremiumsinLOBHousehold";
MPRINT(EM_DIAGRAM):   vbar PremiumsinLOBHousehold / name = "PremiumsinLOBHousehold" description = "PremiumsinLOBHousehold" FREQ type=FREQ noframe missing raxis=axis1 maxis=axis2;
MPRINT(EM_DIAGRAM):   run;
WARNING: The VBAR/VBAR3D chart for PremiumsinLOBHousehold could not be labeled because the labels are wider than the bars.
MPRINT(EM_DIAGRAM):   title "PremiumsinLOBLife";
MPRINT(EM_DIAGRAM):   vbar PremiumsinLOBLife / name = "PremiumsinLOBLife" description = "PremiumsinLOBLife" FREQ type=FREQ noframe missing raxis=axis1 maxis=axis2;
MPRINT(EM_DIAGRAM):   run;
WARNING: The VBAR/VBAR3D chart for PremiumsinLOBLife could not be labeled because the labels are wider than the bars.
MPRINT(EM_DIAGRAM):   title "PremiumsinLOBMotor";
MPRINT(EM_DIAGRAM):   vbar PremiumsinLOBMotor / name = "PremiumsinLOBMotor" description = "PremiumsinLOBMotor" FREQ type=FREQ noframe missing raxis=axis1 maxis=axis2;
MPRINT(EM_DIAGRAM):   run;
WARNING: The VBAR/VBAR3D chart for PremiumsinLOBMotor could not be labeled because the labels are wider than the bars.
MPRINT(EM_DIAGRAM):   title "PremiumsinLOBWorkComp";
MPRINT(EM_DIAGRAM):   vbar PremiumsinLOBWorkComp / name = "PremiumsinLOBWorkComp" description = "PremiumsinLOBWorkComp" FREQ type=FREQ noframe missing raxis=axis1 maxis=axis2;
MPRINT(EM_DIAGRAM):   run;
WARNING: The VBAR/VBAR3D chart for PremiumsinLOBWorkComp could not be labeled because the labels are wider than the bars.
MPRINT(EM_DIAGRAM):   quit;
MPRINT(EM_DIAGRAM):   title;
MPRINT(EM_DIAGRAM):   goptions display;
MPRINT(EM_DIAGRAM):    *------------------------------------------------------------*;
MPRINT(EM_DIAGRAM):   * Plot: Creating variable by interval target charts;
MPRINT(EM_DIAGRAM):   *------------------------------------------------------------*;
MPRINT(EM_DIAGRAM):   *------------------------------------------------------------* ;
MPRINT(EM_DIAGRAM):   * Plot: DMDBClass Macro ;
MPRINT(EM_DIAGRAM):   *------------------------------------------------------------* ;
MPRINT(EM_DIAGRAM):   *------------------------------------------------------------* ;
MPRINT(EM_DIAGRAM):   * Plot: DMDBVar Macro ;
MPRINT(EM_DIAGRAM):   *------------------------------------------------------------* ;
MPRINT(EM_DIAGRAM):   *------------------------------------------------------------*;
MPRINT(EM_DIAGRAM):   * Plot: Create DMDB;
MPRINT(EM_DIAGRAM):   *------------------------------------------------------------*;
MPRINT(EM_DIAGRAM):   proc dmdb batch data=EMWS1.Ids_DATA dmdbcat=WORK.Plot_DMDB classout=work.classoutDs varout=work.varoutDs maxlevel = 513 ;
MPRINT(EM_DIAGRAM):   class
MPRINT(DMDBCLASS):   EducationalDegree(ASC) GeographicLiving(ASC) HasChildren(ASC)
MPRINT(EM_DIAGRAM):  ;
MPRINT(EM_DIAGRAM):   var
MPRINT(DMDBVAR):   ClaimsRate CustomerAge CustomerMonetaryValue FirstPolicyYear GrossMonthlySalary PremiumsinLOBHealth PremiumsinLOBHousehold PremiumsinLOBLife PremiumsinLOBMotor PremiumsinLOBWorkComp
MPRINT(EM_DIAGRAM):  ;
MPRINT(EM_DIAGRAM):   run;
MPRINT(EM_DIAGRAM):   quit;
MPRINT(EM_DIAGRAM):   *--- end code ---*;
MPRINT(EM_DIAGRAM):    title8;
MPRINT(EM_DIAGRAM):   title8 "Class Variables";
MPRINT(EM_DIAGRAM):   proc print data=work.classoutDs;
MPRINT(EM_DIAGRAM):   run;
MPRINT(EM_DIAGRAM):   proc datasets lib=work nolist;
MPRINT(EM_DIAGRAM):   delete classoutDs;
MPRINT(EM_DIAGRAM):   run;
MPRINT(EM_DIAGRAM):   title8;
MPRINT(EM_DIAGRAM):   title8;
MPRINT(EM_DIAGRAM):   title8 "Interval Variables";
MPRINT(EM_DIAGRAM):   proc print data=work.varoutDs;
MPRINT(EM_DIAGRAM):   run;
MPRINT(EM_DIAGRAM):   proc datasets lib=work nolist;
MPRINT(EM_DIAGRAM):   delete varoutDs;
MPRINT(EM_DIAGRAM):   run;
MPRINT(EM_DIAGRAM):   title8;
MPRINT(EM_DIAGRAM):   proc datasets lib=WORK nolist;
MPRINT(EM_DIAGRAM):   delete Plot_DMDB;
MPRINT(EM_DIAGRAM):   run;
MPRINT(EM_DIAGRAM):   quit;
MPRINT(EM_DIAGRAM):    proc datasets lib=WORK nolist;
MPRINT(EM_DIAGRAM):   delete Plot_DMDB / memtype=catalog;
MPRINT(EM_DIAGRAM):   run;
MPRINT(EM_DIAGRAM):   quit;
MPRINT(EM_DIAGRAM):    *------------------------------------------------------------*;
MPRINT(EM_DIAGRAM):   * Plot: Copying graphs to node folder;
MPRINT(EM_DIAGRAM):   *------------------------------------------------------------*;
MPRINT(EM_DIAGRAM):   filename gsasfile "C:\Users\D059331\Desktop\DM_Insurance_segmentation\insurance_segmentation\Workspaces\EMWS1\Plot\GRAPH\ClaimsRate.gif";
MPRINT(EM_DIAGRAM):   goptions device= GIF display gaccess= gsasfile gsfmode= replace cback= white;
MPRINT(EM_DIAGRAM):   proc greplay igout=WORK.PLOTGRAPH nofs;

MPRINT(EM_DIAGRAM):   replay CLAIMSRA;
MPRINT(EM_DIAGRAM):   quit;
MPRINT(EM_DIAGRAM):   goptions device=win;
MPRINT(EM_DIAGRAM):   filename gsasfile;
MPRINT(EM_DIAGRAM):    filename gsasfile "C:\Users\D059331\Desktop\DM_Insurance_segmentation\insurance_segmentation\Workspaces\EMWS1\Plot\GRAPH\CustomerMonetaryValue.gif";
MPRINT(EM_DIAGRAM):   goptions device= GIF display gaccess= gsasfile gsfmode= replace cback= white;
MPRINT(EM_DIAGRAM):   proc greplay igout=WORK.PLOTGRAPH nofs;

MPRINT(EM_DIAGRAM):   replay CUSTOME1;
MPRINT(EM_DIAGRAM):   quit;
MPRINT(EM_DIAGRAM):   goptions device=win;
MPRINT(EM_DIAGRAM):   filename gsasfile;
MPRINT(EM_DIAGRAM):    filename gsasfile "C:\Users\D059331\Desktop\DM_Insurance_segmentation\insurance_segmentation\Workspaces\EMWS1\Plot\GRAPH\CustomerAge.gif";
MPRINT(EM_DIAGRAM):   goptions device= GIF display gaccess= gsasfile gsfmode= replace cback= white;
MPRINT(EM_DIAGRAM):   proc greplay igout=WORK.PLOTGRAPH nofs;

MPRINT(EM_DIAGRAM):   replay CUSTOMER;
MPRINT(EM_DIAGRAM):   quit;
MPRINT(EM_DIAGRAM):   goptions device=win;
MPRINT(EM_DIAGRAM):   filename gsasfile;
MPRINT(EM_DIAGRAM):    filename gsasfile "C:\Users\D059331\Desktop\DM_Insurance_segmentation\insurance_segmentation\Workspaces\EMWS1\Plot\GRAPH\EducationalDegree.gif";
MPRINT(EM_DIAGRAM):   goptions device= GIF display gaccess= gsasfile gsfmode= replace cback= white;
MPRINT(EM_DIAGRAM):   proc greplay igout=WORK.PLOTGRAPH nofs;

MPRINT(EM_DIAGRAM):   replay EDUCATIO;
MPRINT(EM_DIAGRAM):   quit;
MPRINT(EM_DIAGRAM):   goptions device=win;
MPRINT(EM_DIAGRAM):   filename gsasfile;
MPRINT(EM_DIAGRAM):    filename gsasfile "C:\Users\D059331\Desktop\DM_Insurance_segmentation\insurance_segmentation\Workspaces\EMWS1\Plot\GRAPH\FirstPolicyYear.gif";
MPRINT(EM_DIAGRAM):   goptions device= GIF display gaccess= gsasfile gsfmode= replace cback= white;
MPRINT(EM_DIAGRAM):   proc greplay igout=WORK.PLOTGRAPH nofs;

MPRINT(EM_DIAGRAM):   replay FIRSTPOL;
MPRINT(EM_DIAGRAM):   quit;
MPRINT(EM_DIAGRAM):   goptions device=win;
MPRINT(EM_DIAGRAM):   filename gsasfile;
MPRINT(EM_DIAGRAM):    filename gsasfile "C:\Users\D059331\Desktop\DM_Insurance_segmentation\insurance_segmentation\Workspaces\EMWS1\Plot\GRAPH\GeographicLiving.gif";
MPRINT(EM_DIAGRAM):   goptions device= GIF display gaccess= gsasfile gsfmode= replace cback= white;
MPRINT(EM_DIAGRAM):   proc greplay igout=WORK.PLOTGRAPH nofs;

MPRINT(EM_DIAGRAM):   replay GEOGRAPH;
MPRINT(EM_DIAGRAM):   quit;
MPRINT(EM_DIAGRAM):   goptions device=win;
MPRINT(EM_DIAGRAM):   filename gsasfile;
MPRINT(EM_DIAGRAM):    filename gsasfile "C:\Users\D059331\Desktop\DM_Insurance_segmentation\insurance_segmentation\Workspaces\EMWS1\Plot\GRAPH\GrossMonthlySalary.gif";
MPRINT(EM_DIAGRAM):   goptions device= GIF display gaccess= gsasfile gsfmode= replace cback= white;
MPRINT(EM_DIAGRAM):   proc greplay igout=WORK.PLOTGRAPH nofs;

MPRINT(EM_DIAGRAM):   replay GROSSMON;
MPRINT(EM_DIAGRAM):   quit;
MPRINT(EM_DIAGRAM):   goptions device=win;
MPRINT(EM_DIAGRAM):   filename gsasfile;
MPRINT(EM_DIAGRAM):    filename gsasfile "C:\Users\D059331\Desktop\DM_Insurance_segmentation\insurance_segmentation\Workspaces\EMWS1\Plot\GRAPH\HasChildren.gif";
MPRINT(EM_DIAGRAM):   goptions device= GIF display gaccess= gsasfile gsfmode= replace cback= white;
MPRINT(EM_DIAGRAM):   proc greplay igout=WORK.PLOTGRAPH nofs;

MPRINT(EM_DIAGRAM):   replay HASCHILD;
MPRINT(EM_DIAGRAM):   quit;
MPRINT(EM_DIAGRAM):   goptions device=win;
MPRINT(EM_DIAGRAM):   filename gsasfile;
MPRINT(EM_DIAGRAM):    filename gsasfile "C:\Users\D059331\Desktop\DM_Insurance_segmentation\insurance_segmentation\Workspaces\EMWS1\Plot\GRAPH\PremiumsinLOBHousehold.gif";
MPRINT(EM_DIAGRAM):   goptions device= GIF display gaccess= gsasfile gsfmode= replace cback= white;
MPRINT(EM_DIAGRAM):   proc greplay igout=WORK.PLOTGRAPH nofs;

MPRINT(EM_DIAGRAM):   replay PREMIUM1;
MPRINT(EM_DIAGRAM):   quit;
MPRINT(EM_DIAGRAM):   goptions device=win;
MPRINT(EM_DIAGRAM):   filename gsasfile;
MPRINT(EM_DIAGRAM):    filename gsasfile "C:\Users\D059331\Desktop\DM_Insurance_segmentation\insurance_segmentation\Workspaces\EMWS1\Plot\GRAPH\PremiumsinLOBLife.gif";
MPRINT(EM_DIAGRAM):   goptions device= GIF display gaccess= gsasfile gsfmode= replace cback= white;
MPRINT(EM_DIAGRAM):   proc greplay igout=WORK.PLOTGRAPH nofs;

MPRINT(EM_DIAGRAM):   replay PREMIUM2;
MPRINT(EM_DIAGRAM):   quit;
MPRINT(EM_DIAGRAM):   goptions device=win;
MPRINT(EM_DIAGRAM):   filename gsasfile;
MPRINT(EM_DIAGRAM):    filename gsasfile "C:\Users\D059331\Desktop\DM_Insurance_segmentation\insurance_segmentation\Workspaces\EMWS1\Plot\GRAPH\PremiumsinLOBMotor.gif";
MPRINT(EM_DIAGRAM):   goptions device= GIF display gaccess= gsasfile gsfmode= replace cback= white;
MPRINT(EM_DIAGRAM):   proc greplay igout=WORK.PLOTGRAPH nofs;

MPRINT(EM_DIAGRAM):   replay PREMIUM3;
MPRINT(EM_DIAGRAM):   quit;
MPRINT(EM_DIAGRAM):   goptions device=win;
MPRINT(EM_DIAGRAM):   filename gsasfile;
MPRINT(EM_DIAGRAM):    filename gsasfile "C:\Users\D059331\Desktop\DM_Insurance_segmentation\insurance_segmentation\Workspaces\EMWS1\Plot\GRAPH\PremiumsinLOBWorkComp.gif";
MPRINT(EM_DIAGRAM):   goptions device= GIF display gaccess= gsasfile gsfmode= replace cback= white;
MPRINT(EM_DIAGRAM):   proc greplay igout=WORK.PLOTGRAPH nofs;

MPRINT(EM_DIAGRAM):   replay PREMIUM4;
MPRINT(EM_DIAGRAM):   quit;
MPRINT(EM_DIAGRAM):   goptions device=win;
MPRINT(EM_DIAGRAM):   filename gsasfile;
MPRINT(EM_DIAGRAM):    filename gsasfile "C:\Users\D059331\Desktop\DM_Insurance_segmentation\insurance_segmentation\Workspaces\EMWS1\Plot\GRAPH\PremiumsinLOBHealth.gif";
MPRINT(EM_DIAGRAM):   goptions device= GIF display gaccess= gsasfile gsfmode= replace cback= white;
MPRINT(EM_DIAGRAM):   proc greplay igout=WORK.PLOTGRAPH nofs;

MPRINT(EM_DIAGRAM):   replay PREMIUMS;
MPRINT(EM_DIAGRAM):   quit;
MPRINT(EM_DIAGRAM):   goptions device=win;
MPRINT(EM_DIAGRAM):   filename gsasfile;
MPRINT(EM_DIAGRAM):    proc printto;
MPRINT(EM_DIAGRAM):   run;
