NOTE: PROCEDURE PRINTTO used (Total process time):
      real time           0.00 seconds
      cpu time            0.00 seconds
      

1 
Traverser: Traverser invoked.  MPCONNECT command is sas. 
Traverser: Beginning flow traversal 
*------------------------------------------------------------* 
* 
* Ids : Beginning Update 
* datetime : 30DEC2015:16:09:17 
* 
*------------------------------------------------------------* 
*------------------------------------------------------------* 
* 
* Ids : End Update 
* datetime : 30DEC2015:16:09:17 
* 
*------------------------------------------------------------* 
Traverser: WaitingNode "IMPT" 
Traverser: WaitingNode "TRANS" 
traverser_readyNode_note 
*------------------------------------------------------------* 
* 
* Repl : Beginning Update 
* datetime : 30DEC2015:16:09:17 
* 
*------------------------------------------------------------* 
PERFORMANCE  DETAILS
48466      %let emexceptionString =;
48467      %let EMEXCEPTIONSTRING=;
48468      *------------------------------------------------------------*;
48469      * UPDATE: Repl;
48470      *------------------------------------------------------------*;
48471      %let EM_ACTION = UPDATE;
48472      %let syscc = 0;
48473      filename x CATALOG 'SASHELP.EMUTIL.EM_VARMACRO.SOURCE';
48474      %inc x;
NOTE: %INCLUDE (level 1) file X is file SASHELP.EMUTIL.EM_VARMACRO.SOURCE.
48475     +%macro em_varMacro(name=emMacro, metadata=, where=, key=NAME, nummacro=);
48476     +   filename macFile catalog 'work.emutil.macro.source';
48477     +   %let _METAOBS = 0;
48479     +   %if (%sysfunc(exist(&metadata))<1 and %sysfunc(exist(&metadata, VIEW))<1)
48480     +                   or (&metadata eq ) %then %do;
48481     +       %goto doend;
48482     +   %end;
48483     +   data _null_;
48484     +      length _STRING_ $80;
48485     +      retain _STRING_;
48486     +      set &metadata end=eof;
48487     +      file macFile;
48488     +      %if %nrbquote(&where) ne %then %do;
48489     +          %let whereClause = where (%nrbquote(&where));
48490     +          %unquote(&whereClause);
48491     +      %end;
48492     +      if _N_=1 then do;
48493     +         string = "%"!!"macro &name;";
48494     +         put string;
48495     +      end;
48496     +      if (length(_STRING_) + length(trim(&key))+ 1 < 80) then do;
48497     +         _STRING_ = trim(_STRING_)!!' '!!trim(&key);
48498     +         if eof then do;
48499     +            put _STRING_;
48500     +            string = "%"!!"mend &name;";
48501     +            put string;
48502     +            %if (&nummacro ne ) %then %do;
48503     +                string = strip(put(_N_, best.));
48504     +                put "%" "global &nummacro;";
48505     +                put "%" "let &nummacro = " string ";";
48506     +                call symput('_METAOBS', string);
48507     +            %end;
48508     +         end;
48509     +      end;
48510     +      else do;
48511     +         put _STRING_;
48512     +         _string_ = TRIM(&key);
48513     +         if eof then do;
48514     +            put _STRING_;
48515     +            string = "%"!!"mend &name;";
48516     +            put string;
48517     +        end;
48518     +      end;
48519     +      if eof then do;
48520     +         string = strip(put(_N_, best.));
48521     +         call symput('_METAOBS', string);
48522     +         %if (&nummacro ne ) %then %do;
48523     +             put "%" "global &nummacro;";
48524     +             put "%" "let &nummacro = " string ";";
48525     +         %end;
48526     +      end;
48527     +   run;
48529     +   %doend:
48530     +   %if ^&_METAOBS %then %do;
48531     +       data _null_;
48532     +          file macFile;
48533     +          put "%" "macro &name;";
48534     +          put "%" "mend &name;";
48535     +          %if (&nummacro ne ) %then %do;
48536     +              put "%" "global &nummacro;";
48537     +              put "%" "let &nummacro = 0;";
48538     +          %end;
48539     +      run;
48540     +   %end;
48541     +   %inc macFile;
48542     +   filename macFile;
48543     +%mend em_varMacro;
NOTE: %INCLUDE (level 1) ending.
48544      filename X;
NOTE: Fileref X has been deassigned.
48545       %macro main;
48546      
48547         filename temp catalog 'sashelp.emmdfy.Replace_macros.source';
48548         %include temp;
48549         filename temp;
48550      
48551         %if %upcase(&EM_ACTION) = CREATE %then %do;
48552      
48553             filename temp catalog 'sashelp.emmdfy.Replace_create.source';
48554             %include temp;
48555             filename temp;
48556             %create;
48557         %end;
48558         %else
48559         %if %upcase(&EM_ACTION) = TRAIN %then %do;
48560      
48561             filename temp catalog 'sashelp.emmdfy.Replace_train.source';
48562             %include temp;
48563             filename temp;
48564             %train;
48565         %end;
48566         %else
48567         %if %upcase(&EM_ACTION) = SCORE %then %do;
48568      
48569             filename temp catalog 'sashelp.emmdfy.Replace_score.source';
48570             %include temp;
48571             filename temp;
48572             %score;
48573         %end;
48574         %if %upcase(&EM_ACTION) = REPORT %then %do;
48575      
48576             filename temp catalog 'sashelp.emmdfy.Replace_report.source';
48577             %include temp;
48578             filename temp;
48579             %report;
48580         %end;
48581         %if %upcase(&EM_ACTION) = OPENOUTCLASSTABLE %then %do;
48582             filename temp catalog 'sashelp.emmdfy.replace_makeoutclass.source';
48583             %include temp;
48584             filename temp;
48585             %em_replace_openoutclass;
48586         %end;
48587         %if %upcase(&EM_ACTION) = CLOSEOUTCLASSTABLE %then %do;
48588             filename temp catalog 'sashelp.emmdfy.replace_makeoutclass.source';
48589             %include temp;
48590             filename temp;
48591             %em_replace_closeoutclass;
48592         %end;
48593      %mend main;
48594      
48595      %main;
NOTE: %INCLUDE (level 1) file TEMP is file SASHELP.EMMDFY.REPLACE_MACROS.SOURCE.
48596     +%macro SetProperties;
48597     +   %em_checkmacro(name=EM_PROPERTY_UNKNOWNLEVEL,    global=Y, value=MODE);
48598     +   %em_checkmacro(name=EM_PROPERTY_CALCMETHOD,      global=Y, value=NONE);
48599     +   %em_checkmacro(name=EM_PROPERTY_PERCENTSCUTOFF,  global=Y, value=0.5);
48600     +   %em_checkmacro(name=EM_PROPERTY_SPACINGSCUTOFF,  global=Y, value=9);
48601     +   %em_checkMacro(name=EM_PROPERTY_MADSCUTOFF,      global=Y, value=9);
48602     +   %em_checkMacro(name=EM_PROPERTY_STDDEVCUTOFF,    global=Y, value=3);
48603     +   %em_checkmacro(name=EM_PROPERTY_REPLACEMETHOD,   global=Y, value=COMPUTED);
48604     +   %em_checkmacro(name=EM_PROPERTY_HIDEVARIABLE,    global=Y, value=N);
48605     +   %em_checkmacro(name=EM_PROPERTY_INTERVALMETHOD,  global=Y, value=NONE);
48606     +   %em_checkmacro(name=EM_PROPERTY_REPORTCOUNT,     global=Y, value=Y);
48608     +%mend SetProperties;
NOTE: %INCLUDE (level 1) ending.
NOTE: Fileref TEMP has been deassigned.
48610      
48611      *------------------------------------------------------------*;
48612      * End UPDATE: Repl;
48613      *------------------------------------------------------------*;

48614      %em_delMacro;

*------------------------------------------------------------* 
* 
* Repl : End Update 
* datetime : 30DEC2015:16:09:18 
* 
*------------------------------------------------------------* 
Traverser: WaitingNode "TRANS" 
traverser_readyNode_note 
*------------------------------------------------------------* 
* 
* Impt : Beginning Update 
* datetime : 30DEC2015:16:09:18 
* 
*------------------------------------------------------------* 
*------------------------------------------------------------* 
* 
* Impt : End Update 
* datetime : 30DEC2015:16:09:18 
* 
*------------------------------------------------------------* 
traverser_readyNode_note 
*------------------------------------------------------------* 
* 
* Trans : Beginning Update 
* datetime : 30DEC2015:16:09:19 
* 
*------------------------------------------------------------* 
*------------------------------------------------------------* 
* 
* Trans : End Update 
* datetime : 30DEC2015:16:09:19 
* 
*------------------------------------------------------------* 
Traverser: Run Completed 
48654      proc printto;
48655      run;

