MPRINT(EM_DIAGRAM):    data _null_;
MPRINT(EM_DIAGRAM):   call symput('NLDATE', strip(put(date(), NLDATE.)));
MPRINT(EM_DIAGRAM):   call symput('NLTIME', strip(put(datetime(), NLTIME.)));
MPRINT(EM_DIAGRAM):   run;
MPRINT(EM_DIAGRAM):   data _null_;
MPRINT(EM_DIAGRAM):   nldate= sasmsg("sashelp.dmine", "log_date_note", 'N', "December 31, 2015" );
MPRINT(EM_DIAGRAM):   nltime= sasmsg("sashelp.dmine", "log_time_note", 'N', "10:25:39" );
MPRINT(EM_DIAGRAM):   put "*------------------------------------------------------------*";
MPRINT(EM_DIAGRAM):   put "* Score Log";
MPRINT(EM_DIAGRAM):   put nldate;
MPRINT(EM_DIAGRAM):   put nltime;
MPRINT(EM_DIAGRAM):   put "*------------------------------------------------------------*";
MPRINT(EM_DIAGRAM):   run;
*------------------------------------------------------------*
* Score Log
Date:                December 31, 2015
Time:                10:25:39
*------------------------------------------------------------*
MPRINT(EM_DIAGRAM):    filename O02F1ER4 "C:\Users\D059331\Desktop\DM_Insurance_segmentation\insurance_segmentation\Workspaces\EMWS1\Clus\EMSCORE.out" encoding="UTF-8" NOBOM;
MPRINT(EM_DIAGRAM):   proc printto print=O02F1ER4 new;
MPRINT(EM_DIAGRAM):   run;
21127      proc transpose data=EMWS1.Clus_OUTVAR out=WORK.Clus_OUTVAR(rename=(COl2=NAME) where=(COL1='IMPUTED'));
MPRINT(EM_DIAGRAM):    proc transpose data=EMWS1.Clus_OUTVAR out=WORK.Clus_OUTVAR(rename=(COl2=NAME) where=(COL1='IMPUTED'));
21128      var ClaimsRate--T_IMP_EducationalDegree;
MPRINT(EM_DIAGRAM):   var ClaimsRate--T_IMP_EducationalDegree;
21129      where _TYPE_ in('TYPE' 'VARIABLE');
MPRINT(EM_DIAGRAM):   where _TYPE_ in('TYPE' 'VARIABLE');
21130      run;
MPRINT(EM_DIAGRAM):   run;

NOTE: There were 2 observations read from the data set EMWS1.CLUS_OUTVAR.
      WHERE _TYPE_ in ('TYPE', 'VARIABLE');
NOTE: The data set WORK.CLUS_OUTVAR has 0 observations and 4 variables.
NOTE: PROCEDURE TRANSPOSE used (Total process time):
      real time           0.01 seconds
      cpu time            0.01 seconds
      

21131      proc sort data=WORK.Clus_OUTVAR;
MPRINT(EM_DIAGRAM):   proc sort data=WORK.Clus_OUTVAR;
21132      by NAME;
MPRINT(EM_DIAGRAM):   by NAME;
21133      run;
MPRINT(EM_DIAGRAM):   run;

NOTE: Input data set is empty.
NOTE: The data set WORK.CLUS_OUTVAR has 0 observations and 4 variables.
NOTE: PROCEDURE SORT used (Total process time):
      real time           0.01 seconds
      cpu time            0.01 seconds
      

21134      proc sort data=EMWS1.Clus_VariableSet(KEEP=NAME ROLE LEVEL) out=WORK.Clus_SORTEDVARS;
MPRINT(EM_DIAGRAM):   proc sort data=EMWS1.Clus_VariableSet(KEEP=NAME ROLE LEVEL) out=WORK.Clus_SORTEDVARS;
21135      by NAME;
MPRINT(EM_DIAGRAM):   by NAME;
21136      run;
MPRINT(EM_DIAGRAM):   run;

NOTE: There were 17 observations read from the data set EMWS1.CLUS_VARIABLESET.
NOTE: The data set WORK.CLUS_SORTEDVARS has 17 observations and 3 variables.
NOTE: PROCEDURE SORT used (Total process time):
      real time           0.01 seconds
      cpu time            0.01 seconds
      

21137      data WORK.Clus_OUTVAR;
MPRINT(EM_DIAGRAM):   data WORK.Clus_OUTVAR;
21138      merge WORK.Clus_OUTVAR(in=INVAR) WORK.Clus_SORTEDVARS;
MPRINT(EM_DIAGRAM):   merge WORK.Clus_OUTVAR(in=INVAR) WORK.Clus_SORTEDVARS;
21139      by NAME;
MPRINT(EM_DIAGRAM):   by NAME;
21140      if INVAR then output;
MPRINT(EM_DIAGRAM):   if INVAR then output;
21141      run;
MPRINT(EM_DIAGRAM):   run;

WARNING: Multiple lengths were specified for the BY variable NAME by input data sets. This may cause unexpected results.
NOTE: There were 0 observations read from the data set WORK.CLUS_OUTVAR.
NOTE: There were 17 observations read from the data set WORK.CLUS_SORTEDVARS.
NOTE: The data set WORK.CLUS_OUTVAR has 0 observations and 6 variables.
NOTE: DATA statement used (Total process time):
      real time           0.00 seconds
      cpu time            0.00 seconds
      

NOTE: This SAS session is using a registry in WORK.  All changes will be lost at the end of this session.
21142      filename emflow "C:\Users\D059331\Desktop\DM_Insurance_segmentation\insurance_segmentation\Workspaces\EMWS1\Clus\EMFLOWSCORE.sas";
MPRINT(EM_DIAGRAM):    filename emflow "C:\Users\D059331\Desktop\DM_Insurance_segmentation\insurance_segmentation\Workspaces\EMWS1\Clus\EMFLOWSCORE.sas";
MPRINT(EM_DIAGRAM):   *------------------------------------------------------------*;
MPRINT(EM_DIAGRAM):   * Clus: Scoring DATA data;
MPRINT(EM_DIAGRAM):   *------------------------------------------------------------*;
21143      *------------------------------------------------------------*;
21144      * Clus: Scoring DATA data;
21145      *------------------------------------------------------------*;
21146      data EMWS1.Clus_TRAIN
21147      / view=EMWS1.Clus_TRAIN
21148      ;
MPRINT(EM_DIAGRAM):   data EMWS1.Clus_TRAIN / view=EMWS1.Clus_TRAIN ;
21149      set EMWS1.Filter_TRAIN
21150      ;
MPRINT(EM_DIAGRAM):   set EMWS1.Filter_TRAIN ;
21151      %inc emflow;
NOTE: %INCLUDE (level 1) file EMFLOW is file C:\Users\D059331\Desktop\DM_Insurance_segmentation\insurance_segmentation\Workspaces\EMWS1\Clus\EMFLOWSCORE.sas.
21152     +*****************************************;
MPRINT(EM_DIAGRAM):   *****************************************;
21153     +*** Begin Scoring Code from PROC DMVQ ***;
MPRINT(EM_DIAGRAM):   *** Begin Scoring Code from PROC DMVQ ***;
21154     +*****************************************;
MPRINT(EM_DIAGRAM):   *****************************************;
21155     +
21156     +
21157     +*** Begin Class Look-up, Standardization, Replacement ;
MPRINT(EM_DIAGRAM):   *** Begin Class Look-up, Standardization, Replacement ;
21158     +drop _dm_bad; _dm_bad = 0;
MPRINT(EM_DIAGRAM):   drop _dm_bad;
MPRINT(EM_DIAGRAM):   _dm_bad = 0;
21159     +
21160     +*** Standardize ClaimsRate ;
MPRINT(EM_DIAGRAM):   *** Standardize ClaimsRate ;
21161     +drop T_ClaimsRate ;
MPRINT(EM_DIAGRAM):   drop T_ClaimsRate ;
21162     +if missing( ClaimsRate ) then T_ClaimsRate = .;
MPRINT(EM_DIAGRAM):   if missing( ClaimsRate ) then T_ClaimsRate = .;
21163     +else T_ClaimsRate = (ClaimsRate - 0.67794677876012) * 3.19941338729829;
MPRINT(EM_DIAGRAM):   else T_ClaimsRate = (ClaimsRate - 0.67794677876012) * 3.19941338729829;
21164     +
21165     +*** Standardize CustomerMonetaryValue ;
MPRINT(EM_DIAGRAM):   *** Standardize CustomerMonetaryValue ;
21166     +drop T_CustomerMonetaryValue ;
MPRINT(EM_DIAGRAM):   drop T_CustomerMonetaryValue ;
21167     +if missing( CustomerMonetaryValue ) then T_CustomerMonetaryValue = .;
MPRINT(EM_DIAGRAM):   if missing( CustomerMonetaryValue ) then T_CustomerMonetaryValue = .;
21168     +else T_CustomerMonetaryValue = (CustomerMonetaryValue
21169     +         - 216.160594666394) * 0.00411467214717;
MPRINT(EM_DIAGRAM):   else T_CustomerMonetaryValue = (CustomerMonetaryValue - 216.160594666394) * 0.00411467214717;
21170     +
21171     +*** Standardize IMP_GrossMonthlySalary ;
MPRINT(EM_DIAGRAM):   *** Standardize IMP_GrossMonthlySalary ;
21172     +drop T_IMP_GrossMonthlySalary ;
MPRINT(EM_DIAGRAM):   drop T_IMP_GrossMonthlySalary ;
21173     +if missing( IMP_GrossMonthlySalary ) then T_IMP_GrossMonthlySalary = .;
MPRINT(EM_DIAGRAM):   if missing( IMP_GrossMonthlySalary ) then T_IMP_GrossMonthlySalary = .;
21174     +else T_IMP_GrossMonthlySalary = (IMP_GrossMonthlySalary
21175     +         - 5037.76267683033) * 0.00052230054959;
MPRINT(EM_DIAGRAM):   else T_IMP_GrossMonthlySalary = (IMP_GrossMonthlySalary - 5037.76267683033) * 0.00052230054959;
21176     +
21177     +*** Standardize IMP_PremiumsinLOBHealth ;
MPRINT(EM_DIAGRAM):   *** Standardize IMP_PremiumsinLOBHealth ;
21178     +drop T_IMP_PremiumsinLOBHealth ;
MPRINT(EM_DIAGRAM):   drop T_IMP_PremiumsinLOBHealth ;
21179     +if missing( IMP_PremiumsinLOBHealth ) then T_IMP_PremiumsinLOBHealth = .;
MPRINT(EM_DIAGRAM):   if missing( IMP_PremiumsinLOBHealth ) then T_IMP_PremiumsinLOBHealth = .;
21180     +else T_IMP_PremiumsinLOBHealth = (IMP_PremiumsinLOBHealth
21181     +         - 169.062511833779) * 0.01393077964912;
MPRINT(EM_DIAGRAM):   else T_IMP_PremiumsinLOBHealth = (IMP_PremiumsinLOBHealth - 169.062511833779) * 0.01393077964912;
21182     +
21183     +*** Standardize IMP_PremiumsinLOBLife ;
MPRINT(EM_DIAGRAM):   *** Standardize IMP_PremiumsinLOBLife ;
21184     +drop T_IMP_PremiumsinLOBLife ;
MPRINT(EM_DIAGRAM):   drop T_IMP_PremiumsinLOBLife ;
21185     +if missing( IMP_PremiumsinLOBLife ) then T_IMP_PremiumsinLOBLife = .;
MPRINT(EM_DIAGRAM):   if missing( IMP_PremiumsinLOBLife ) then T_IMP_PremiumsinLOBLife = .;
21186     +else T_IMP_PremiumsinLOBLife = (IMP_PremiumsinLOBLife
21187     +         - 40.9128391370854) * 0.02196228220047;
MPRINT(EM_DIAGRAM):   else T_IMP_PremiumsinLOBLife = (IMP_PremiumsinLOBLife - 40.9128391370854) * 0.02196228220047;
21188     +
21189     +*** Standardize IMP_PremiumsinLOBMotor ;
MPRINT(EM_DIAGRAM):   *** Standardize IMP_PremiumsinLOBMotor ;
21190     +drop T_IMP_PremiumsinLOBMotor ;
MPRINT(EM_DIAGRAM):   drop T_IMP_PremiumsinLOBMotor ;
21191     +if missing( IMP_PremiumsinLOBMotor ) then T_IMP_PremiumsinLOBMotor = .;
MPRINT(EM_DIAGRAM):   if missing( IMP_PremiumsinLOBMotor ) then T_IMP_PremiumsinLOBMotor = .;
21192     +else T_IMP_PremiumsinLOBMotor = (IMP_PremiumsinLOBMotor
21193     +         - 300.705034925363) * 0.00752909476072;
MPRINT(EM_DIAGRAM):   else T_IMP_PremiumsinLOBMotor = (IMP_PremiumsinLOBMotor - 300.705034925363) * 0.00752909476072;
21194     +
21195     +*** Standardize IMP_PremiumsinLOBWorkComp ;
MPRINT(EM_DIAGRAM):   *** Standardize IMP_PremiumsinLOBWorkComp ;
21196     +drop T_IMP_PremiumsinLOBWorkComp ;
MPRINT(EM_DIAGRAM):   drop T_IMP_PremiumsinLOBWorkComp ;
21197     +if missing( IMP_PremiumsinLOBWorkComp ) then T_IMP_PremiumsinLOBWorkComp = .;
MPRINT(EM_DIAGRAM):   if missing( IMP_PremiumsinLOBWorkComp ) then T_IMP_PremiumsinLOBWorkComp = .;
21198     +else T_IMP_PremiumsinLOBWorkComp = (IMP_PremiumsinLOBWorkComp
21199     +         - 39.1457064116058) * 0.02388036571999;
MPRINT(EM_DIAGRAM):   else T_IMP_PremiumsinLOBWorkComp = (IMP_PremiumsinLOBWorkComp - 39.1457064116058) * 0.02388036571999;
21200     +
21201     +*** Standardize IMP_REP_CustomerAge ;
MPRINT(EM_DIAGRAM):   *** Standardize IMP_REP_CustomerAge ;
21202     +drop T_IMP_REP_CustomerAge ;
MPRINT(EM_DIAGRAM):   drop T_IMP_REP_CustomerAge ;
21203     +if missing( IMP_REP_CustomerAge ) then T_IMP_REP_CustomerAge = .;
MPRINT(EM_DIAGRAM):   if missing( IMP_REP_CustomerAge ) then T_IMP_REP_CustomerAge = .;
21204     +else T_IMP_REP_CustomerAge = (IMP_REP_CustomerAge
21205     +         - 48.3002159661034) * 0.05849681051166;
MPRINT(EM_DIAGRAM):   else T_IMP_REP_CustomerAge = (IMP_REP_CustomerAge - 48.3002159661034) * 0.05849681051166;
21206     +
21207     +*** Standardize LOYALTY ;
MPRINT(EM_DIAGRAM):   *** Standardize LOYALTY ;
21208     +drop T_LOYALTY ;
MPRINT(EM_DIAGRAM):   drop T_LOYALTY ;
21209     +if missing( LOYALTY ) then T_LOYALTY = .;
MPRINT(EM_DIAGRAM):   if missing( LOYALTY ) then T_LOYALTY = .;
21210     +else T_LOYALTY = (LOYALTY - 29.0027065039337) * 0.15179623368094;
MPRINT(EM_DIAGRAM):   else T_LOYALTY = (LOYALTY - 29.0027065039337) * 0.15179623368094;
21211     +
21212     +*** Standardize PremiumsinLOBHousehold ;
MPRINT(EM_DIAGRAM):   *** Standardize PremiumsinLOBHousehold ;
21213     +drop T_PremiumsinLOBHousehold ;
MPRINT(EM_DIAGRAM):   drop T_PremiumsinLOBHousehold ;
21214     +if missing( PremiumsinLOBHousehold ) then T_PremiumsinLOBHousehold = .;
MPRINT(EM_DIAGRAM):   if missing( PremiumsinLOBHousehold ) then T_PremiumsinLOBHousehold = .;
21215     +else T_PremiumsinLOBHousehold = (PremiumsinLOBHousehold
21216     +         - 198.392193726367) * 0.00468668992402;
MPRINT(EM_DIAGRAM):   else T_PremiumsinLOBHousehold = (PremiumsinLOBHousehold - 198.392193726367) * 0.00468668992402;
21217     +
21218     +*** Generate dummy variables for IMP_GeographicLiving ;
MPRINT(EM_DIAGRAM):   *** Generate dummy variables for IMP_GeographicLiving ;
21219     +drop IMP_GeographicLiving1 IMP_GeographicLiving2 IMP_GeographicLiving3
21220     +        IMP_GeographicLiving4 ;
MPRINT(EM_DIAGRAM):   drop IMP_GeographicLiving1 IMP_GeographicLiving2 IMP_GeographicLiving3 IMP_GeographicLiving4 ;
21221     +if missing( IMP_GeographicLiving ) then do;
MPRINT(EM_DIAGRAM):   if missing( IMP_GeographicLiving ) then do;
21222     +   IMP_GeographicLiving1 = .;
MPRINT(EM_DIAGRAM):   IMP_GeographicLiving1 = .;
21223     +   IMP_GeographicLiving2 = .;
MPRINT(EM_DIAGRAM):   IMP_GeographicLiving2 = .;
21224     +   IMP_GeographicLiving3 = .;
MPRINT(EM_DIAGRAM):   IMP_GeographicLiving3 = .;
21225     +   IMP_GeographicLiving4 = .;
MPRINT(EM_DIAGRAM):   IMP_GeographicLiving4 = .;
21226     +end;
MPRINT(EM_DIAGRAM):   end;
21227     +else do;
MPRINT(EM_DIAGRAM):   else do;
21228     +   length _dm12 $ 12; drop _dm12 ;
MPRINT(EM_DIAGRAM):   length _dm12 $ 12;
MPRINT(EM_DIAGRAM):   drop _dm12 ;
21229     +   _dm12 = put( IMP_GeographicLiving , BEST12. );
MPRINT(EM_DIAGRAM):   _dm12 = put( IMP_GeographicLiving , BEST12. );
21230     +   %DMNORMIP( _dm12 )
MPRINT(DMNORMIP):   call dmnorm(_dm12,
MPRINT(DMNORLEN):  32
MPRINT(DMNORMIP):  );
MPRINT(EM_DIAGRAM):   if _dm12 = '4' then do;
MPRINT(EM_DIAGRAM):   IMP_GeographicLiving1 = -0.32404062826594;
MPRINT(EM_DIAGRAM):   IMP_GeographicLiving2 = -0.16763086377407;
MPRINT(EM_DIAGRAM):   IMP_GeographicLiving3 = -0.25011493503349;
MPRINT(EM_DIAGRAM):   IMP_GeographicLiving4 = 0.6085514560971;
21231     +   if _dm12 = '4'  then do;
MPRINT(EM_DIAGRAM):   end;
21232     +      IMP_GeographicLiving1 = -0.32404062826594;
21233     +      IMP_GeographicLiving2 = -0.16763086377407;
MPRINT(EM_DIAGRAM):   else if _dm12 = '1' then do;
21234     +      IMP_GeographicLiving3 = -0.25011493503349;
MPRINT(EM_DIAGRAM):   IMP_GeographicLiving1 = 0.77142936442447;
21235     +      IMP_GeographicLiving4 = 0.6085514560971;
MPRINT(EM_DIAGRAM):   IMP_GeographicLiving2 = -0.16763086377407;
21236     +   end;
MPRINT(EM_DIAGRAM):   IMP_GeographicLiving3 = -0.25011493503349;
21237     +   else if _dm12 = '1'  then do;
MPRINT(EM_DIAGRAM):   IMP_GeographicLiving4 = -0.41076962910268;
MPRINT(EM_DIAGRAM):   end;
21238     +      IMP_GeographicLiving1 = 0.77142936442447;
21239     +      IMP_GeographicLiving2 = -0.16763086377407;
MPRINT(EM_DIAGRAM):   else if _dm12 = '3' then do;
21240     +      IMP_GeographicLiving3 = -0.25011493503349;
MPRINT(EM_DIAGRAM):   IMP_GeographicLiving1 = -0.32404062826594;
21241     +      IMP_GeographicLiving4 = -0.41076962910268;
MPRINT(EM_DIAGRAM):   IMP_GeographicLiving2 = -0.16763086377407;
21242     +   end;
MPRINT(EM_DIAGRAM):   IMP_GeographicLiving3 = 0.99943834172648;
21243     +   else if _dm12 = '3'  then do;
MPRINT(EM_DIAGRAM):   IMP_GeographicLiving4 = -0.41076962910268;
MPRINT(EM_DIAGRAM):   end;
21244     +      IMP_GeographicLiving1 = -0.32404062826594;
21245     +      IMP_GeographicLiving2 = -0.16763086377407;
MPRINT(EM_DIAGRAM):   else if _dm12 = '2' then do;
21246     +      IMP_GeographicLiving3 = 0.99943834172648;
MPRINT(EM_DIAGRAM):   IMP_GeographicLiving1 = -0.32404062826594;
21247     +      IMP_GeographicLiving4 = -0.41076962910268;
MPRINT(EM_DIAGRAM):   IMP_GeographicLiving2 = 1.49121975680923;
21248     +   end;
MPRINT(EM_DIAGRAM):   IMP_GeographicLiving3 = -0.25011493503349;
21249     +   else if _dm12 = '2'  then do;
MPRINT(EM_DIAGRAM):   IMP_GeographicLiving4 = -0.41076962910268;
MPRINT(EM_DIAGRAM):   end;
21250     +      IMP_GeographicLiving1 = -0.32404062826594;
21251     +      IMP_GeographicLiving2 = 1.49121975680923;
MPRINT(EM_DIAGRAM):   else do;
21252     +      IMP_GeographicLiving3 = -0.25011493503349;
MPRINT(EM_DIAGRAM):   IMP_GeographicLiving1 = .;
21253     +      IMP_GeographicLiving4 = -0.41076962910268;
MPRINT(EM_DIAGRAM):   IMP_GeographicLiving2 = .;
21254     +   end;
MPRINT(EM_DIAGRAM):   IMP_GeographicLiving3 = .;
21255     +   else do;
MPRINT(EM_DIAGRAM):   IMP_GeographicLiving4 = .;
MPRINT(EM_DIAGRAM):   _DM_BAD = 1;
21256     +      IMP_GeographicLiving1 = .;
MPRINT(EM_DIAGRAM):   end;
21257     +      IMP_GeographicLiving2 = .;
MPRINT(EM_DIAGRAM):   end;
21258     +      IMP_GeographicLiving3 = .;
21259     +      IMP_GeographicLiving4 = .;
MPRINT(EM_DIAGRAM):   *** Generate dummy variables for IMP_HasChildren ;
21260     +      _DM_BAD = 1;
MPRINT(EM_DIAGRAM):   drop IMP_HasChildren0 IMP_HasChildren1 ;
21261     +   end;
MPRINT(EM_DIAGRAM):   if missing( IMP_HasChildren ) then do;
21262     +end;
MPRINT(EM_DIAGRAM):   IMP_HasChildren0 = .;
21263     +
MPRINT(EM_DIAGRAM):   IMP_HasChildren1 = .;
21264     +*** Generate dummy variables for IMP_HasChildren ;
MPRINT(EM_DIAGRAM):   end;
21265     +drop IMP_HasChildren0 IMP_HasChildren1 ;
21266     +if missing( IMP_HasChildren ) then do;
MPRINT(EM_DIAGRAM):   else do;
21267     +   IMP_HasChildren0 = .;
MPRINT(EM_DIAGRAM):   length _dm12 $ 12;
21268     +   IMP_HasChildren1 = .;
MPRINT(EM_DIAGRAM):   drop _dm12 ;
21269     +end;
MPRINT(EM_DIAGRAM):   _dm12 = put( IMP_HasChildren , BEST12. );
21270     +else do;
21271     +   length _dm12 $ 12; drop _dm12 ;
MPRINT(DMNORMIP):   call dmnorm(_dm12,
21272     +   _dm12 = put( IMP_HasChildren , BEST12. );
21273     +   %DMNORMIP( _dm12 )
MPRINT(DMNORLEN):  32
MPRINT(DMNORMIP):  );
MPRINT(EM_DIAGRAM):   if _dm12 = '1' then do;
MPRINT(EM_DIAGRAM):   IMP_HasChildren0 = -0.45354645930186;
MPRINT(EM_DIAGRAM):   IMP_HasChildren1 = 0.45354645930186;
MPRINT(EM_DIAGRAM):   end;
21274     +   if _dm12 = '1'  then do;
MPRINT(EM_DIAGRAM):   else if _dm12 = '0' then do;
21275     +      IMP_HasChildren0 = -0.45354645930186;
MPRINT(EM_DIAGRAM):   IMP_HasChildren0 = 1.10231025194501;
21276     +      IMP_HasChildren1 = 0.45354645930186;
MPRINT(EM_DIAGRAM):   IMP_HasChildren1 = -1.10231025194501;
21277     +   end;
MPRINT(EM_DIAGRAM):   end;
21278     +   else if _dm12 = '0'  then do;
MPRINT(EM_DIAGRAM):   else do;
21279     +      IMP_HasChildren0 = 1.10231025194501;
MPRINT(EM_DIAGRAM):   IMP_HasChildren0 = .;
21280     +      IMP_HasChildren1 = -1.10231025194501;
MPRINT(EM_DIAGRAM):   IMP_HasChildren1 = .;
21281     +   end;
MPRINT(EM_DIAGRAM):   _DM_BAD = 1;
21282     +   else do;
MPRINT(EM_DIAGRAM):   end;
MPRINT(EM_DIAGRAM):   end;
21283     +      IMP_HasChildren0 = .;
21284     +      IMP_HasChildren1 = .;
MPRINT(EM_DIAGRAM):   *** Generate dummy variables for IMP_EducationalDegree ;
21285     +      _DM_BAD = 1;
MPRINT(EM_DIAGRAM):   drop T_IMP_EducationalDegree ;
21286     +   end;
MPRINT(EM_DIAGRAM):   if missing( IMP_EducationalDegree ) then do;
21287     +end;
MPRINT(EM_DIAGRAM):   T_IMP_EducationalDegree = .;
21288     +
MPRINT(EM_DIAGRAM):   end;
21289     +*** Generate dummy variables for IMP_EducationalDegree ;
21290     +drop T_IMP_EducationalDegree ;
MPRINT(EM_DIAGRAM):   else do;
21291     +if missing( IMP_EducationalDegree ) then do;
MPRINT(EM_DIAGRAM):   length _dm15 $ 15;
21292     +   T_IMP_EducationalDegree = .;
MPRINT(EM_DIAGRAM):   drop _dm15 ;
21293     +end;
MPRINT(EM_DIAGRAM):   _dm15 = put( IMP_EducationalDegree , $CHAR15. );
21294     +else do;
21295     +   length _dm15 $ 15; drop _dm15 ;
MPRINT(DMNORMIP):   call dmnorm(_dm15,
21296     +   _dm15 = put( IMP_EducationalDegree , $CHAR15. );
21297     +   %DMNORMIP( _dm15 )
MPRINT(DMNORLEN):  32
MPRINT(DMNORMIP):  );
MPRINT(EM_DIAGRAM):   if _dm15 = '3 - BSC/MSC' then do;
MPRINT(EM_DIAGRAM):   T_IMP_EducationalDegree = 0.73555748368902;
MPRINT(EM_DIAGRAM):   end;
MPRINT(EM_DIAGRAM):   else if _dm15 = '2 - HIGH SCHOOL' then do;
21298     +   if _dm15 = '3 - BSC/MSC'  then do;
MPRINT(EM_DIAGRAM):   T_IMP_EducationalDegree = -0.80523581525977;
21299     +      T_IMP_EducationalDegree = 0.73555748368902;
MPRINT(EM_DIAGRAM):   end;
21300     +   end;
21301     +   else if _dm15 = '2 - HIGH SCHOOL'  then do;
MPRINT(EM_DIAGRAM):   else if _dm15 = '1 - BASIC' then do;
MPRINT(EM_DIAGRAM):   T_IMP_EducationalDegree = -1.6661375152455;
21302     +      T_IMP_EducationalDegree = -0.80523581525977;
MPRINT(EM_DIAGRAM):   end;
21303     +   end;
21304     +   else if _dm15 = '1 - BASIC'  then do;
MPRINT(EM_DIAGRAM):   else if _dm15 = '4 - PHD' then do;
MPRINT(EM_DIAGRAM):   T_IMP_EducationalDegree = 1.7532834175406;
21305     +      T_IMP_EducationalDegree = -1.6661375152455;
MPRINT(EM_DIAGRAM):   end;
21306     +   end;
21307     +   else if _dm15 = '4 - PHD'  then do;
MPRINT(EM_DIAGRAM):   else do;
MPRINT(EM_DIAGRAM):   T_IMP_EducationalDegree = .;
21308     +      T_IMP_EducationalDegree = 1.7532834175406;
MPRINT(EM_DIAGRAM):   _DM_BAD = 1;
21309     +   end;
MPRINT(EM_DIAGRAM):   end;
21310     +   else do;
MPRINT(EM_DIAGRAM):   end;
21311     +      T_IMP_EducationalDegree = .;
MPRINT(EM_DIAGRAM):   *** End Class Look-up, Standardization, Replacement ;
21312     +      _DM_BAD = 1;
21313     +   end;
21314     +end;
MPRINT(EM_DIAGRAM):   *** Omitted Cases;
21315     +
MPRINT(EM_DIAGRAM):   if _dm_bad then do;
21316     +*** End Class Look-up, Standardization, Replacement ;
MPRINT(EM_DIAGRAM):   _SEGMENT_ = .;
MPRINT(EM_DIAGRAM):   Distance = .;
21317     +
MPRINT(EM_DIAGRAM):   goto CLUSvlex ;
21318     +
MPRINT(EM_DIAGRAM):   end;
MPRINT(EM_DIAGRAM):   *** omitted;
21319     +*** Omitted Cases;
21320     +if _dm_bad then do;
MPRINT(EM_DIAGRAM):   *** Compute Distances and Cluster Membership;
21321     +   _SEGMENT_ = .; Distance = .;
MPRINT(EM_DIAGRAM):   label _SEGMENT_ = 'Segment Id' ;
21322     +   goto CLUSvlex ;
21323     +end; *** omitted;
MPRINT(EM_DIAGRAM):   label Distance = 'Distance' ;
21324     +
21325     +*** Compute Distances and Cluster Membership;
MPRINT(EM_DIAGRAM):   array CLUSvads [5] _temporary_;
21326     +label _SEGMENT_ = 'Segment Id' ;
MPRINT(EM_DIAGRAM):   drop _vqclus _vqmvar _vqnvar;
MPRINT(EM_DIAGRAM):   _vqmvar = 0;
21327     +label Distance = 'Distance' ;
MPRINT(EM_DIAGRAM):   do _vqclus = 1 to 5;
MPRINT(EM_DIAGRAM):   CLUSvads [_vqclus] = 0;
MPRINT(EM_DIAGRAM):   end;
MPRINT(EM_DIAGRAM):   if not missing( T_ClaimsRate ) then do;
21328     +array CLUSvads [5] _temporary_;
MPRINT(EM_DIAGRAM):   CLUSvads [1] + ( T_ClaimsRate - -0.55032712447982 )**2;
21329     +drop _vqclus _vqmvar _vqnvar;
MPRINT(EM_DIAGRAM):   CLUSvads [2] + ( T_ClaimsRate - 0.24067040035191 )**2;
21330     +_vqmvar = 0;
MPRINT(EM_DIAGRAM):   CLUSvads [3] + ( T_ClaimsRate - 0.37226668449576 )**2;
21331     +do _vqclus = 1 to 5; CLUSvads [_vqclus] = 0; end;
MPRINT(EM_DIAGRAM):   CLUSvads [4] + ( T_ClaimsRate - 0.12060121457744 )**2;
21332     +if not missing( T_ClaimsRate ) then do;
MPRINT(EM_DIAGRAM):   CLUSvads [5] + ( T_ClaimsRate - -0.11830649663813 )**2;
21333     +   CLUSvads [1] + ( T_ClaimsRate - -0.55032712447982 )**2;
MPRINT(EM_DIAGRAM):   end;
21334     +   CLUSvads [2] + ( T_ClaimsRate - 0.24067040035191 )**2;
21335     +   CLUSvads [3] + ( T_ClaimsRate - 0.37226668449576 )**2;
MPRINT(EM_DIAGRAM):   else _vqmvar + 1;
21336     +   CLUSvads [4] + ( T_ClaimsRate - 0.12060121457744 )**2;
MPRINT(EM_DIAGRAM):   if not missing( T_CustomerMonetaryValue ) then do;
21337     +   CLUSvads [5] + ( T_ClaimsRate - -0.11830649663813 )**2;
MPRINT(EM_DIAGRAM):   CLUSvads [1] + ( T_CustomerMonetaryValue - 0.30423994153308 )**2;
21338     +end;
MPRINT(EM_DIAGRAM):   CLUSvads [2] + ( T_CustomerMonetaryValue - -0.21996810108003 )**2;
21339     +else _vqmvar + 1;
MPRINT(EM_DIAGRAM):   CLUSvads [3] + ( T_CustomerMonetaryValue - -0.37971273830137 )**2;
MPRINT(EM_DIAGRAM):   CLUSvads [4] + ( T_CustomerMonetaryValue - -0.09439896747785 )**2;
21340     +if not missing( T_CustomerMonetaryValue ) then do;
MPRINT(EM_DIAGRAM):   CLUSvads [5] + ( T_CustomerMonetaryValue - 0.49789441537079 )**2;
21341     +   CLUSvads [1] + ( T_CustomerMonetaryValue - 0.30423994153308 )**2;
MPRINT(EM_DIAGRAM):   end;
21342     +   CLUSvads [2] + ( T_CustomerMonetaryValue - -0.21996810108003 )**2;
21343     +   CLUSvads [3] + ( T_CustomerMonetaryValue - -0.37971273830137 )**2;
MPRINT(EM_DIAGRAM):   else _vqmvar + 1;
21344     +   CLUSvads [4] + ( T_CustomerMonetaryValue - -0.09439896747785 )**2;
MPRINT(EM_DIAGRAM):   if not missing( T_IMP_GrossMonthlySalary ) then do;
21345     +   CLUSvads [5] + ( T_CustomerMonetaryValue - 0.49789441537079 )**2;
MPRINT(EM_DIAGRAM):   CLUSvads [1] + ( T_IMP_GrossMonthlySalary - -0.08409439907167 )**2;
21346     +end;
MPRINT(EM_DIAGRAM):   CLUSvads [2] + ( T_IMP_GrossMonthlySalary - 0.51351270530275 )**2;
21347     +else _vqmvar + 1;
MPRINT(EM_DIAGRAM):   CLUSvads [3] + ( T_IMP_GrossMonthlySalary - -0.86709158628221 )**2;
MPRINT(EM_DIAGRAM):   CLUSvads [4] + ( T_IMP_GrossMonthlySalary - 1.15546926173304 )**2;
21348     +if not missing( T_IMP_GrossMonthlySalary ) then do;
MPRINT(EM_DIAGRAM):   CLUSvads [5] + ( T_IMP_GrossMonthlySalary - -1.14068968229078 )**2;
21349     +   CLUSvads [1] + ( T_IMP_GrossMonthlySalary - -0.08409439907167 )**2;
MPRINT(EM_DIAGRAM):   end;
21350     +   CLUSvads [2] + ( T_IMP_GrossMonthlySalary - 0.51351270530275 )**2;
21351     +   CLUSvads [3] + ( T_IMP_GrossMonthlySalary - -0.86709158628221 )**2;
MPRINT(EM_DIAGRAM):   else _vqmvar + 1;
21352     +   CLUSvads [4] + ( T_IMP_GrossMonthlySalary - 1.15546926173304 )**2;
MPRINT(EM_DIAGRAM):   if not missing( T_IMP_PremiumsinLOBHealth ) then do;
21353     +   CLUSvads [5] + ( T_IMP_GrossMonthlySalary - -1.14068968229078 )**2;
MPRINT(EM_DIAGRAM):   CLUSvads [1] + ( T_IMP_PremiumsinLOBHealth - -0.98937426534087 )**2;
21354     +end;
MPRINT(EM_DIAGRAM):   CLUSvads [2] + ( T_IMP_PremiumsinLOBHealth - -0.30146037132124 )**2;
21355     +else _vqmvar + 1;
MPRINT(EM_DIAGRAM):   CLUSvads [3] + ( T_IMP_PremiumsinLOBHealth - 0.74631647842302 )**2;
MPRINT(EM_DIAGRAM):   CLUSvads [4] + ( T_IMP_PremiumsinLOBHealth - 0.62149284176421 )**2;
21356     +if not missing( T_IMP_PremiumsinLOBHealth ) then do;
MPRINT(EM_DIAGRAM):   CLUSvads [5] + ( T_IMP_PremiumsinLOBHealth - -0.0115832415579 )**2;
21357     +   CLUSvads [1] + ( T_IMP_PremiumsinLOBHealth - -0.98937426534087 )**2;
MPRINT(EM_DIAGRAM):   end;
21358     +   CLUSvads [2] + ( T_IMP_PremiumsinLOBHealth - -0.30146037132124 )**2;
21359     +   CLUSvads [3] + ( T_IMP_PremiumsinLOBHealth - 0.74631647842302 )**2;
MPRINT(EM_DIAGRAM):   else _vqmvar + 1;
21360     +   CLUSvads [4] + ( T_IMP_PremiumsinLOBHealth - 0.62149284176421 )**2;
MPRINT(EM_DIAGRAM):   if not missing( T_IMP_PremiumsinLOBLife ) then do;
21361     +   CLUSvads [5] + ( T_IMP_PremiumsinLOBHealth - -0.0115832415579 )**2;
MPRINT(EM_DIAGRAM):   CLUSvads [1] + ( T_IMP_PremiumsinLOBLife - -0.6504765301098 )**2;
21362     +end;
MPRINT(EM_DIAGRAM):   CLUSvads [2] + ( T_IMP_PremiumsinLOBLife - -0.14547919467741 )**2;
21363     +else _vqmvar + 1;
MPRINT(EM_DIAGRAM):   CLUSvads [3] + ( T_IMP_PremiumsinLOBLife - -0.11610398959901 )**2;
MPRINT(EM_DIAGRAM):   CLUSvads [4] + ( T_IMP_PremiumsinLOBLife - 0.05168632307734 )**2;
21364     +if not missing( T_IMP_PremiumsinLOBLife ) then do;
MPRINT(EM_DIAGRAM):   CLUSvads [5] + ( T_IMP_PremiumsinLOBLife - 1.45312309884203 )**2;
21365     +   CLUSvads [1] + ( T_IMP_PremiumsinLOBLife - -0.6504765301098 )**2;
MPRINT(EM_DIAGRAM):   end;
21366     +   CLUSvads [2] + ( T_IMP_PremiumsinLOBLife - -0.14547919467741 )**2;
21367     +   CLUSvads [3] + ( T_IMP_PremiumsinLOBLife - -0.11610398959901 )**2;
MPRINT(EM_DIAGRAM):   else _vqmvar + 1;
21368     +   CLUSvads [4] + ( T_IMP_PremiumsinLOBLife - 0.05168632307734 )**2;
MPRINT(EM_DIAGRAM):   if not missing( T_IMP_PremiumsinLOBMotor ) then do;
21369     +   CLUSvads [5] + ( T_IMP_PremiumsinLOBLife - 1.45312309884203 )**2;
MPRINT(EM_DIAGRAM):   CLUSvads [1] + ( T_IMP_PremiumsinLOBMotor - 1.18671497909633 )**2;
21370     +end;
MPRINT(EM_DIAGRAM):   CLUSvads [2] + ( T_IMP_PremiumsinLOBMotor - 0.28040978116274 )**2;
21371     +else _vqmvar + 1;
MPRINT(EM_DIAGRAM):   CLUSvads [3] + ( T_IMP_PremiumsinLOBMotor - -0.297783823788 )**2;
MPRINT(EM_DIAGRAM):   CLUSvads [4] + ( T_IMP_PremiumsinLOBMotor - -0.39131642130038 )**2;
21372     +if not missing( T_IMP_PremiumsinLOBMotor ) then do;
MPRINT(EM_DIAGRAM):   CLUSvads [5] + ( T_IMP_PremiumsinLOBMotor - -1.38909537454878 )**2;
21373     +   CLUSvads [1] + ( T_IMP_PremiumsinLOBMotor - 1.18671497909633 )**2;
MPRINT(EM_DIAGRAM):   end;
21374     +   CLUSvads [2] + ( T_IMP_PremiumsinLOBMotor - 0.28040978116274 )**2;
21375     +   CLUSvads [3] + ( T_IMP_PremiumsinLOBMotor - -0.297783823788 )**2;
MPRINT(EM_DIAGRAM):   else _vqmvar + 1;
21376     +   CLUSvads [4] + ( T_IMP_PremiumsinLOBMotor - -0.39131642130038 )**2;
MPRINT(EM_DIAGRAM):   if not missing( T_IMP_PremiumsinLOBWorkComp ) then do;
21377     +   CLUSvads [5] + ( T_IMP_PremiumsinLOBMotor - -1.38909537454878 )**2;
MPRINT(EM_DIAGRAM):   CLUSvads [1] + ( T_IMP_PremiumsinLOBWorkComp - -0.67595844999924 )**2;
21378     +end;
MPRINT(EM_DIAGRAM):   CLUSvads [2] + ( T_IMP_PremiumsinLOBWorkComp - -0.0996449923526 )**2;
21379     +else _vqmvar + 1;
MPRINT(EM_DIAGRAM):   CLUSvads [3] + ( T_IMP_PremiumsinLOBWorkComp - -0.06631905428861 )**2;
MPRINT(EM_DIAGRAM):   CLUSvads [4] + ( T_IMP_PremiumsinLOBWorkComp - 0.03890616916594 )**2;
21380     +if not missing( T_IMP_PremiumsinLOBWorkComp ) then do;
MPRINT(EM_DIAGRAM):   CLUSvads [5] + ( T_IMP_PremiumsinLOBWorkComp - 1.3810679485595 )**2;
21381     +   CLUSvads [1] + ( T_IMP_PremiumsinLOBWorkComp - -0.67595844999924 )**2;
MPRINT(EM_DIAGRAM):   end;
21382     +   CLUSvads [2] + ( T_IMP_PremiumsinLOBWorkComp - -0.0996449923526 )**2;
21383     +   CLUSvads [3] + ( T_IMP_PremiumsinLOBWorkComp - -0.06631905428861 )**2;
MPRINT(EM_DIAGRAM):   else _vqmvar + 1;
21384     +   CLUSvads [4] + ( T_IMP_PremiumsinLOBWorkComp - 0.03890616916594 )**2;
MPRINT(EM_DIAGRAM):   if not missing( T_IMP_REP_CustomerAge ) then do;
21385     +   CLUSvads [5] + ( T_IMP_PremiumsinLOBWorkComp - 1.3810679485595 )**2;
MPRINT(EM_DIAGRAM):   CLUSvads [1] + ( T_IMP_REP_CustomerAge - -0.06851875007629 )**2;
21386     +end;
MPRINT(EM_DIAGRAM):   CLUSvads [2] + ( T_IMP_REP_CustomerAge - 0.49618952052836 )**2;
21387     +else _vqmvar + 1;
MPRINT(EM_DIAGRAM):   CLUSvads [3] + ( T_IMP_REP_CustomerAge - -0.8883455537645 )**2;
MPRINT(EM_DIAGRAM):   CLUSvads [4] + ( T_IMP_REP_CustomerAge - 1.22020510578764 )**2;
21388     +if not missing( T_IMP_REP_CustomerAge ) then do;
MPRINT(EM_DIAGRAM):   CLUSvads [5] + ( T_IMP_REP_CustomerAge - -1.2204539220054 )**2;
21389     +   CLUSvads [1] + ( T_IMP_REP_CustomerAge - -0.06851875007629 )**2;
MPRINT(EM_DIAGRAM):   end;
21390     +   CLUSvads [2] + ( T_IMP_REP_CustomerAge - 0.49618952052836 )**2;
21391     +   CLUSvads [3] + ( T_IMP_REP_CustomerAge - -0.8883455537645 )**2;
MPRINT(EM_DIAGRAM):   else _vqmvar + 1;
21392     +   CLUSvads [4] + ( T_IMP_REP_CustomerAge - 1.22020510578764 )**2;
MPRINT(EM_DIAGRAM):   if not missing( T_LOYALTY ) then do;
21393     +   CLUSvads [5] + ( T_IMP_REP_CustomerAge - -1.2204539220054 )**2;
MPRINT(EM_DIAGRAM):   CLUSvads [1] + ( T_LOYALTY - -0.00399748784547 )**2;
21394     +end;
MPRINT(EM_DIAGRAM):   CLUSvads [2] + ( T_LOYALTY - 0.06013229252938 )**2;
21395     +else _vqmvar + 1;
MPRINT(EM_DIAGRAM):   CLUSvads [3] + ( T_LOYALTY - 0.00358196302372 )**2;
MPRINT(EM_DIAGRAM):   CLUSvads [4] + ( T_LOYALTY - -0.04159681082494 )**2;
21396     +if not missing( T_LOYALTY ) then do;
MPRINT(EM_DIAGRAM):   CLUSvads [5] + ( T_LOYALTY - -0.01045838918556 )**2;
21397     +   CLUSvads [1] + ( T_LOYALTY - -0.00399748784547 )**2;
MPRINT(EM_DIAGRAM):   end;
21398     +   CLUSvads [2] + ( T_LOYALTY - 0.06013229252938 )**2;
21399     +   CLUSvads [3] + ( T_LOYALTY - 0.00358196302372 )**2;
MPRINT(EM_DIAGRAM):   else _vqmvar + 1;
21400     +   CLUSvads [4] + ( T_LOYALTY - -0.04159681082494 )**2;
MPRINT(EM_DIAGRAM):   if not missing( T_PremiumsinLOBHousehold ) then do;
21401     +   CLUSvads [5] + ( T_LOYALTY - -0.01045838918556 )**2;
MPRINT(EM_DIAGRAM):   CLUSvads [1] + ( T_PremiumsinLOBHousehold - -0.66943470087491 )**2;
21402     +end;
MPRINT(EM_DIAGRAM):   CLUSvads [2] + ( T_PremiumsinLOBHousehold - -0.10997729368533 )**2;
21403     +else _vqmvar + 1;
MPRINT(EM_DIAGRAM):   CLUSvads [3] + ( T_PremiumsinLOBHousehold - -0.14645023820969 )**2;
MPRINT(EM_DIAGRAM):   CLUSvads [4] + ( T_PremiumsinLOBHousehold - 0.06886472770849 )**2;
21404     +if not missing( T_PremiumsinLOBHousehold ) then do;
MPRINT(EM_DIAGRAM):   CLUSvads [5] + ( T_PremiumsinLOBHousehold - 1.45692322004126 )**2;
21405     +   CLUSvads [1] + ( T_PremiumsinLOBHousehold - -0.66943470087491 )**2;
MPRINT(EM_DIAGRAM):   end;
21406     +   CLUSvads [2] + ( T_PremiumsinLOBHousehold - -0.10997729368533 )**2;
21407     +   CLUSvads [3] + ( T_PremiumsinLOBHousehold - -0.14645023820969 )**2;
MPRINT(EM_DIAGRAM):   else _vqmvar + 1;
21408     +   CLUSvads [4] + ( T_PremiumsinLOBHousehold - 0.06886472770849 )**2;
MPRINT(EM_DIAGRAM):   if not missing( IMP_GeographicLiving1 ) then do;
21409     +   CLUSvads [5] + ( T_PremiumsinLOBHousehold - 1.45692322004126 )**2;
MPRINT(EM_DIAGRAM):   CLUSvads [1] + ( IMP_GeographicLiving1 - 0.00533743934282 )**2;
21410     +end;
MPRINT(EM_DIAGRAM):   CLUSvads [2] + ( IMP_GeographicLiving1 - -0.00662743924816 )**2;
21411     +else _vqmvar + 1;
MPRINT(EM_DIAGRAM):   CLUSvads [3] + ( IMP_GeographicLiving1 - 0.01191774589411 )**2;
MPRINT(EM_DIAGRAM):   CLUSvads [4] + ( IMP_GeographicLiving1 - -0.01407633433779 )**2;
21412     +if not missing( IMP_GeographicLiving1 ) then do;
MPRINT(EM_DIAGRAM):   CLUSvads [5] + ( IMP_GeographicLiving1 - 0.00460036954118 )**2;
21413     +   CLUSvads [1] + ( IMP_GeographicLiving1 - 0.00533743934282 )**2;
MPRINT(EM_DIAGRAM):   end;
21414     +   CLUSvads [2] + ( IMP_GeographicLiving1 - -0.00662743924816 )**2;
21415     +   CLUSvads [3] + ( IMP_GeographicLiving1 - 0.01191774589411 )**2;
MPRINT(EM_DIAGRAM):   else _vqmvar + 0.25;
21416     +   CLUSvads [4] + ( IMP_GeographicLiving1 - -0.01407633433779 )**2;
MPRINT(EM_DIAGRAM):   if not missing( IMP_GeographicLiving2 ) then do;
21417     +   CLUSvads [5] + ( IMP_GeographicLiving1 - 0.00460036954118 )**2;
MPRINT(EM_DIAGRAM):   CLUSvads [1] + ( IMP_GeographicLiving2 - 0.00257920831268 )**2;
21418     +end;
MPRINT(EM_DIAGRAM):   CLUSvads [2] + ( IMP_GeographicLiving2 - -0.00220531712311 )**2;
21419     +else _vqmvar + 0.25;
MPRINT(EM_DIAGRAM):   CLUSvads [3] + ( IMP_GeographicLiving2 - 0.00221732263377 )**2;
MPRINT(EM_DIAGRAM):   CLUSvads [4] + ( IMP_GeographicLiving2 - 0.00922365582927 )**2;
21420     +if not missing( IMP_GeographicLiving2 ) then do;
MPRINT(EM_DIAGRAM):   CLUSvads [5] + ( IMP_GeographicLiving2 - -0.02045464330127 )**2;
21421     +   CLUSvads [1] + ( IMP_GeographicLiving2 - 0.00257920831268 )**2;
MPRINT(EM_DIAGRAM):   end;
21422     +   CLUSvads [2] + ( IMP_GeographicLiving2 - -0.00220531712311 )**2;
21423     +   CLUSvads [3] + ( IMP_GeographicLiving2 - 0.00221732263377 )**2;
MPRINT(EM_DIAGRAM):   else _vqmvar + 0.25;
21424     +   CLUSvads [4] + ( IMP_GeographicLiving2 - 0.00922365582927 )**2;
MPRINT(EM_DIAGRAM):   if not missing( IMP_GeographicLiving3 ) then do;
21425     +   CLUSvads [5] + ( IMP_GeographicLiving2 - -0.02045464330127 )**2;
MPRINT(EM_DIAGRAM):   CLUSvads [1] + ( IMP_GeographicLiving3 - 0.00946425702682 )**2;
21426     +end;
MPRINT(EM_DIAGRAM):   CLUSvads [2] + ( IMP_GeographicLiving3 - 0.01571800583954 )**2;
21427     +else _vqmvar + 0.25;
MPRINT(EM_DIAGRAM):   CLUSvads [3] + ( IMP_GeographicLiving3 - -0.00824626078985 )**2;
MPRINT(EM_DIAGRAM):   CLUSvads [4] + ( IMP_GeographicLiving3 - -0.0174046081875 )**2;
21428     +if not missing( IMP_GeographicLiving3 ) then do;
MPRINT(EM_DIAGRAM):   CLUSvads [5] + ( IMP_GeographicLiving3 - 0.0035537752862 )**2;
21429     +   CLUSvads [1] + ( IMP_GeographicLiving3 - 0.00946425702682 )**2;
MPRINT(EM_DIAGRAM):   end;
21430     +   CLUSvads [2] + ( IMP_GeographicLiving3 - 0.01571800583954 )**2;
21431     +   CLUSvads [3] + ( IMP_GeographicLiving3 - -0.00824626078985 )**2;
MPRINT(EM_DIAGRAM):   else _vqmvar + 0.24999999999999;
21432     +   CLUSvads [4] + ( IMP_GeographicLiving3 - -0.0174046081875 )**2;
MPRINT(EM_DIAGRAM):   if not missing( IMP_GeographicLiving4 ) then do;
21433     +   CLUSvads [5] + ( IMP_GeographicLiving3 - 0.0035537752862 )**2;
MPRINT(EM_DIAGRAM):   CLUSvads [1] + ( IMP_GeographicLiving4 - -0.01427173010781 )**2;
21434     +end;
MPRINT(EM_DIAGRAM):   CLUSvads [2] + ( IMP_GeographicLiving4 - -0.00530007831406 )**2;
21435     +else _vqmvar + 0.24999999999999;
MPRINT(EM_DIAGRAM):   CLUSvads [3] + ( IMP_GeographicLiving4 - -0.00572492679267 )**2;
MPRINT(EM_DIAGRAM):   CLUSvads [4] + ( IMP_GeographicLiving4 - 0.02162793425467 )**2;
21436     +if not missing( IMP_GeographicLiving4 ) then do;
MPRINT(EM_DIAGRAM):   CLUSvads [5] + ( IMP_GeographicLiving4 - 0.00538928011798 )**2;
21437     +   CLUSvads [1] + ( IMP_GeographicLiving4 - -0.01427173010781 )**2;
MPRINT(EM_DIAGRAM):   end;
21438     +   CLUSvads [2] + ( IMP_GeographicLiving4 - -0.00530007831406 )**2;
21439     +   CLUSvads [3] + ( IMP_GeographicLiving4 - -0.00572492679267 )**2;
MPRINT(EM_DIAGRAM):   else _vqmvar + 0.24999999999999;
21440     +   CLUSvads [4] + ( IMP_GeographicLiving4 - 0.02162793425467 )**2;
MPRINT(EM_DIAGRAM):   if not missing( IMP_HasChildren0 ) then do;
21441     +   CLUSvads [5] + ( IMP_GeographicLiving4 - 0.00538928011798 )**2;
MPRINT(EM_DIAGRAM):   CLUSvads [1] + ( IMP_HasChildren0 - -0.33839474307837 )**2;
21442     +end;
MPRINT(EM_DIAGRAM):   CLUSvads [2] + ( IMP_HasChildren0 - -0.41906764021605 )**2;
21443     +else _vqmvar + 0.24999999999999;
MPRINT(EM_DIAGRAM):   CLUSvads [3] + ( IMP_HasChildren0 - -0.37541226073607 )**2;
MPRINT(EM_DIAGRAM):   CLUSvads [4] + ( IMP_HasChildren0 - 1.09251178412787 )**2;
21444     +if not missing( IMP_HasChildren0 ) then do;
MPRINT(EM_DIAGRAM):   CLUSvads [5] + ( IMP_HasChildren0 - -0.07335590956108 )**2;
21445     +   CLUSvads [1] + ( IMP_HasChildren0 - -0.33839474307837 )**2;
MPRINT(EM_DIAGRAM):   end;
21446     +   CLUSvads [2] + ( IMP_HasChildren0 - -0.41906764021605 )**2;
21447     +   CLUSvads [3] + ( IMP_HasChildren0 - -0.37541226073607 )**2;
MPRINT(EM_DIAGRAM):   else _vqmvar + 0.5;
21448     +   CLUSvads [4] + ( IMP_HasChildren0 - 1.09251178412787 )**2;
MPRINT(EM_DIAGRAM):   if not missing( IMP_HasChildren1 ) then do;
21449     +   CLUSvads [5] + ( IMP_HasChildren0 - -0.07335590956108 )**2;
MPRINT(EM_DIAGRAM):   CLUSvads [1] + ( IMP_HasChildren1 - 0.33839474307837 )**2;
21450     +end;
MPRINT(EM_DIAGRAM):   CLUSvads [2] + ( IMP_HasChildren1 - 0.41906764021605 )**2;
21451     +else _vqmvar + 0.5;
MPRINT(EM_DIAGRAM):   CLUSvads [3] + ( IMP_HasChildren1 - 0.37541226073607 )**2;
MPRINT(EM_DIAGRAM):   CLUSvads [4] + ( IMP_HasChildren1 - -1.09251178412787 )**2;
21452     +if not missing( IMP_HasChildren1 ) then do;
MPRINT(EM_DIAGRAM):   CLUSvads [5] + ( IMP_HasChildren1 - 0.07335590956108 )**2;
21453     +   CLUSvads [1] + ( IMP_HasChildren1 - 0.33839474307837 )**2;
MPRINT(EM_DIAGRAM):   end;
21454     +   CLUSvads [2] + ( IMP_HasChildren1 - 0.41906764021605 )**2;
21455     +   CLUSvads [3] + ( IMP_HasChildren1 - 0.37541226073607 )**2;
MPRINT(EM_DIAGRAM):   else _vqmvar + 0.5;
21456     +   CLUSvads [4] + ( IMP_HasChildren1 - -1.09251178412787 )**2;
MPRINT(EM_DIAGRAM):   if not missing( T_IMP_EducationalDegree ) then do;
21457     +   CLUSvads [5] + ( IMP_HasChildren1 - 0.07335590956108 )**2;
MPRINT(EM_DIAGRAM):   CLUSvads [1] + ( T_IMP_EducationalDegree - 0.60955992254884 )**2;
21458     +end;
MPRINT(EM_DIAGRAM):   CLUSvads [2] + ( T_IMP_EducationalDegree - -0.30142536882155 )**2;
21459     +else _vqmvar + 0.5;
MPRINT(EM_DIAGRAM):   CLUSvads [3] + ( T_IMP_EducationalDegree - 0.10411969671552 )**2;
MPRINT(EM_DIAGRAM):   CLUSvads [4] + ( T_IMP_EducationalDegree - 0.07347625651496 )**2;
21460     +if not missing( T_IMP_EducationalDegree ) then do;
MPRINT(EM_DIAGRAM):   CLUSvads [5] + ( T_IMP_EducationalDegree - -0.96417136939438 )**2;
21461     +   CLUSvads [1] + ( T_IMP_EducationalDegree - 0.60955992254884 )**2;
MPRINT(EM_DIAGRAM):   end;
21462     +   CLUSvads [2] + ( T_IMP_EducationalDegree - -0.30142536882155 )**2;
21463     +   CLUSvads [3] + ( T_IMP_EducationalDegree - 0.10411969671552 )**2;
MPRINT(EM_DIAGRAM):   else _vqmvar + 0.99999999999999;
21464     +   CLUSvads [4] + ( T_IMP_EducationalDegree - 0.07347625651496 )**2;
MPRINT(EM_DIAGRAM):   _vqnvar = 13 - _vqmvar;
21465     +   CLUSvads [5] + ( T_IMP_EducationalDegree - -0.96417136939438 )**2;
MPRINT(EM_DIAGRAM):   if _vqnvar <= 2.5124791136477E-11 then do;
21466     +end;
MPRINT(EM_DIAGRAM):   _SEGMENT_ = .;
MPRINT(EM_DIAGRAM):   Distance = .;
21467     +else _vqmvar + 0.99999999999999;
MPRINT(EM_DIAGRAM):   end;
21468     +_vqnvar = 13 - _vqmvar;
MPRINT(EM_DIAGRAM):   else do;
21469     +if _vqnvar <= 2.5124791136477E-11 then do;
MPRINT(EM_DIAGRAM):   _SEGMENT_ = 1;
MPRINT(EM_DIAGRAM):   Distance = CLUSvads [1];
21470     +   _SEGMENT_ = .; Distance = .;
MPRINT(EM_DIAGRAM):   _vqfzdst = Distance * 0.99999999999988;
MPRINT(EM_DIAGRAM):   drop _vqfzdst;
21471     +end;
MPRINT(EM_DIAGRAM):   do _vqclus = 2 to 5;
21472     +else do;
MPRINT(EM_DIAGRAM):   if CLUSvads [_vqclus] < _vqfzdst then do;
MPRINT(EM_DIAGRAM):   _SEGMENT_ = _vqclus;
MPRINT(EM_DIAGRAM):   Distance = CLUSvads [_vqclus];
21473     +   _SEGMENT_ = 1; Distance = CLUSvads [1];
MPRINT(EM_DIAGRAM):   _vqfzdst = Distance * 0.99999999999988;
21474     +   _vqfzdst = Distance * 0.99999999999988; drop _vqfzdst;
MPRINT(EM_DIAGRAM):   end;
21475     +   do _vqclus = 2 to 5;
MPRINT(EM_DIAGRAM):   end;
21476     +      if CLUSvads [_vqclus] < _vqfzdst then do;
MPRINT(EM_DIAGRAM):   Distance = sqrt(Distance * (13 / _vqnvar));
21477     +         _SEGMENT_ = _vqclus; Distance = CLUSvads [_vqclus];
MPRINT(EM_DIAGRAM):   end;
21478     +         _vqfzdst = Distance * 0.99999999999988;
21479     +      end;
MPRINT(EM_DIAGRAM):   CLUSvlex :;
21480     +   end;
21481     +   Distance = sqrt(Distance * (13 / _vqnvar));
MPRINT(EM_DIAGRAM):   ***************************************;
21482     +end;
MPRINT(EM_DIAGRAM):   *** End Scoring Code from PROC DMVQ ***;
21483     +CLUSvlex :;
MPRINT(EM_DIAGRAM):   ***************************************;
MPRINT(EM_DIAGRAM):   *------------------------------------------------------------*;
21484     +
MPRINT(EM_DIAGRAM):   * Clus: Creating Segment Label;
21485     +***************************************;
MPRINT(EM_DIAGRAM):   *------------------------------------------------------------*;
21486     +*** End Scoring Code from PROC DMVQ ***;
21487     +***************************************;
MPRINT(EM_DIAGRAM):   length _SEGMENT_LABEL_ $80;
21488     +*------------------------------------------------------------*;
21489     +* Clus: Creating Segment Label;
MPRINT(EM_DIAGRAM):   label _SEGMENT_LABEL_= 'Segment Description';
21490     +*------------------------------------------------------------*;
21491     +length _SEGMENT_LABEL_ $80;
MPRINT(EM_DIAGRAM):   if _SEGMENT_ = 1 then _SEGMENT_LABEL_="Cluster1";
21492     +label _SEGMENT_LABEL_='Segment Description';
MPRINT(EM_DIAGRAM):   else if _SEGMENT_ = 2 then _SEGMENT_LABEL_="Cluster2";
21493     +if _SEGMENT_ = 1 then _SEGMENT_LABEL_="Cluster1";
21494     +else
21495     +if _SEGMENT_ = 2 then _SEGMENT_LABEL_="Cluster2";
MPRINT(EM_DIAGRAM):   else if _SEGMENT_ = 3 then _SEGMENT_LABEL_="Cluster3";
21496     +else
21497     +if _SEGMENT_ = 3 then _SEGMENT_LABEL_="Cluster3";
MPRINT(EM_DIAGRAM):   else if _SEGMENT_ = 4 then _SEGMENT_LABEL_="Cluster4";
21498     +else
21499     +if _SEGMENT_ = 4 then _SEGMENT_LABEL_="Cluster4";
MPRINT(EM_DIAGRAM):   else if _SEGMENT_ = 5 then _SEGMENT_LABEL_="Cluster5";
21500     +else
21501     +if _SEGMENT_ = 5 then _SEGMENT_LABEL_="Cluster5";
NOTE: %INCLUDE (level 1) ending.
MPRINT(EM_DIAGRAM):   run;
21502      run;

NOTE: DATA STEP view saved on file EMWS1.CLUS_TRAIN.
NOTE: A stored DATA STEP view cannot run under a different operating system.
NOTE: View EMWS1.FILTER_TRAIN.VIEW used (Total process time):
      real time           0.14 seconds
      cpu time            0.10 seconds
      
NOTE: DATA statement used (Total process time):
      real time           0.15 seconds
      cpu time            0.12 seconds
      

MPRINT(EM_DIAGRAM):   quit;
21503      quit;
21504      filename emflow;
MPRINT(EM_DIAGRAM):   filename emflow;
NOTE: Fileref EMFLOW has been deassigned.
21505      *------------------------------------------------------------*;
MPRINT(EM_DIAGRAM):    *------------------------------------------------------------*;
21506      * Clus: Computing metadata for TRAIN data;
MPRINT(EM_DIAGRAM):   * Clus: Computing metadata for TRAIN data;
21507      *------------------------------------------------------------*;
MPRINT(EM_DIAGRAM):   *------------------------------------------------------------*;

NOTE: View EMWS1.CLUS_TRAIN.VIEW used (Total process time):
      real time           0.15 seconds
      cpu time            0.15 seconds
      
MPRINT(EM_DIAGRAM):    *------------------------------------------------------------*;
MPRINT(EM_DIAGRAM):   * &nodeid: Computing Metadata for TRAIN data;
MPRINT(EM_DIAGRAM):   *------------------------------------------------------------*;
MPRINT(EM_DIAGRAM):   filename _delta "C:\Users\D059331\Desktop\DM_Insurance_segmentation\insurance_segmentation\Workspaces\EMWS1\Clus\CDELTA_TRAIN.sas";
MPRINT(EMADVISECOLUMNS):   proc display c=sashelp.emmeta.advisecolumns.scl;
MPRINT(EMADVISECOLUMNS):   run;
MPRINT(EMADVISECOLUMNS):    options validvarname=any;
MPRINT(EMADVISECOLUMNS):   proc contents data=EMWS1.Clus_TRAIN out=_tempAdvisor noprint;
MPRINT(EMADVISECOLUMNS):   run;
MPRINT(EMADVISECOLUMNS):   options validvarname=V7;
MPRINT(EMADVISECOLUMNS):    data _null_;
MPRINT(EMADVISECOLUMNS):   dsid = open('EMWS1.Clus_TRAIN');
MPRINT(EMADVISECOLUMNS):   call symput('_dsidTable', strip(put(dsid, best.)));
MPRINT(EMADVISECOLUMNS):   if dsid then do;
MPRINT(EMADVISECOLUMNS):   call symput('_engineTable', attrc(dsid, 'ENGINE'));
MPRINT(EMADVISECOLUMNS):   dsid = close(dsid);
MPRINT(EMADVISECOLUMNS):   end;
MPRINT(EMADVISECOLUMNS):   run;
MPRINT(EMADVISECOLUMNS):    proc contents data=EMWS1.Clus_TRAIN out=WORK.M0UTOT0B noprint;
MPRINT(EMADVISECOLUMNS):   run;
MPRINT(EMADVISECOLUMNS):    data WORK.M0UTOT0B;
MPRINT(EMADVISECOLUMNS):   length NAME $ 64 TYPE $ 1 LABEL $ 200 FORMAT $ 20 INFORMAT $20 INDEX $ 1 INDEXTYPE $ 9;
MPRINT(EMADVISECOLUMNS):   label NAME =;
MPRINT(EMADVISECOLUMNS):   set WORK.M0UTOT0B(keep=name type length label format formatl formatd informat informl informd idxusage rename=(type=itype));
MPRINT(EMADVISECOLUMNS):   if itype = 1 then type = 'N';
MPRINT(EMADVISECOLUMNS):   else type = 'C';
MPRINT(EMADVISECOLUMNS):   if formatl > 0 then do;
MPRINT(EMADVISECOLUMNS):   if format ne ' ' then format = strip(format)!!strip(put(formatl, best12.))!!'.'!!strip(put(formatd, best12.));
MPRINT(EMADVISECOLUMNS):   else format = strip(put(formatl, best12.))!!'.'!!strip(put(formatd, best12.));
MPRINT(EMADVISECOLUMNS):   end;
MPRINT(EMADVISECOLUMNS):   else if format ne '' then format = strip(format)!!'.';
MPRINT(EMADVISECOLUMNS):   if informl > 0 then do;
MPRINT(EMADVISECOLUMNS):   if informat ne ' ' then informat = strip(informat)!!strip(put(informl, best12.))!!'.'!!strip(put(informd, best12.));
MPRINT(EMADVISECOLUMNS):   else informat = strip(put(informl, best12.))!!'.'!!strip(put(informd, best12.));
MPRINT(EMADVISECOLUMNS):   end;
MPRINT(EMADVISECOLUMNS):   else if informat ne '' then informat = strip(informat)!!'.';
MPRINT(EMADVISECOLUMNS):   if idxusage = 'NONE' then index ="N";
MPRINT(EMADVISECOLUMNS):   else index = "Y";
MPRINT(EMADVISECOLUMNS):   indextype = idxusage;
MPRINT(EMADVISECOLUMNS):   drop idxusage itype formatl formatd informl informd;
MPRINT(EMADVISECOLUMNS):   run;
MPRINT(EMADVISECOLUMNS):    data WORK.M0UTOT0B;
MPRINT(EMADVISECOLUMNS):   length UNAME $64;
MPRINT(EMADVISECOLUMNS):   set WORK.M0UTOT0B;
MPRINT(EMADVISECOLUMNS):   UNAME = upcase(NAME);
MPRINT(EMADVISECOLUMNS):   run;
MPRINT(EMADVISECOLUMNS):    proc sort data=WORK.M21RY9AC NOTHREADS;
MPRINT(EMADVISECOLUMNS):   by UNAME;
MPRINT(EMADVISECOLUMNS):   run;
MPRINT(EMADVISECOLUMNS):    data WORK.M21RY9AC;
MPRINT(EMADVISECOLUMNS):   drop UNAME;
MPRINT(EMADVISECOLUMNS):   set WORK.M21RY9AC;
MPRINT(EMADVISECOLUMNS):   run;
MPRINT(EMADVISECOLUMNS):    data WORK.M05JEP_5(keep=NAME ATTR);
MPRINT(EMADVISECOLUMNS):   length ATTR $ 20;
MPRINT(EMADVISECOLUMNS):   set WORK.M21RY9AC;
MPRINT(EMADVISECOLUMNS):   if level ne "INTERVAL" then do;
MPRINT(EMADVISECOLUMNS):   if order = ' ' then do;
MPRINT(EMADVISECOLUMNS):   attr = 'ORDER';
MPRINT(EMADVISECOLUMNS):   output;
MPRINT(EMADVISECOLUMNS):   end;
MPRINT(EMADVISECOLUMNS):   end;
MPRINT(EMADVISECOLUMNS):   if format ne ' ' and formattype = ' ' then do;
MPRINT(EMADVISECOLUMNS):   attr = 'FORMATTYPE';
MPRINT(EMADVISECOLUMNS):   output;
MPRINT(EMADVISECOLUMNS):   end;
MPRINT(EMADVISECOLUMNS):   if role = ' ' then do;
MPRINT(EMADVISECOLUMNS):   attr = 'ROLE';
MPRINT(EMADVISECOLUMNS):   output;
MPRINT(EMADVISECOLUMNS):   end;
MPRINT(EMADVISECOLUMNS):   if level = ' ' then do;
MPRINT(EMADVISECOLUMNS):   attr = 'LEVEL';
MPRINT(EMADVISECOLUMNS):   output;
MPRINT(EMADVISECOLUMNS):   end;
MPRINT(EMADVISECOLUMNS):   if type = ' ' then do;
MPRINT(EMADVISECOLUMNS):   attr = 'TYPE';
MPRINT(EMADVISECOLUMNS):   output;
MPRINT(EMADVISECOLUMNS):   end;
MPRINT(EMADVISECOLUMNS):   if index = ' ' then do;
MPRINT(EMADVISECOLUMNS):   attr = 'INDEX';
MPRINT(EMADVISECOLUMNS):   output;
MPRINT(EMADVISECOLUMNS):   end;
MPRINT(EMADVISECOLUMNS):   if report = ' ' then do;
MPRINT(EMADVISECOLUMNS):   attr = 'REPORT';
MPRINT(EMADVISECOLUMNS):   output;
MPRINT(EMADVISECOLUMNS):   end;
MPRINT(EMADVISECOLUMNS):   run;
MPRINT(EMADVISECOLUMNS):   proc sort NOTHREADS;
MPRINT(EMADVISECOLUMNS):   by attr;
MPRINT(EMADVISECOLUMNS):   run;
MPRINT(EMADVISECOLUMNS):    data WORK.M21RY9AC;
MPRINT(EMADVISECOLUMNS):   length NAME $64 ROLE $ 32 LEVEL $ 10 ORDER $ 8 CREATOR $32 FORMATTYPE $ 10 FAMILY $ 10 LOWERLIMIT 8 UPPERLIMIT 8 REPORT $1 DISTRIBUTION $ 20 COMMENT $64;
MPRINT(EMADVISECOLUMNS):   length levelAssigned 8 roleAssigned 8 PRICE 8;
MPRINT(EMADVISECOLUMNS):   set WORK.M21RY9AC;
MPRINT(EMADVISECOLUMNS):   if formattype = ' ' then do;
MPRINT(EMADVISECOLUMNS):   if format ne ' ' then do;
MPRINT(EMADVISECOLUMNS):   if type = 'N' then do;
MPRINT(EMADVISECOLUMNS):   pos = indexc(format,'.1234567890');
MPRINT(EMADVISECOLUMNS):   if pos > 1 then tempfmt = substr(format,1, pos-1);
MPRINT(EMADVISECOLUMNS):   else tempfmt = ' ';
MPRINT(EMADVISECOLUMNS):   flen = length(tempfmt);
MPRINT(EMADVISECOLUMNS):   select;
MPRINT(EMADVISECOLUMNS):   when(tempfmt in ("DATE" "DAY" "DDMMYY" "DOWNAME" "JULDAY" "JULIAN" "MMDDYY" "MMDDYYD" "MMDDYYC" "MMDDYYN" "MMDDYYP" "MMDDYYS" "MONNAME" "MONTH" "MONYY" "NENGO" "QTR" "QTRR" "WEEKDATE" "WEEKDATX" "WEEKDAY" "WORDDATE" "WORDDATX" 
"YEAR" "YYMMDD" "YYMON" "YYMMDDC" "YYMMDDD" "YYMMDDN" "YYMMDDP" "YYMMDDS" "EURDFDE" "NJDATE" "NLDATE" "EURDFDD" "EURDFDWN" "EURDFMN" "EURDFMY" "EURDFWK" "EURDFWKX" "EURDFWDX" "EURDFDN" "EURDFDE" )) formattype = 'DATE';
MPRINT(EMADVISECOLUMNS):   when(tempfmt in ("DATETIME" "EURDFDT" "TOD" )) formattype = "DATETIME";
MPRINT(EMADVISECOLUMNS):   when(tempfmt in ("HHMM" "HOUR" "MMSS" "TIME" "TIMEAMPM" )) formattype = "TIME";
MPRINT(EMADVISECOLUMNS):   when(tempfmt in ("COMMA" "COMMAX" "DOLLAR" "DOLLARX" "E" "FRACT" "NEGPAREN" "PERCENT")) formattype="QUANTITY";
MPRINT(EMADVISECOLUMNS):   when(tempfmt in ("BINARY" "HEX" "IB" "OCTAL" "PD" "PIB" "PK" "RB" "SSN" "Z" "ZD")) formattype = "CODING";
MPRINT(EMADVISECOLUMNS):   otherwise do;
MPRINT(EMADVISECOLUMNS):   formattype = "USER";
MPRINT(EMADVISECOLUMNS):   if substr(tempfmt, 1, 6)='NLDATE' then formattype = "DATE";
MPRINT(EMADVISECOLUMNS):   else if substr(tempfmt, 1, 6)='NLDATM' then formattype = "DATETIME";
MPRINT(EMADVISECOLUMNS):   else if substr(tempfmt, 1, 4)='NLTIM' then formattype = "TIME";
MPRINT(EMADVISECOLUMNS):   else if flen >= 4 then do;
MPRINT(EMADVISECOLUMNS):   str = substr(tempfmt,1,4);
MPRINT(EMADVISECOLUMNS):   if str in ("MMYY" "YYMM" "YYQR") then formattype ="DATE";
MPRINT(EMADVISECOLUMNS):   else if str = "S370" then formattype = "CODING";
MPRINT(EMADVISECOLUMNS):   else if str = "BEST" then formattype = "NUM";
MPRINT(EMADVISECOLUMNS):   drop str;
MPRINT(EMADVISECOLUMNS):   end;
MPRINT(EMADVISECOLUMNS):   else if flen >=3 and substr(tempfmt,1,3) = "YYQ" then formatType = "DATE";
MPRINT(EMADVISECOLUMNS):   end;
MPRINT(EMADVISECOLUMNS):   end;
MPRINT(EMADVISECOLUMNS):   drop flen tempfmt pos;
MPRINT(EMADVISECOLUMNS):   end;
MPRINT(EMADVISECOLUMNS):   else do;
MPRINT(EMADVISECOLUMNS):   formatType = "CATEGORY";
MPRINT(EMADVISECOLUMNS):   end;
MPRINT(EMADVISECOLUMNS):   end;
MPRINT(EMADVISECOLUMNS):   if formatType = "NUM" then do;
MPRINT(EMADVISECOLUMNS):   if index = "Y" then formatType = "DISCRETE";
MPRINT(EMADVISECOLUMNS):   else formatType = "QUANTITY";
MPRINT(EMADVISECOLUMNS):   end;
MPRINT(EMADVISECOLUMNS):   end;
MPRINT(EMADVISECOLUMNS):   if level = ' ' then do;
MPRINT(EMADVISECOLUMNS):   if formatType in ("CATEGORY", "CODING", "ID") or type = "C" then level = "NOMINAL";
MPRINT(EMADVISECOLUMNS):   else level = "INTERVAL";
MPRINT(EMADVISECOLUMNS):   levelAssigned = 1;
MPRINT(EMADVISECOLUMNS):   end;
MPRINT(EMADVISECOLUMNS):   else level = upcase(level);
MPRINT(EMADVISECOLUMNS):   if role = ' ' then do;
MPRINT(EMADVISECOLUMNS):   length name_prefix $8 _uname $64;
MPRINT(EMADVISECOLUMNS):   drop name_prefix _uname _freqflag;
MPRINT(EMADVISECOLUMNS):   retain _freqflag;
MPRINT(EMADVISECOLUMNS):   if LENGTH> 80 then ROLE = 'TEXT';
MPRINT(EMADVISECOLUMNS):   _uname = upcase(NAME);
MPRINT(EMADVISECOLUMNS):   select(_uname);
MPRINT(EMADVISECOLUMNS):   when('_WARN_') ROLE = 'ASSESS';
MPRINT(EMADVISECOLUMNS):   when('EM_SEGMENT') do;
MPRINT(EMADVISECOLUMNS):   ROLE = 'SEGMENT';
MPRINT(EMADVISECOLUMNS):   LEVEL = 'NOMINAL';
MPRINT(EMADVISECOLUMNS):   end;
MPRINT(EMADVISECOLUMNS):   when('_NODE_') do;
MPRINT(EMADVISECOLUMNS):   ROLE = 'SEGMENT';
MPRINT(EMADVISECOLUMNS):   LEVEL = 'NOMINAL';
MPRINT(EMADVISECOLUMNS):   end;
MPRINT(EMADVISECOLUMNS):   when('EM_CLASSTARGET') ROLE = 'ASSESS';
MPRINT(EMADVISECOLUMNS):   when('EM_VALUETARGET') ROLE = 'ASSESS';
MPRINT(EMADVISECOLUMNS):   when('EM_PREDICTION') ROLE = 'PREDICT';
MPRINT(EMADVISECOLUMNS):   when('EM_PROBABILITY') ROLE = 'PREDICT';
MPRINT(EMADVISECOLUMNS):   when('EM_EVENTPROBABILITY') ROLE = 'PREDICT';
MPRINT(EMADVISECOLUMNS):   when('EM_CLASSIFICATION') ROLE = 'CLASSIFICATION';
MPRINT(EMADVISECOLUMNS):   when('EM_DECISION') ROLE = 'DECISION';
MPRINT(EMADVISECOLUMNS):   when('EM_PROFIT') ROLE = 'ASSESS';
MPRINT(EMADVISECOLUMNS):   when('EM_LOSS') ROLE = 'ASSESS';
MPRINT(EMADVISECOLUMNS):   when('EM_ROI') ROLE = 'ASSESS';
MPRINT(EMADVISECOLUMNS):   when('URI') ROLE = 'URL';
MPRINT(EMADVISECOLUMNS):   when('FILTERED') ROLE = 'TEXTLOC';
MPRINT(EMADVISECOLUMNS):   otherwise do;
MPRINT(EMADVISECOLUMNS):   if upcase(NAME) =: 'ZIP' then do;
MPRINT(EMADVISECOLUMNS):   ROLE = 'REJECTED';
MPRINT(EMADVISECOLUMNS):   LEVEL = 'NOMINAL';
MPRINT(EMADVISECOLUMNS):   COMMENT = 'Rejected by: Exceed the maximum class level of %s';
MPRINT(EMADVISECOLUMNS):   end;
MPRINT(EMADVISECOLUMNS):   else if upcase(NAME) in('FREQ', 'FREQUENCY') then do;
MPRINT(EMADVISECOLUMNS):   ROLE = 'FREQ';
MPRINT(EMADVISECOLUMNS):   if TYPE = 'C' then ROLE = 'INPUT';
MPRINT(EMADVISECOLUMNS):   else if _freqflag =1 then ROLE='REJECTED';
MPRINT(EMADVISECOLUMNS):   end;
MPRINT(EMADVISECOLUMNS):   else do;
MPRINT(EMADVISECOLUMNS):   name_prefix = scan(_uname, 1, '_');
MPRINT(EMADVISECOLUMNS):   if scan(_uname, 2, '_') = '' then name_prefix='';
MPRINT(EMADVISECOLUMNS):   if name_prefix in('F', 'I', 'U') then do;
MPRINT(EMADVISECOLUMNS):   ROLE = 'CLASSIFICATION';
MPRINT(EMADVISECOLUMNS):   LEVEL = 'NOMINAL';
MPRINT(EMADVISECOLUMNS):   end;
MPRINT(EMADVISECOLUMNS):   else if name_prefix in('P', 'V') then ROLE = 'PREDICT';
MPRINT(EMADVISECOLUMNS):   else if name_prefix in('R', 'RS', 'RT', 'RD', 'RDS', 'RDT', 'RA', 'RAS', 'RAT') then ROLE = 'RESIDUAL';
MPRINT(EMADVISECOLUMNS):   else if name_prefix ='D' then do;
MPRINT(EMADVISECOLUMNS):   ROLE = 'DECISION';
MPRINT(EMADVISECOLUMNS):   LEVEL = 'NOMINAL';
MPRINT(EMADVISECOLUMNS):   end;
MPRINT(EMADVISECOLUMNS):   else if name_prefix ='B' then do;
MPRINT(EMADVISECOLUMNS):   ROLE = 'SEGMENT';
MPRINT(EMADVISECOLUMNS):   LEVEL = 'NOMINAL';
MPRINT(EMADVISECOLUMNS):   end;
MPRINT(EMADVISECOLUMNS):   else if name_prefix in('EP', 'BP', 'CP', 'EL', 'CL', 'BL', 'W', 'ROI', 'IC') then ROLE = 'ASSESS';
MPRINT(EMADVISECOLUMNS):   else do;
MPRINT(EMADVISECOLUMNS):   array _ROLE_ (19) $32 _TEMPORARY_ ('ASSESS','CLASSIFICATION','CENSOR', 'COST', 'CROSSID', 'DECISION', 'ID','INPUT', 'LABEL', 'MISSING','PREDICT','REFERRER','REJECTED', 'RESIDUAL','SEGMENT', 'SEQUENCE','TARGET', 'TEXT', 'TIMEID');
MPRINT(EMADVISECOLUMNS):   drop _found_ i;
MPRINT(EMADVISECOLUMNS):   _found_=0;
MPRINT(EMADVISECOLUMNS):   do i=1 to 19 until(_found_=1);
MPRINT(EMADVISECOLUMNS):   if index(_uname, trim(_ROLE_{i}))=1 then do;
MPRINT(EMADVISECOLUMNS):   ROLE=_ROLE_{i};
MPRINT(EMADVISECOLUMNS):   if ROLE = 'ID' then LEVEL = 'NOMINAL';
MPRINT(EMADVISECOLUMNS):   else if ROLE = 'SEGMENT' then LEVEL = 'NOMINAL';
MPRINT(EMADVISECOLUMNS):   else if ROLE = 'TIMEID' and TYPE='N' then LEVEL = 'INTERVAL';
MPRINT(EMADVISECOLUMNS):   _found_=1;
MPRINT(EMADVISECOLUMNS):   end;
MPRINT(EMADVISECOLUMNS):   end;
MPRINT(EMADVISECOLUMNS):   if length(_uname)>2 then do;
MPRINT(EMADVISECOLUMNS):   if substr(reverse(trim(_uname)), 1, 3) = 'DI_' then do;
MPRINT(EMADVISECOLUMNS):   ROLE = 'ID';
MPRINT(EMADVISECOLUMNS):   LEVEL = 'NOMINAL';
MPRINT(EMADVISECOLUMNS):   end;
MPRINT(EMADVISECOLUMNS):   end;
MPRINT(EMADVISECOLUMNS):   end;
MPRINT(EMADVISECOLUMNS):   end;
MPRINT(EMADVISECOLUMNS):   end;
MPRINT(EMADVISECOLUMNS):   end;
MPRINT(EMADVISECOLUMNS):   if ROLE='FREQ' then _freqflag=1;
MPRINT(EMADVISECOLUMNS):   else if ROLE = 'CLASSIFICATION' then LEVEL = 'NOMINAL';
MPRINT(EMADVISECOLUMNS):   end;
MPRINT(EMADVISECOLUMNS):   if role = ' ' then do;
MPRINT(EMADVISECOLUMNS):   if formattype in('DATE', 'DATETIME', 'TIME') then role = 'TIMEID';
MPRINT(EMADVISECOLUMNS):   else role = 'INPUT';
MPRINT(EMADVISECOLUMNS):   roleAssigned = 1;
MPRINT(EMADVISECOLUMNS):   end;
MPRINT(EMADVISECOLUMNS):   else role = upcase(role);
MPRINT(EMADVISECOLUMNS):   if REPORT = '' then REPORT = 'N';
MPRINT(EMADVISECOLUMNS):   run;
MPRINT(EMADVISECOLUMNS):    data WORK.M21RY9AC;
MPRINT(EMADVISECOLUMNS):   set WORK.M21RY9AC;
MPRINT(EMADVISECOLUMNS):   label NAME = "Variable Name" TYPE = "Type" ROLE = "Role" LEVEL= "Measurement Level" ORDER= "Order" CREATOR= "Creator" FORMATTYPE= "Format Type" FAMILY= "Family" DISTRIBUTION= "Distribution" PRICE= "Price" LOWERLIMIT= "Lower 
limit" UPPERLIMIT= "Upper Limit" REPORT= "Report" COMMENT= "Comment" INDEX= "Index" INDEXTYPE= "IndexType" LABEL= "Label" LENGTH= "Length";
MPRINT(EMADVISECOLUMNS):   drop levelAssigned roleAssigned;
MPRINT(EMADVISECOLUMNS):   run;
MPRINT(EMADVISECOLUMNS):   
MPRINT(EM_DIAGRAM):  ;
MPRINT(EM_DIAGRAM):   proc sort data=WORK.COLUMNMETA;
MPRINT(EM_DIAGRAM):   by NAME;
MPRINT(EM_DIAGRAM):   run;
MPRINT(EM_DIAGRAM):   *------------------------------------------------------------*;
MPRINT(EM_DIAGRAM):   * &nodeid: Merge incoming metadata;
MPRINT(EM_DIAGRAM):   *------------------------------------------------------------*;
MPRINT(EM_DIAGRAM):   proc contents data=EMWS1.Filter_TRAIN noprint out=_temp2(keep=NAME);
MPRINT(EM_DIAGRAM):   run;
MPRINT(EM_DIAGRAM):   proc sort data=_temp2;
MPRINT(EM_DIAGRAM):   by NAME;
MPRINT(EM_DIAGRAM):   run;
MPRINT(EM_DIAGRAM):   proc sort data=EMWS1.Filter_CMeta_TRAIN out=_temp;
MPRINT(EM_DIAGRAM):   by NAME;
MPRINT(EM_DIAGRAM):   run;
MPRINT(EM_DIAGRAM):   data EMWS1.Clus_CMeta_TRAIN;
MPRINT(EM_DIAGRAM):   merge WORK.COLUMNMETA(in=_a) _temp2(in=_b) _temp(drop=FORMAT INFORMAT LENGTH INDEX INDEXTYPE in=_c) end=_eof_;
MPRINT(EM_DIAGRAM):   by NAME;
MPRINT(EM_DIAGRAM):   if (^_a and _b) or (^_c and _a and _b) then delete;
MPRINT(EM_DIAGRAM):   if ^_b then CREATOR = "Clus";
MPRINT(EM_DIAGRAM):   *------------------------------------------------------------*;
MPRINT(EM_DIAGRAM):   * Clus: Apply Delta Code;
MPRINT(EM_DIAGRAM):   *------------------------------------------------------------*;
MPRINT(EM_DIAGRAM):   retain _segFlag_ 0;
MPRINT(EM_DIAGRAM):   drop _segFlag_;
MPRINT(EM_DIAGRAM):   if upcase(name) = '_SEGMENT_' then do;
MPRINT(EM_DIAGRAM):   _segFlag_ = 1;
MPRINT(EM_DIAGRAM):   role = 'SEGMENT';
MPRINT(EM_DIAGRAM):   level = 'NOMINAL';
MPRINT(EM_DIAGRAM):   label = 'Segment Variable';
MPRINT(EM_DIAGRAM):   end;
MPRINT(EM_DIAGRAM):   else if upcase(name) = '_SEGMENT_LABEL_' then do;
MPRINT(EM_DIAGRAM):   role = 'REJECTED';
MPRINT(EM_DIAGRAM):   level = 'NOMINAL';
MPRINT(EM_DIAGRAM):   label = 'Segment Description';
MPRINT(EM_DIAGRAM):   end;
MPRINT(EM_DIAGRAM):   else if upcase(NAME) = 'DISTANCE' then do;
MPRINT(EM_DIAGRAM):   role = 'REJECTED';
MPRINT(EM_DIAGRAM):   level = 'INTERVAL';
MPRINT(EM_DIAGRAM):   end;
MPRINT(EM_DIAGRAM):   else if upcase(NAME) = '_IMPUTE_' then do;
MPRINT(EM_DIAGRAM):   role = 'REJECTED';
MPRINT(EM_DIAGRAM):   level = 'INTERVAL';
MPRINT(EM_DIAGRAM):   end;
MPRINT(EM_DIAGRAM):   output;
MPRINT(EM_DIAGRAM):   if ^_segFlag_ and _eof_ then do;
MPRINT(EM_DIAGRAM):   type = 'N';
MPRINT(EM_DIAGRAM):   index = 'N';
MPRINT(EM_DIAGRAM):   indexType = 'NONE';
MPRINT(EM_DIAGRAM):   format = '';
MPRINT(EM_DIAGRAM):   informat = '';
MPRINT(EM_DIAGRAM):   name = '_SEGMENT_';
MPRINT(EM_DIAGRAM):   role = 'SEGMENT';
MPRINT(EM_DIAGRAM):   level = 'NOMINAL';
MPRINT(EM_DIAGRAM):   label = 'Segment Variable';
MPRINT(EM_DIAGRAM):   output;
MPRINT(EM_DIAGRAM):   name = '_SEGMENT_LABEL_';
MPRINT(EM_DIAGRAM):   role = 'REJECTED';
MPRINT(EM_DIAGRAM):   level = 'NOMINAL';
MPRINT(EM_DIAGRAM):   label = 'Segment Description';
MPRINT(EM_DIAGRAM):   output;
MPRINT(EM_DIAGRAM):   name = 'Distance';
MPRINT(EM_DIAGRAM):   role = 'REJECTED';
MPRINT(EM_DIAGRAM):   level = 'INTERVAL';
MPRINT(EM_DIAGRAM):   label = 'Distance to Cluster Seed';
MPRINT(EM_DIAGRAM):   output;
MPRINT(EM_DIAGRAM):   name = '_Impute_';
MPRINT(EM_DIAGRAM):   role = 'REJECTED';
MPRINT(EM_DIAGRAM):   level = 'INTERVAL';
MPRINT(EM_DIAGRAM):   label = '';
MPRINT(EM_DIAGRAM):   output;
MPRINT(EM_DIAGRAM):   end;
MPRINT(EM_DIAGRAM):   run;
MPRINT(EM_DIAGRAM):   filename _delta;
NOTE: View EMWS1.CLUS_TRAIN.VIEW used (Total process time):
      real time           0.13 seconds
      cpu time            0.14 seconds
      
MPRINT(EM_DIAGRAM):    proc printto;
MPRINT(EM_DIAGRAM):   run;
